[0;34m[09:58:54][0m ==========================================
[0;34m[09:58:54][0m Crypto Library FPR Measurement
[0;34m[09:58:54][0m ==========================================
[0;34m[09:58:54][0m Iterations: 10
[0;34m[09:58:54][0m Output: results/fpr_local_10iter_20260205_095854.csv
[0;34m[09:58:54][0m 
[0;34m[09:58:54][0m Initialized output file: results/fpr_local_10iter_20260205_095854.csv
[0;34m[09:58:54][0m 
[0;34m[09:58:54][0m ========================================
[0;34m[09:58:54][0m RUST ECOSYSTEM
[0;34m[09:58:54][0m ========================================
[0;34m[09:58:54][0m Running Rust test: RustCrypto / AES-128 Encrypt
[0;34m[09:58:54][0m   Iteration 1/10...
[0;32m[09:59:01][0m     → PASS
[0;34m[09:59:01][0m   Iteration 2/10...
[0;32m[09:59:03][0m     → PASS
[0;34m[09:59:03][0m   Iteration 3/10...
[0;32m[09:59:05][0m     → PASS
[0;34m[09:59:05][0m   Iteration 4/10...
[0;32m[09:59:07][0m     → PASS
[0;34m[09:59:07][0m   Iteration 5/10...
[0;32m[09:59:08][0m     → PASS
[0;34m[09:59:08][0m   Iteration 6/10...
[0;32m[09:59:10][0m     → PASS
[0;34m[09:59:10][0m   Iteration 7/10...
[0;32m[09:59:11][0m     → PASS
[0;34m[09:59:11][0m   Iteration 8/10...
[0;32m[09:59:13][0m     → PASS
[0;34m[09:59:13][0m   Iteration 9/10...
[0;32m[09:59:14][0m     → PASS
[0;34m[09:59:14][0m   Iteration 10/10...
[0;32m[09:59:16][0m     → PASS
[0;34m[09:59:16][0m Running Rust test: RustCrypto / SHA3-256 Hash
[0;34m[09:59:16][0m   Iteration 1/10...
[1;33m[09:59:23][0m     → UNKNOWN
[0;34m[09:59:23][0m   Iteration 2/10...
[1;33m[09:59:25][0m     → UNKNOWN
[0;34m[09:59:25][0m   Iteration 3/10...
[1;33m[09:59:26][0m     → UNKNOWN
[0;34m[09:59:26][0m   Iteration 4/10...
[1;33m[09:59:26][0m     → UNKNOWN
[0;34m[09:59:26][0m   Iteration 5/10...
[1;33m[09:59:26][0m     → UNKNOWN
[0;34m[09:59:26][0m   Iteration 6/10...
[1;33m[09:59:26][0m     → UNKNOWN
[0;34m[09:59:26][0m   Iteration 7/10...
