[0;34m[10:05:07][0m ==========================================
[0;34m[10:05:07][0m Crypto Library FPR Measurement
[0;34m[10:05:07][0m ==========================================
[0;34m[10:05:07][0m Iterations: 10
[0;34m[10:05:07][0m Output: results/fpr_local_10iter_20260205_100505.csv
[0;34m[10:05:07][0m 
[0;34m[10:05:07][0m Initialized output file: results/fpr_local_10iter_20260205_100505.csv
[0;34m[10:05:07][0m 
[0;34m[10:05:07][0m ========================================
[0;34m[10:05:07][0m RUST ECOSYSTEM
[0;34m[10:05:07][0m ========================================
[0;34m[10:05:07][0m Running Rust test: RustCrypto / AES-128 Encrypt
[0;34m[10:05:07][0m   Iteration 1/10...
[1;33m[10:05:44][0m     → UNKNOWN
[0;34m[10:05:44][0m   Iteration 2/10...
[1;33m[10:05:46][0m     → UNKNOWN
[0;34m[10:05:46][0m   Iteration 3/10...
[1;33m[10:05:47][0m     → UNKNOWN
[0;34m[10:05:47][0m   Iteration 4/10...
[1;33m[10:05:48][0m     → UNKNOWN
[0;34m[10:05:48][0m   Iteration 5/10...
[1;33m[10:05:48][0m     → UNKNOWN
[0;34m[10:05:48][0m   Iteration 6/10...
[1;33m[10:05:49][0m     → UNKNOWN
[0;34m[10:05:49][0m   Iteration 7/10...
[1;33m[10:05:49][0m     → UNKNOWN
[0;34m[10:05:49][0m   Iteration 8/10...
[1;33m[10:05:50][0m     → UNKNOWN
[0;34m[10:05:50][0m   Iteration 9/10...
[1;33m[10:05:50][0m     → UNKNOWN
[0;34m[10:05:50][0m   Iteration 10/10...
[1;33m[10:05:50][0m     → UNKNOWN
[0;34m[10:05:50][0m Running Rust test: RustCrypto / SHA3-256 Hash
[0;34m[10:05:50][0m   Iteration 1/10...
[1;33m[10:05:51][0m     → UNKNOWN
[0;34m[10:05:51][0m   Iteration 2/10...
[1;33m[10:05:51][0m     → UNKNOWN
[0;34m[10:05:51][0m   Iteration 3/10...
[1;33m[10:05:52][0m     → UNKNOWN
[0;34m[10:05:52][0m   Iteration 4/10...
[1;33m[10:05:52][0m     → UNKNOWN
[0;34m[10:05:52][0m   Iteration 5/10...
[1;33m[10:05:52][0m     → UNKNOWN
[0;34m[10:05:52][0m   Iteration 6/10...
[1;33m[10:05:53][0m     → UNKNOWN
[0;34m[10:05:53][0m   Iteration 7/10...
[1;33m[10:05:53][0m     → UNKNOWN
[0;34m[10:05:53][0m   Iteration 8/10...
[1;33m[10:05:53][0m     → UNKNOWN
[0;34m[10:05:53][0m   Iteration 9/10...
[1;33m[10:05:54][0m     → UNKNOWN
[0;34m[10:05:54][0m   Iteration 10/10...
[1;33m[10:05:54][0m     → UNKNOWN
[0;34m[10:05:54][0m Running Rust test: RustCrypto / BLAKE2b Hash
[0;34m[10:05:54][0m   Iteration 1/10...
[1;33m[10:05:55][0m     → UNKNOWN
[0;34m[10:05:55][0m   Iteration 2/10...
[1;33m[10:05:55][0m     → UNKNOWN
[0;34m[10:05:55][0m   Iteration 3/10...
[1;33m[10:05:55][0m     → UNKNOWN
[0;34m[10:05:55][0m   Iteration 4/10...
[1;33m[10:05:56][0m     → UNKNOWN
[0;34m[10:05:56][0m   Iteration 5/10...
[1;33m[10:05:56][0m     → UNKNOWN
[0;34m[10:05:56][0m   Iteration 6/10...
[1;33m[10:05:56][0m     → UNKNOWN
[0;34m[10:05:56][0m   Iteration 7/10...
[1;33m[10:05:57][0m     → UNKNOWN
[0;34m[10:05:57][0m   Iteration 8/10...
[1;33m[10:05:57][0m     → UNKNOWN
[0;34m[10:05:57][0m   Iteration 9/10...
[1;33m[10:05:57][0m     → UNKNOWN
[0;34m[10:05:57][0m   Iteration 10/10...
[1;33m[10:05:58][0m     → UNKNOWN
[0;34m[10:05:58][0m Running Rust test: RustCrypto / ChaCha20-Poly1305
[0;34m[10:05:58][0m   Iteration 1/10...
[1;33m[10:05:58][0m     → UNKNOWN
[0;34m[10:05:58][0m   Iteration 2/10...
[1;33m[10:05:59][0m     → UNKNOWN
[0;34m[10:05:59][0m   Iteration 3/10...
[1;33m[10:05:59][0m     → UNKNOWN
[0;34m[10:05:59][0m   Iteration 4/10...
[1;33m[10:05:59][0m     → UNKNOWN
[0;34m[10:05:59][0m   Iteration 5/10...
[1;33m[10:06:00][0m     → UNKNOWN
[0;34m[10:06:00][0m   Iteration 6/10...
[1;33m[10:06:00][0m     → UNKNOWN
[0;34m[10:06:00][0m   Iteration 7/10...
[1;33m[10:06:00][0m     → UNKNOWN
[0;34m[10:06:00][0m   Iteration 8/10...
[1;33m[10:06:01][0m     → UNKNOWN
[0;34m[10:06:01][0m   Iteration 9/10...
[1;33m[10:06:01][0m     → UNKNOWN
[0;34m[10:06:01][0m   Iteration 10/10...
[1;33m[10:06:02][0m     → UNKNOWN
[0;34m[10:06:02][0m Running Rust test: RustCrypto / RSA-2048 Sign
[0;34m[10:06:02][0m   Iteration 1/10...
[1;33m[10:06:02][0m     → UNKNOWN
[0;34m[10:06:02][0m   Iteration 2/10...
[1;33m[10:06:02][0m     → UNKNOWN
[0;34m[10:06:02][0m   Iteration 3/10...
[1;33m[10:06:03][0m     → UNKNOWN
[0;34m[10:06:03][0m   Iteration 4/10...
[1;33m[10:06:03][0m     → UNKNOWN
[0;34m[10:06:03][0m   Iteration 5/10...
[1;33m[10:06:04][0m     → UNKNOWN
[0;34m[10:06:04][0m   Iteration 6/10...
[1;33m[10:06:04][0m     → UNKNOWN
[0;34m[10:06:04][0m   Iteration 7/10...
[1;33m[10:06:04][0m     → UNKNOWN
[0;34m[10:06:04][0m   Iteration 8/10...
[1;33m[10:06:05][0m     → UNKNOWN
[0;34m[10:06:05][0m   Iteration 9/10...
[1;33m[10:06:05][0m     → UNKNOWN
[0;34m[10:06:05][0m   Iteration 10/10...
[1;33m[10:06:05][0m     → UNKNOWN
[0;34m[10:06:05][0m Running Rust test: ring / AES-256-GCM Encrypt
[0;34m[10:06:05][0m   Iteration 1/10...
[1;33m[10:06:06][0m     → UNKNOWN
[0;34m[10:06:06][0m   Iteration 2/10...
[1;33m[10:06:06][0m     → UNKNOWN
[0;34m[10:06:06][0m   Iteration 3/10...
[1;33m[10:06:07][0m     → UNKNOWN
[0;34m[10:06:07][0m   Iteration 4/10...
[1;33m[10:06:07][0m     → UNKNOWN
[0;34m[10:06:07][0m   Iteration 5/10...
[1;33m[10:06:07][0m     → UNKNOWN
[0;34m[10:06:07][0m   Iteration 6/10...
[1;33m[10:06:08][0m     → UNKNOWN
[0;34m[10:06:08][0m   Iteration 7/10...
[1;33m[10:06:08][0m     → UNKNOWN
[0;34m[10:06:08][0m   Iteration 8/10...
[1;33m[10:06:09][0m     → UNKNOWN
[0;34m[10:06:09][0m   Iteration 9/10...
[1;33m[10:06:09][0m     → UNKNOWN
[0;34m[10:06:09][0m   Iteration 10/10...
[1;33m[10:06:09][0m     → UNKNOWN
[0;34m[10:06:09][0m Running Rust test: ring / AES-256-GCM Decrypt
[0;34m[10:06:09][0m   Iteration 1/10...
[1;33m[10:06:10][0m     → UNKNOWN
[0;34m[10:06:10][0m   Iteration 2/10...
[1;33m[10:06:10][0m     → UNKNOWN
[0;34m[10:06:10][0m   Iteration 3/10...
[1;33m[10:06:11][0m     → UNKNOWN
[0;34m[10:06:11][0m   Iteration 4/10...
[1;33m[10:06:11][0m     → UNKNOWN
[0;34m[10:06:11][0m   Iteration 5/10...
[1;33m[10:07:22][0m     → UNKNOWN
[0;34m[10:07:22][0m   Iteration 6/10...
[1;33m[10:08:21][0m     → UNKNOWN
[0;34m[10:08:21][0m   Iteration 7/10...
