[0;34m[11:14:06][0m ==========================================
[0;34m[11:14:06][0m Crypto Library FPR Measurement
[0;34m[11:14:06][0m ==========================================
[0;34m[11:14:06][0m Iterations: 10
[0;34m[11:14:06][0m Output: results/fpr_local_10iter_20260205_111406.csv
[0;34m[11:14:06][0m 
[0;34m[11:14:06][0m Initialized output file: results/fpr_local_10iter_20260205_111406.csv
[0;34m[11:14:06][0m 
[0;34m[11:14:06][0m ========================================
[0;34m[11:14:06][0m RUST ECOSYSTEM
[0;34m[11:14:06][0m ========================================
[0;34m[11:14:06][0m Running Rust test: RustCrypto / AES-128 Encrypt
[0;34m[11:14:06][0m   Iteration 1/10...
[0;32m[11:15:08][0m     → PASS
[0;34m[11:15:08][0m   Iteration 2/10...
[0;32m[11:15:20][0m     → PASS
[0;34m[11:15:20][0m   Iteration 3/10...
[0;32m[11:15:22][0m     → PASS
[0;34m[11:15:22][0m   Iteration 4/10...
[0;32m[11:16:51][0m     → PASS
[0;34m[11:16:51][0m   Iteration 5/10...
[0;32m[11:16:52][0m     → PASS
[0;34m[11:16:52][0m   Iteration 6/10...
[0;32m[11:16:54][0m     → PASS
[0;34m[11:16:54][0m   Iteration 7/10...
[0;32m[11:17:28][0m     → PASS
[0;34m[11:17:28][0m   Iteration 8/10...
[0;32m[11:17:30][0m     → PASS
[0;34m[11:17:30][0m   Iteration 9/10...
[0;32m[11:20:16][0m     → PASS
[0;34m[11:20:16][0m   Iteration 10/10...
[0;32m[11:20:17][0m     → PASS
[0;34m[11:20:17][0m Running Rust test: RustCrypto / SHA3-256 Hash
[0;34m[11:20:17][0m   Iteration 1/10...
[0;32m[11:20:19][0m     → PASS
[0;34m[11:20:19][0m   Iteration 2/10...
[0;32m[11:20:20][0m     → PASS
[0;34m[11:20:20][0m   Iteration 3/10...
[0;32m[11:20:21][0m     → PASS
[0;34m[11:20:21][0m   Iteration 4/10...
[0;32m[11:20:22][0m     → PASS
[0;34m[11:20:22][0m   Iteration 5/10...
[0;32m[11:20:23][0m     → PASS
[0;34m[11:20:23][0m   Iteration 6/10...
[0;32m[11:20:23][0m     → PASS
[0;34m[11:20:23][0m   Iteration 7/10...
[1;33m[11:20:25][0m     → UNKNOWN
[0;34m[11:20:25][0m   Iteration 8/10...
[1;33m[11:20:38][0m     → UNKNOWN
[0;34m[11:20:38][0m   Iteration 9/10...
[1;33m[11:20:38][0m     → UNKNOWN
[0;34m[11:20:38][0m   Iteration 10/10...
[1;33m[11:20:38][0m     → UNKNOWN
[0;34m[11:20:38][0m Running Rust test: RustCrypto / BLAKE2b Hash
[0;34m[11:20:38][0m   Iteration 1/10...
[1;33m[11:20:39][0m     → UNKNOWN
[0;34m[11:20:39][0m   Iteration 2/10...
[1;33m[11:20:39][0m     → UNKNOWN
[0;34m[11:20:39][0m   Iteration 3/10...
[1;33m[11:20:39][0m     → UNKNOWN
[0;34m[11:20:39][0m   Iteration 4/10...
[1;33m[11:20:40][0m     → UNKNOWN
[0;34m[11:20:40][0m   Iteration 5/10...
[1;33m[11:20:40][0m     → UNKNOWN
[0;34m[11:20:40][0m   Iteration 6/10...
[1;33m[11:20:41][0m     → UNKNOWN
[0;34m[11:20:41][0m   Iteration 7/10...
