[0;34m[11:25:12][0m ==========================================
[0;34m[11:25:12][0m Crypto Library FPR Measurement
[0;34m[11:25:12][0m ==========================================
[0;34m[11:25:12][0m Iterations: 10
[0;34m[11:25:12][0m Output: results/fpr_local_10iter_20260205_112512.csv
[0;34m[11:25:12][0m 
[0;34m[11:25:12][0m Initialized output file: results/fpr_local_10iter_20260205_112512.csv
[0;34m[11:25:12][0m 
[0;34m[11:25:12][0m ========================================
[0;34m[11:25:12][0m RUST ECOSYSTEM
[0;34m[11:25:12][0m ========================================
[0;34m[11:25:12][0m Running Rust test: RustCrypto / AES-128 Encrypt
[0;34m[11:25:12][0m   Iteration 1/10...
[0;32m[11:25:15][0m     → PASS
[0;34m[11:25:15][0m   Iteration 2/10...
[0;32m[11:25:17][0m     → PASS
[0;34m[11:25:17][0m   Iteration 3/10...
[0;32m[11:25:25][0m     → PASS
[0;34m[11:25:25][0m   Iteration 4/10...
[0;32m[11:25:28][0m     → PASS
[0;34m[11:25:28][0m   Iteration 5/10...
[0;32m[11:25:30][0m     → PASS
[0;34m[11:25:30][0m   Iteration 6/10...
[1;33m[11:25:31][0m     → UNKNOWN
[0;34m[11:25:31][0m   Iteration 7/10...
[1;33m[11:25:32][0m     → UNKNOWN
[0;34m[11:25:32][0m   Iteration 8/10...
[1;33m[11:25:32][0m     → UNKNOWN
[0;34m[11:25:32][0m   Iteration 9/10...
[0;32m[11:25:38][0m     → PASS
[0;34m[11:25:38][0m   Iteration 10/10...
[1;33m[11:25:39][0m     → UNKNOWN
[0;34m[11:25:39][0m Running Rust test: RustCrypto / SHA3-256 Hash
[0;34m[11:25:39][0m   Iteration 1/10...
