=== Clean FPR Run ===
Binary: /home/agucova/tacet/target/release/deps/crypto-1cbd739333f48da7
CPU pinning: cores 32-63
Scheduler: SCHED_FIFO priority 50
Timer: rdtsc (0.4ns resolution)

=== System State ===
 01:00:14  up   3:08,  0 users,  load average: 1,36, 3,13, 18,02
perf_event_paranoid: 1

Running 67 tests x 10 iterations = 670 trials

[1/67] C/C++ / libressl / c_libraries::libressl::libressl_aes_256_gcm_encrypt_constant_time
  iter 1/10: PASS (P=0.0%, 0s) [1/670]
  iter 2/10: PASS (P=0.0%, 0s) [2/670]
  iter 3/10: PASS (P=0.0%, 1s) [3/670]
  iter 4/10: PASS (P=0.0%, 0s) [4/670]
  iter 5/10: PASS (P=0.0%, 0s) [5/670]
  iter 6/10: PASS (P=0.0%, 0s) [6/670]
  iter 7/10: PASS (P=0.0%, 0s) [7/670]
  iter 8/10: PASS (P=0.0%, 1s) [8/670]
  iter 9/10: PASS (P=0.0%, 0s) [9/670]
  iter 10/10: PASS (P=0.0%, 0s) [10/670]
[2/67] C/C++ / libressl / c_libraries::libressl::libressl_ecdsa_p256_sign_constant_time
  iter 1/10: INCONCLUSIVE (P=0.0%, 4s) [11/670]
  iter 2/10: INCONCLUSIVE (P=0.0%, 5s) [12/670]
  iter 3/10: INCONCLUSIVE (P=0.0%, 4s) [13/670]
  iter 4/10: INCONCLUSIVE (P=0.0%, 5s) [14/670]
  iter 5/10: INCONCLUSIVE (P=0.0%, 4s) [15/670]
  iter 6/10: INCONCLUSIVE (P=0.0%, 5s) [16/670]
  iter 7/10: INCONCLUSIVE (P=0.0%, 4s) [17/670]
  iter 8/10: INCONCLUSIVE (P=0.0%, 5s) [18/670]
  iter 9/10: INCONCLUSIVE (P=0.0%, 4s) [19/670]
  iter 10/10: INCONCLUSIVE (P=0.0%, 4s) [20/670]
[3/67] C/C++ / libressl / c_libraries::libressl::libressl_ecdsa_p256_verify_constant_time
  iter 1/10: INCONCLUSIVE (P=0.0%, 4s) [21/670]
  iter 2/10: *** FAIL *** (P=0.0%, 18s) [22/670]
  iter 3/10: INCONCLUSIVE (P=0.0%, 4s) [23/670]
  iter 4/10: INCONCLUSIVE (P=0.0%, 18s) [24/670]
  iter 5/10: INCONCLUSIVE (P=0.0%, 4s) [25/670]
  iter 6/10: INCONCLUSIVE (P=0.0%, 3s) [26/670]
  iter 7/10: INCONCLUSIVE (P=0.0%, 4s) [27/670]
  iter 8/10: *** FAIL *** (P=0.0%, 17s) [28/670]
  iter 9/10: INCONCLUSIVE (P=0.0%, 33s) [29/670]
  iter 10/10: *** FAIL *** (P=0.0%, 11s) [30/670]
[4/67] C/C++ / libressl / c_libraries::libressl::libressl_rsa_2048_oaep_decrypt_constant_time
  iter 1/10: INCONCLUSIVE (P=0.0%, 3s) [31/670]
  iter 2/10: INCONCLUSIVE (P=0.0%, 4s) [32/670]
  iter 3/10: INCONCLUSIVE (P=0.0%, 4s) [33/670]
  iter 4/10: INCONCLUSIVE (P=0.0%, 4s) [34/670]
  iter 5/10: INCONCLUSIVE (P=0.0%, 4s) [35/670]
  iter 6/10: INCONCLUSIVE (P=0.0%, 4s) [36/670]
  iter 7/10: INCONCLUSIVE (P=0.0%, 4s) [37/670]
  iter 8/10: INCONCLUSIVE (P=0.0%, 3s) [38/670]
  iter 9/10: INCONCLUSIVE (P=0.0%, 4s) [39/670]
  iter 10/10: INCONCLUSIVE (P=0.0%, 4s) [40/670]
[5/67] C/C++ / libressl / c_libraries::libressl::libressl_rsa_2048_pkcs1v15_decrypt_constant_time
  iter 1/10: INCONCLUSIVE (P=0.0%, 4s) [41/670]
  iter 2/10: INCONCLUSIVE (P=0.0%, 4s) [42/670]
  iter 3/10: INCONCLUSIVE (P=0.0%, 4s) [43/670]
  iter 4/10: INCONCLUSIVE (P=0.0%, 4s) [44/670]
  iter 5/10: INCONCLUSIVE (P=0.0%, 3s) [45/670]
  iter 6/10: INCONCLUSIVE (P=0.0%, 4s) [46/670]
  iter 7/10: INCONCLUSIVE (P=0.0%, 4s) [47/670]
  iter 8/10: INCONCLUSIVE (P=0.0%, 4s) [48/670]
  iter 9/10: INCONCLUSIVE (P=0.0%, 4s) [49/670]
  iter 10/10: INCONCLUSIVE (P=0.0%, 4s) [50/670]
[6/67] C/C++ / libsodium / c_libraries::libsodium::libsodium_crypto_box_decrypt_constant_time
  iter 1/10: PASS (P=0.0%, 0s) [51/670]
  iter 2/10: PASS (P=0.0%, 1s) [52/670]
  iter 3/10: PASS (P=0.0%, 1s) [53/670]
  iter 4/10: PASS (P=1.0%, 0s) [54/670]
  iter 5/10: PASS (P=0.0%, 1s) [55/670]
  iter 6/10: PASS (P=0.0%, 0s) [56/670]
  iter 7/10: PASS (P=0.0%, 1s) [57/670]
  iter 8/10: PASS (P=0.1%, 0s) [58/670]
  iter 9/10: PASS (P=0.7%, 1s) [59/670]
  iter 10/10: PASS (P=0.1%, 1s) [60/670]
[7/67] C/C++ / libsodium / c_libraries::libsodium::libsodium_crypto_box_encrypt_constant_time
  iter 1/10: PASS (P=0.8%, 0s) [61/670]
  iter 2/10: PASS (P=0.1%, 1s) [62/670]
  iter 3/10: PASS (P=0.0%, 0s) [63/670]
  iter 4/10: PASS (P=0.0%, 1s) [64/670]
  iter 5/10: PASS (P=0.0%, 0s) [65/670]
  iter 6/10: PASS (P=0.4%, 1s) [66/670]
  iter 7/10: PASS (P=0.1%, 1s) [67/670]
  iter 8/10: PASS (P=0.1%, 0s) [68/670]
  iter 9/10: PASS (P=0.0%, 1s) [69/670]
  iter 10/10: PASS (P=1.1%, 0s) [70/670]
[8/67] C/C++ / libsodium / c_libraries::libsodium::libsodium_crypto_secretbox_decrypt_constant_time
  iter 1/10: PASS (P=0.0%, 0s) [71/670]
  iter 2/10: PASS (P=0.0%, 1s) [72/670]
  iter 3/10: PASS (P=0.0%, 0s) [73/670]
  iter 4/10: PASS (P=0.0%, 0s) [74/670]
  iter 5/10: PASS (P=0.0%, 0s) [75/670]
  iter 6/10: PASS (P=0.0%, 0s) [76/670]
  iter 7/10: PASS (P=0.0%, 1s) [77/670]
  iter 8/10: PASS (P=0.0%, 0s) [78/670]
  iter 9/10: PASS (P=0.0%, 0s) [79/670]
  iter 10/10: PASS (P=0.0%, 0s) [80/670]
[9/67] C/C++ / libsodium / c_libraries::libsodium::libsodium_crypto_secretbox_encrypt_constant_time
  iter 1/10: PASS (P=0.0%, 0s) [81/670]
  iter 2/10: PASS (P=0.0%, 1s) [82/670]
  iter 3/10: PASS (P=0.0%, 0s) [83/670]
  iter 4/10: PASS (P=0.0%, 0s) [84/670]
  iter 5/10: PASS (P=0.0%, 0s) [85/670]
  iter 6/10: PASS (P=0.0%, 0s) [86/670]
  iter 7/10: PASS (P=0.0%, 0s) [87/670]
  iter 8/10: PASS (P=0.0%, 1s) [88/670]
  iter 9/10: PASS (P=0.0%, 0s) [89/670]
  iter 10/10: PASS (P=0.0%, 0s) [90/670]
[10/67] C/C++ / libsodium / c_libraries::libsodium::libsodium_ed25519_sign_constant_time
  iter 1/10: PASS (P=0.0%, 0s) [91/670]
  iter 2/10: PASS (P=0.0%, 1s) [92/670]
  iter 3/10: PASS (P=0.8%, 0s) [93/670]
  iter 4/10: PASS (P=0.0%, 0s) [94/670]
  iter 5/10: PASS (P=0.0%, 1s) [95/670]
  iter 6/10: PASS (P=0.8%, 0s) [96/670]
  iter 7/10: PASS (P=0.0%, 0s) [97/670]
  iter 8/10: PASS (P=0.0%, 1s) [98/670]
  iter 9/10: PASS (P=0.0%, 0s) [99/670]
  iter 10/10: PASS (P=0.0%, 0s) [100/670]
[11/67] C/C++ / libsodium / c_libraries::libsodium::libsodium_ed25519_verify_constant_time
  iter 1/10: PASS (P=2.4%, 1s) [101/670]
  iter 2/10: PASS (P=0.1%, 1s) [102/670]
  iter 3/10: PASS (P=0.4%, 1s) [103/670]
  iter 4/10: PASS (P=1.1%, 0s) [104/670]
  iter 5/10: PASS (P=0.2%, 1s) [105/670]
  iter 6/10: PASS (P=0.1%, 1s) [106/670]
  iter 7/10: PASS (P=0.5%, 0s) [107/670]
  iter 8/10: PASS (P=4.4%, 1s) [108/670]
  iter 9/10: PASS (P=0.1%, 1s) [109/670]
  iter 10/10: PASS (P=0.1%, 1s) [110/670]
[12/67] C/C++ / libsodium / c_libraries::libsodium::libsodium_x25519_scalar_mult_constant_time
  iter 1/10: PASS (P=0.0%, 0s) [111/670]
  iter 2/10: PASS (P=0.0%, 1s) [112/670]
  iter 3/10: PASS (P=0.6%, 0s) [113/670]
  iter 4/10: PASS (P=0.0%, 1s) [114/670]
  iter 5/10: PASS (P=0.1%, 0s) [115/670]
  iter 6/10: PASS (P=0.0%, 1s) [116/670]
  iter 7/10: PASS (P=0.0%, 0s) [117/670]
  iter 8/10: PASS (P=0.0%, 1s) [118/670]
  iter 9/10: PASS (P=0.0%, 1s) [119/670]
  iter 10/10: PASS (P=0.0%, 0s) [120/670]
[13/67] Rust / dalek / dalek::x25519::x25519_byte_pattern_independence
  iter 1/10: PASS (P=0.0%, 1s) [121/670]
  iter 2/10: PASS (P=1.1%, 0s) [122/670]
  iter 3/10: PASS (P=0.8%, 1s) [123/670]
  iter 4/10: PASS (P=0.0%, 1s) [124/670]
  iter 5/10: PASS (P=0.0%, 0s) [125/670]
  iter 6/10: PASS (P=1.1%, 1s) [126/670]
  iter 7/10: PASS (P=0.0%, 1s) [127/670]
  iter 8/10: PASS (P=0.0%, 0s) [128/670]
  iter 9/10: PASS (P=0.9%, 1s) [129/670]
  iter 10/10: PASS (P=0.0%, 1s) [130/670]
[14/67] Rust / dalek / dalek::x25519::x25519_different_basepoints_constant_time
  iter 1/10: PASS (P=0.1%, 0s) [131/670]
  iter 2/10: PASS (P=0.6%, 1s) [132/670]
  iter 3/10: PASS (P=0.1%, 1s) [133/670]
  iter 4/10: PASS (P=0.8%, 0s) [134/670]
  iter 5/10: PASS (P=0.0%, 1s) [135/670]
  iter 6/10: PASS (P=0.1%, 1s) [136/670]
  iter 7/10: PASS (P=1.2%, 0s) [137/670]
  iter 8/10: PASS (P=0.0%, 1s) [138/670]
  iter 9/10: PASS (P=0.2%, 1s) [139/670]
  iter 10/10: PASS (P=0.8%, 0s) [140/670]
[15/67] Rust / dalek / dalek::x25519::x25519_ecdh_exchange_constant_time
  iter 1/10: PASS (P=0.0%, 1s) [141/670]
  iter 2/10: PASS (P=0.0%, 0s) [142/670]
  iter 3/10: PASS (P=0.9%, 1s) [143/670]
  iter 4/10: PASS (P=0.1%, 1s) [144/670]
  iter 5/10: PASS (P=0.0%, 0s) [145/670]
  iter 6/10: PASS (P=1.3%, 1s) [146/670]
  iter 7/10: PASS (P=0.0%, 1s) [147/670]
  iter 8/10: PASS (P=0.0%, 0s) [148/670]
  iter 9/10: PASS (P=1.1%, 1s) [149/670]
  iter 10/10: PASS (P=0.3%, 1s) [150/670]
[16/67] Rust / dalek / dalek::x25519::x25519_hamming_weight_independence
  iter 1/10: PASS (P=0.1%, 0s) [151/670]
  iter 2/10: PASS (P=0.0%, 1s) [152/670]
  iter 3/10: PASS (P=0.1%, 1s) [153/670]
  iter 4/10: PASS (P=0.0%, 0s) [154/670]
  iter 5/10: PASS (P=0.0%, 1s) [155/670]
  iter 6/10: PASS (P=0.1%, 1s) [156/670]
  iter 7/10: PASS (P=0.5%, 0s) [157/670]
  iter 8/10: PASS (P=0.0%, 1s) [158/670]
  iter 9/10: PASS (P=0.0%, 0s) [159/670]
  iter 10/10: PASS (P=0.1%, 0s) [160/670]
[17/67] Rust / dalek / dalek::x25519::x25519_multiple_operations_constant_time
  iter 1/10: PASS (P=0.4%, 2s) [161/670]
  iter 2/10: PASS (P=0.1%, 1s) [162/670]
  iter 3/10: PASS (P=1.0%, 2s) [163/670]
  iter 4/10: PASS (P=3.3%, 1s) [164/670]
  iter 5/10: PASS (P=2.9%, 2s) [165/670]
  iter 6/10: PASS (P=1.1%, 2s) [166/670]
  iter 7/10: PASS (P=0.0%, 1s) [167/670]
  iter 8/10: PASS (P=6.6%, 2s) [168/670]
  iter 9/10: INCONCLUSIVE (P=0.0%, 1s) [169/670]
  iter 10/10: PASS (P=1.4%, 2s) [170/670]
[18/67] Rust / dalek / dalek::x25519::x25519_scalar_clamping_constant_time
  iter 1/10: PASS (P=0.0%, 1s) [171/670]
  iter 2/10: PASS (P=0.6%, 0s) [172/670]
  iter 3/10: PASS (P=1.6%, 1s) [173/670]
  iter 4/10: PASS (P=0.0%, 1s) [174/670]
  iter 5/10: PASS (P=0.8%, 0s) [175/670]
  iter 6/10: PASS (P=0.4%, 1s) [176/670]
  iter 7/10: PASS (P=0.0%, 1s) [177/670]
  iter 8/10: PASS (P=1.1%, 0s) [178/670]
  iter 9/10: PASS (P=0.1%, 1s) [179/670]
  iter 10/10: PASS (P=0.1%, 1s) [180/670]
[19/67] Rust / dalek / dalek::x25519::x25519_scalar_mult_constant_time
  iter 1/10: PASS (P=0.9%, 0s) [181/670]
  iter 2/10: PASS (P=0.0%, 1s) [182/670]
  iter 3/10: PASS (P=0.0%, 0s) [183/670]
  iter 4/10: PASS (P=1.4%, 1s) [184/670]
  iter 5/10: PASS (P=0.1%, 1s) [185/670]
  iter 6/10: PASS (P=0.1%, 0s) [186/670]
  iter 7/10: PASS (P=0.1%, 1s) [187/670]
  iter 8/10: PASS (P=0.0%, 1s) [188/670]
  iter 9/10: PASS (P=0.0%, 0s) [189/670]
  iter 10/10: PASS (P=0.0%, 1s) [190/670]
[20/67] Rust / pqcrypto / pqcrypto::dilithium::pqcrypto_dilithium3_keypair_ct
  iter 1/10: INCONCLUSIVE (P=0.0%, 1s) [191/670]
  iter 2/10: INCONCLUSIVE (P=0.0%, 0s) [192/670]
  iter 3/10: INCONCLUSIVE (P=0.0%, 1s) [193/670]
  iter 4/10: INCONCLUSIVE (P=0.0%, 0s) [194/670]
  iter 5/10: INCONCLUSIVE (P=0.0%, 1s) [195/670]
  iter 6/10: INCONCLUSIVE (P=0.0%, 0s) [196/670]
  iter 7/10: INCONCLUSIVE (P=0.0%, 1s) [197/670]
  iter 8/10: INCONCLUSIVE (P=0.0%, 1s) [198/670]
  iter 9/10: INCONCLUSIVE (P=0.0%, 0s) [199/670]
  iter 10/10: INCONCLUSIVE (P=0.0%, 1s) [200/670]
[21/67] Rust / pqcrypto / pqcrypto::dilithium::pqcrypto_dilithium3_message_hamming
  iter 1/10: UNKNOWN (P=100.0%, 1s) [201/670]
  iter 2/10: INCONCLUSIVE (P=0.0%, 1s) [202/670]
  iter 3/10: INCONCLUSIVE (P=0.0%, 1s) [203/670]
  iter 4/10: UNKNOWN (P=100.0%, 1s) [204/670]
  iter 5/10: INCONCLUSIVE (P=0.0%, 1s) [205/670]
  iter 6/10: INCONCLUSIVE (P=0.0%, 1s) [206/670]
  iter 7/10: UNKNOWN (P=100.0%, 1s) [207/670]
  iter 8/10: INCONCLUSIVE (P=0.0%, 1s) [208/670]
  iter 9/10: UNKNOWN (P=100.0%, 1s) [209/670]
  iter 10/10: INCONCLUSIVE (P=0.0%, 1s) [210/670]
[22/67] Rust / pqcrypto / pqcrypto::dilithium::pqcrypto_dilithium3_sign_ct
  iter 1/10: INCONCLUSIVE (P=0.0%, 1s) [211/670]
  iter 2/10: INCONCLUSIVE (P=0.0%, 1s) [212/670]
  iter 3/10: INCONCLUSIVE (P=0.0%, 1s) [213/670]
  iter 4/10: INCONCLUSIVE (P=0.0%, 1s) [214/670]
  iter 5/10: INCONCLUSIVE (P=0.0%, 2s) [215/670]
  iter 6/10: INCONCLUSIVE (P=0.0%, 1s) [216/670]
  iter 7/10: INCONCLUSIVE (P=0.0%, 0s) [217/670]
  iter 8/10: INCONCLUSIVE (P=0.0%, 1s) [218/670]
  iter 9/10: INCONCLUSIVE (P=0.0%, 1s) [219/670]
  iter 10/10: INCONCLUSIVE (P=0.0%, 2s) [220/670]
[23/67] Rust / pqcrypto / pqcrypto::falcon::pqcrypto_falcon512_sign_ct
  iter 1/10: INCONCLUSIVE (P=0.0%, 2s) [221/670]
  iter 2/10: INCONCLUSIVE (P=0.0%, 2s) [222/670]
  iter 3/10: INCONCLUSIVE (P=0.0%, 2s) [223/670]
  iter 4/10: INCONCLUSIVE (P=0.0%, 3s) [224/670]
  iter 5/10: INCONCLUSIVE (P=0.0%, 2s) [225/670]
  iter 6/10: INCONCLUSIVE (P=0.0%, 2s) [226/670]
  iter 7/10: INCONCLUSIVE (P=0.0%, 2s) [227/670]
  iter 8/10: INCONCLUSIVE (P=0.0%, 2s) [228/670]
  iter 9/10: INCONCLUSIVE (P=0.0%, 2s) [229/670]
  iter 10/10: INCONCLUSIVE (P=0.0%, 2s) [230/670]
[24/67] Rust / pqcrypto / pqcrypto::falcon::pqcrypto_falcon512_verify_ct
  iter 1/10: UNKNOWN (P=100.0%, 1s) [231/670]
  iter 2/10: UNKNOWN (P=100.0%, 1s) [232/670]
  iter 3/10: UNKNOWN (P=100.0%, 1s) [233/670]
  iter 4/10: UNKNOWN (P=100.0%, 1s) [234/670]
  iter 5/10: UNKNOWN (P=100.0%, 1s) [235/670]
  iter 6/10: UNKNOWN (P=100.0%, 1s) [236/670]
  iter 7/10: UNKNOWN (P=100.0%, 1s) [237/670]
  iter 8/10: UNKNOWN (P=100.0%, 1s) [238/670]
  iter 9/10: UNKNOWN (P=100.0%, 1s) [239/670]
  iter 10/10: UNKNOWN (P=100.0%, 1s) [240/670]
[25/67] Rust / pqcrypto / pqcrypto::kyber::pqcrypto_kyber768_ciphertext_independence
  iter 1/10: INCONCLUSIVE (P=0.0%, 1s) [241/670]
  iter 2/10: INCONCLUSIVE (P=0.0%, 0s) [242/670]
  iter 3/10: INCONCLUSIVE (P=0.0%, 1s) [243/670]
  iter 4/10: INCONCLUSIVE (P=0.0%, 0s) [244/670]
  iter 5/10: INCONCLUSIVE (P=0.0%, 1s) [245/670]
  iter 6/10: INCONCLUSIVE (P=0.0%, 0s) [246/670]
  iter 7/10: INCONCLUSIVE (P=0.0%, 1s) [247/670]
  iter 8/10: INCONCLUSIVE (P=0.0%, 0s) [248/670]
  iter 9/10: INCONCLUSIVE (P=0.0%, 1s) [249/670]
  iter 10/10: INCONCLUSIVE (P=0.0%, 0s) [250/670]
[26/67] Rust / pqcrypto / pqcrypto::kyber::pqcrypto_kyber768_decapsulate_ct
  iter 1/10: INCONCLUSIVE (P=0.0%, 0s) [251/670]
  iter 2/10: INCONCLUSIVE (P=0.0%, 1s) [252/670]
  iter 3/10: INCONCLUSIVE (P=0.0%, 0s) [253/670]
  iter 4/10: INCONCLUSIVE (P=0.0%, 1s) [254/670]
  iter 5/10: INCONCLUSIVE (P=0.0%, 0s) [255/670]
  iter 6/10: INCONCLUSIVE (P=0.0%, 0s) [256/670]
  iter 7/10: INCONCLUSIVE (P=0.0%, 1s) [257/670]
  iter 8/10: INCONCLUSIVE (P=0.0%, 0s) [258/670]
  iter 9/10: INCONCLUSIVE (P=0.0%, 1s) [259/670]
  iter 10/10: INCONCLUSIVE (P=0.0%, 0s) [260/670]
[27/67] Rust / pqcrypto / pqcrypto::kyber::pqcrypto_kyber768_encapsulate_ct
  iter 1/10: INCONCLUSIVE (P=0.0%, 1s) [261/670]
  iter 2/10: INCONCLUSIVE (P=0.0%, 0s) [262/670]
  iter 3/10: INCONCLUSIVE (P=0.0%, 1s) [263/670]
  iter 4/10: INCONCLUSIVE (P=0.0%, 0s) [264/670]
  iter 5/10: INCONCLUSIVE (P=0.0%, 1s) [265/670]
  iter 6/10: INCONCLUSIVE (P=0.0%, 0s) [266/670]
  iter 7/10: INCONCLUSIVE (P=0.0%, 1s) [267/670]
  iter 8/10: INCONCLUSIVE (P=0.0%, 0s) [268/670]
  iter 9/10: INCONCLUSIVE (P=0.0%, 1s) [269/670]
  iter 10/10: INCONCLUSIVE (P=0.0%, 0s) [270/670]
[28/67] Rust / pqcrypto / pqcrypto::kyber::pqcrypto_kyber768_keypair_ct
  iter 1/10: INCONCLUSIVE (P=0.0%, 0s) [271/670]
  iter 2/10: INCONCLUSIVE (P=0.0%, 1s) [272/670]
  iter 3/10: INCONCLUSIVE (P=0.0%, 0s) [273/670]
  iter 4/10: INCONCLUSIVE (P=0.0%, 0s) [274/670]
  iter 5/10: INCONCLUSIVE (P=0.0%, 1s) [275/670]
  iter 6/10: INCONCLUSIVE (P=0.0%, 0s) [276/670]
  iter 7/10: INCONCLUSIVE (P=0.0%, 0s) [277/670]
  iter 8/10: INCONCLUSIVE (P=0.0%, 1s) [278/670]
  iter 9/10: INCONCLUSIVE (P=0.0%, 0s) [279/670]
  iter 10/10: INCONCLUSIVE (P=0.0%, 0s) [280/670]
[29/67] Rust / pqcrypto / pqcrypto::sphincs::pqcrypto_sphincs_sha2_128f_sign_ct
  iter 1/10: UNKNOWN (P=0.0%, 0s) [281/670]
  iter 2/10: UNKNOWN (P=0.0%, 0s) [282/670]
  iter 3/10: UNKNOWN (P=0.0%, 0s) [283/670]
  iter 4/10: UNKNOWN (P=0.0%, 0s) [284/670]
  iter 5/10: UNKNOWN (P=0.0%, 0s) [285/670]
  iter 6/10: UNKNOWN (P=0.0%, 0s) [286/670]
  iter 7/10: UNKNOWN (P=0.0%, 0s) [287/670]
  iter 8/10: UNKNOWN (P=0.0%, 0s) [288/670]
  iter 9/10: UNKNOWN (P=0.0%, 0s) [289/670]
  iter 10/10: UNKNOWN (P=0.0%, 0s) [290/670]
[30/67] Rust / pqcrypto / pqcrypto::sphincs::pqcrypto_sphincs_sha2_128f_verify_ct
  iter 1/10: UNKNOWN (P=0.0%, 0s) [291/670]
  iter 2/10: UNKNOWN (P=0.0%, 0s) [292/670]
  iter 3/10: UNKNOWN (P=0.0%, 0s) [293/670]
  iter 4/10: UNKNOWN (P=0.0%, 0s) [294/670]
  iter 5/10: UNKNOWN (P=0.0%, 0s) [295/670]
  iter 6/10: UNKNOWN (P=0.0%, 0s) [296/670]
  iter 7/10: UNKNOWN (P=0.0%, 0s) [297/670]
  iter 8/10: UNKNOWN (P=0.0%, 0s) [298/670]
  iter 9/10: UNKNOWN (P=0.0%, 0s) [299/670]
  iter 10/10: UNKNOWN (P=0.0%, 0s) [300/670]
[31/67] Rust / ring / ring::aes_gcm::ring_aes256gcm_decrypt_ct
  iter 1/10: PASS (P=0.0%, 0s) [301/670]
  iter 2/10: PASS (P=0.0%, 0s) [302/670]
  iter 3/10: PASS (P=0.0%, 0s) [303/670]
  iter 4/10: PASS (P=0.0%, 0s) [304/670]
  iter 5/10: PASS (P=0.0%, 1s) [305/670]
  iter 6/10: PASS (P=0.0%, 0s) [306/670]
  iter 7/10: PASS (P=0.0%, 0s) [307/670]
  iter 8/10: PASS (P=0.0%, 0s) [308/670]
  iter 9/10: PASS (P=0.0%, 0s) [309/670]
  iter 10/10: PASS (P=0.0%, 1s) [310/670]
[32/67] Rust / ring / ring::aes_gcm::ring_aes256gcm_encrypt_ct
  iter 1/10: PASS (P=0.0%, 0s) [311/670]
  iter 2/10: PASS (P=0.0%, 0s) [312/670]
  iter 3/10: PASS (P=0.0%, 0s) [313/670]
  iter 4/10: PASS (P=0.0%, 0s) [314/670]
  iter 5/10: PASS (P=0.0%, 1s) [315/670]
  iter 6/10: PASS (P=0.0%, 0s) [316/670]
  iter 7/10: PASS (P=0.0%, 0s) [317/670]
  iter 8/10: PASS (P=0.0%, 0s) [318/670]
  iter 9/10: PASS (P=0.0%, 0s) [319/670]
  iter 10/10: PASS (P=0.0%, 0s) [320/670]
[33/67] Rust / ring / ring::aes_gcm::ring_aes256gcm_hamming
  iter 1/10: PASS (P=0.0%, 1s) [321/670]
  iter 2/10: PASS (P=0.0%, 0s) [322/670]
  iter 3/10: PASS (P=0.0%, 0s) [323/670]
  iter 4/10: PASS (P=0.0%, 0s) [324/670]
  iter 5/10: PASS (P=0.0%, 0s) [325/670]
  iter 6/10: PASS (P=0.0%, 1s) [326/670]
  iter 7/10: PASS (P=0.0%, 0s) [327/670]
  iter 8/10: PASS (P=0.0%, 0s) [328/670]
  iter 9/10: PASS (P=0.0%, 0s) [329/670]
  iter 10/10: PASS (P=0.0%, 0s) [330/670]
[34/67] Rust / ring / ring::chacha20poly1305::ring_chacha20poly1305_encrypt_ct
  iter 1/10: PASS (P=0.0%, 0s) [331/670]
  iter 2/10: PASS (P=0.0%, 1s) [332/670]
  iter 3/10: PASS (P=0.0%, 0s) [333/670]
  iter 4/10: PASS (P=0.0%, 0s) [334/670]
  iter 5/10: PASS (P=0.0%, 0s) [335/670]
  iter 6/10: PASS (P=0.0%, 0s) [336/670]
  iter 7/10: PASS (P=0.0%, 1s) [337/670]
  iter 8/10: PASS (P=0.0%, 0s) [338/670]
  iter 9/10: PASS (P=0.0%, 0s) [339/670]
  iter 10/10: PASS (P=0.0%, 0s) [340/670]
[35/67] Rust / orion / rust_libraries::orion::orion_aead_decrypt_constant_time
  iter 1/10: UNKNOWN (P=0.0%, 0s) [341/670]
  iter 2/10: UNKNOWN (P=0.0%, 1s) [342/670]
  iter 3/10: UNKNOWN (P=0.0%, 0s) [343/670]
  iter 4/10: UNKNOWN (P=0.0%, 0s) [344/670]
  iter 5/10: UNKNOWN (P=0.0%, 0s) [345/670]
  iter 6/10: UNKNOWN (P=0.0%, 0s) [346/670]
  iter 7/10: UNKNOWN (P=0.0%, 1s) [347/670]
  iter 8/10: UNKNOWN (P=0.0%, 0s) [348/670]
  iter 9/10: UNKNOWN (P=0.0%, 0s) [349/670]
  iter 10/10: UNKNOWN (P=0.0%, 0s) [350/670]
[36/67] Rust / orion / rust_libraries::orion::orion_aead_encrypt_constant_time
  iter 1/10: UNKNOWN (P=0.0%, 0s) [351/670]
  iter 2/10: UNKNOWN (P=0.0%, 0s) [352/670]
  iter 3/10: UNKNOWN (P=0.0%, 1s) [353/670]
  iter 4/10: UNKNOWN (P=0.0%, 0s) [354/670]
  iter 5/10: UNKNOWN (P=0.0%, 0s) [355/670]
  iter 6/10: UNKNOWN (P=0.0%, 0s) [356/670]
  iter 7/10: UNKNOWN (P=0.0%, 0s) [357/670]
  iter 8/10: UNKNOWN (P=0.0%, 1s) [358/670]
  iter 9/10: UNKNOWN (P=0.0%, 0s) [359/670]
  iter 10/10: UNKNOWN (P=0.0%, 0s) [360/670]
[37/67] Rust / orion / rust_libraries::orion::orion_auth_constant_time
  iter 1/10: UNKNOWN (P=0.0%, 0s) [361/670]
  iter 2/10: UNKNOWN (P=0.0%, 0s) [362/670]
  iter 3/10: UNKNOWN (P=0.0%, 1s) [363/670]
  iter 4/10: UNKNOWN (P=0.0%, 0s) [364/670]
  iter 5/10: UNKNOWN (P=0.0%, 0s) [365/670]
  iter 6/10: UNKNOWN (P=0.0%, 0s) [366/670]
  iter 7/10: UNKNOWN (P=0.0%, 0s) [367/670]
  iter 8/10: UNKNOWN (P=0.0%, 1s) [368/670]
  iter 9/10: UNKNOWN (P=0.0%, 0s) [369/670]
  iter 10/10: UNKNOWN (P=0.0%, 0s) [370/670]
[38/67] Rust / orion / rust_libraries::orion::orion_auth_hamming_weight
  iter 1/10: UNKNOWN (P=0.0%, 0s) [371/670]
  iter 2/10: UNKNOWN (P=0.0%, 0s) [372/670]
  iter 3/10: UNKNOWN (P=0.0%, 1s) [373/670]
  iter 4/10: UNKNOWN (P=0.0%, 0s) [374/670]
  iter 5/10: UNKNOWN (P=0.0%, 0s) [375/670]
  iter 6/10: UNKNOWN (P=0.0%, 0s) [376/670]
  iter 7/10: UNKNOWN (P=0.0%, 0s) [377/670]
  iter 8/10: UNKNOWN (P=0.0%, 1s) [378/670]
  iter 9/10: UNKNOWN (P=0.0%, 0s) [379/670]
  iter 10/10: UNKNOWN (P=0.0%, 0s) [380/670]
[39/67] Rust / orion / rust_libraries::orion::orion_hash_constant_time
  iter 1/10: UNKNOWN (P=0.0%, 0s) [381/670]
  iter 2/10: UNKNOWN (P=0.0%, 0s) [382/670]
  iter 3/10: UNKNOWN (P=0.0%, 0s) [383/670]
  iter 4/10: UNKNOWN (P=0.0%, 1s) [384/670]
  iter 5/10: UNKNOWN (P=0.0%, 0s) [385/670]
  iter 6/10: UNKNOWN (P=0.0%, 0s) [386/670]
  iter 7/10: UNKNOWN (P=0.0%, 0s) [387/670]
  iter 8/10: UNKNOWN (P=0.0%, 0s) [388/670]
  iter 9/10: UNKNOWN (P=0.0%, 1s) [389/670]
  iter 10/10: UNKNOWN (P=0.0%, 0s) [390/670]
[40/67] Rust / orion / rust_libraries::orion::orion_hash_hamming_weight
  iter 1/10: UNKNOWN (P=0.0%, 0s) [391/670]
  iter 2/10: UNKNOWN (P=0.0%, 0s) [392/670]
  iter 3/10: UNKNOWN (P=0.0%, 0s) [393/670]
  iter 4/10: UNKNOWN (P=0.0%, 1s) [394/670]
  iter 5/10: UNKNOWN (P=0.0%, 0s) [395/670]
  iter 6/10: UNKNOWN (P=0.0%, 0s) [396/670]
  iter 7/10: UNKNOWN (P=0.0%, 0s) [397/670]
  iter 8/10: UNKNOWN (P=0.0%, 0s) [398/670]
  iter 9/10: UNKNOWN (P=0.0%, 1s) [399/670]
  iter 10/10: UNKNOWN (P=0.0%, 0s) [400/670]
[41/67] Rust / RustCrypto / rustcrypto::aes::aes128_block_encrypt_constant_time
  iter 1/10: UNKNOWN (P=0.0%, 0s) [401/670]
  iter 2/10: UNKNOWN (P=0.0%, 0s) [402/670]
  iter 3/10: UNKNOWN (P=0.0%, 0s) [403/670]
  iter 4/10: UNKNOWN (P=0.0%, 0s) [404/670]
  iter 5/10: UNKNOWN (P=0.0%, 1s) [405/670]
  iter 6/10: UNKNOWN (P=0.0%, 0s) [406/670]
  iter 7/10: UNKNOWN (P=0.0%, 0s) [407/670]
  iter 8/10: UNKNOWN (P=0.0%, 0s) [408/670]
  iter 9/10: UNKNOWN (P=0.0%, 0s) [409/670]
  iter 10/10: UNKNOWN (P=0.0%, 1s) [410/670]
[42/67] Rust / RustCrypto / rustcrypto::aes::aes128_byte_pattern_independence
  iter 1/10: UNKNOWN (P=0.0%, 0s) [411/670]
  iter 2/10: UNKNOWN (P=0.0%, 0s) [412/670]
  iter 3/10: UNKNOWN (P=0.0%, 0s) [413/670]
  iter 4/10: UNKNOWN (P=0.0%, 0s) [414/670]
  iter 5/10: UNKNOWN (P=0.0%, 1s) [415/670]
  iter 6/10: UNKNOWN (P=0.0%, 0s) [416/670]
  iter 7/10: UNKNOWN (P=0.0%, 0s) [417/670]
  iter 8/10: UNKNOWN (P=0.0%, 0s) [418/670]
  iter 9/10: UNKNOWN (P=0.0%, 0s) [419/670]
  iter 10/10: UNKNOWN (P=0.0%, 0s) [420/670]
[43/67] Rust / RustCrypto / rustcrypto::aes::aes128_different_keys_constant_time
  iter 1/10: UNKNOWN (P=0.0%, 1s) [421/670]
  iter 2/10: UNKNOWN (P=0.0%, 0s) [422/670]
  iter 3/10: UNKNOWN (P=0.0%, 0s) [423/670]
  iter 4/10: UNKNOWN (P=0.0%, 0s) [424/670]
  iter 5/10: UNKNOWN (P=0.0%, 0s) [425/670]
  iter 6/10: UNKNOWN (P=0.0%, 1s) [426/670]
  iter 7/10: UNKNOWN (P=0.0%, 0s) [427/670]
  iter 8/10: UNKNOWN (P=0.0%, 0s) [428/670]
  iter 9/10: UNKNOWN (P=0.0%, 0s) [429/670]
  iter 10/10: UNKNOWN (P=0.0%, 0s) [430/670]
[44/67] Rust / RustCrypto / rustcrypto::aes::aes128_hamming_weight_independence
  iter 1/10: UNKNOWN (P=0.0%, 0s) [431/670]
  iter 2/10: UNKNOWN (P=0.0%, 1s) [432/670]
  iter 3/10: UNKNOWN (P=0.0%, 0s) [433/670]
  iter 4/10: UNKNOWN (P=0.0%, 0s) [434/670]
  iter 5/10: UNKNOWN (P=0.0%, 0s) [435/670]
  iter 6/10: UNKNOWN (P=0.0%, 0s) [436/670]
  iter 7/10: UNKNOWN (P=0.0%, 1s) [437/670]
  iter 8/10: UNKNOWN (P=0.0%, 0s) [438/670]
  iter 9/10: UNKNOWN (P=0.0%, 0s) [439/670]
  iter 10/10: UNKNOWN (P=0.0%, 0s) [440/670]
[45/67] Rust / RustCrypto / rustcrypto::aes::aes128_key_init_constant_time
  iter 1/10: UNKNOWN (P=0.0%, 0s) [441/670]
  iter 2/10: UNKNOWN (P=0.0%, 1s) [442/670]
  iter 3/10: UNKNOWN (P=0.0%, 0s) [443/670]
  iter 4/10: UNKNOWN (P=0.0%, 0s) [444/670]
  iter 5/10: UNKNOWN (P=0.0%, 0s) [445/670]
  iter 6/10: UNKNOWN (P=0.0%, 0s) [446/670]
  iter 7/10: UNKNOWN (P=0.0%, 0s) [447/670]
  iter 8/10: UNKNOWN (P=0.0%, 1s) [448/670]
  iter 9/10: UNKNOWN (P=0.0%, 0s) [449/670]
  iter 10/10: UNKNOWN (P=0.0%, 0s) [450/670]
[46/67] Rust / RustCrypto / rustcrypto::aes::aes128_multiple_blocks_constant_time
  iter 1/10: UNKNOWN (P=0.0%, 0s) [451/670]
  iter 2/10: UNKNOWN (P=0.0%, 0s) [452/670]
  iter 3/10: UNKNOWN (P=0.0%, 1s) [453/670]
  iter 4/10: UNKNOWN (P=0.0%, 0s) [454/670]
  iter 5/10: UNKNOWN (P=0.0%, 0s) [455/670]
  iter 6/10: UNKNOWN (P=0.0%, 0s) [456/670]
  iter 7/10: UNKNOWN (P=0.0%, 0s) [457/670]
  iter 8/10: UNKNOWN (P=0.0%, 1s) [458/670]
  iter 9/10: UNKNOWN (P=0.0%, 0s) [459/670]
  iter 10/10: UNKNOWN (P=0.0%, 0s) [460/670]
[47/67] Rust / RustCrypto / rustcrypto::blake2::rustcrypto_blake2b512_ct
  iter 1/10: PASS (P=0.0%, 0s) [461/670]
  iter 2/10: PASS (P=0.0%, 0s) [462/670]
  iter 3/10: PASS (P=0.0%, 0s) [463/670]
  iter 4/10: PASS (P=0.0%, 1s) [464/670]
  iter 5/10: PASS (P=0.0%, 0s) [465/670]
  iter 6/10: PASS (P=0.0%, 0s) [466/670]
  iter 7/10: PASS (P=0.0%, 0s) [467/670]
  iter 8/10: PASS (P=0.0%, 0s) [468/670]
  iter 9/10: PASS (P=0.0%, 1s) [469/670]
  iter 10/10: PASS (P=0.0%, 0s) [470/670]
[48/67] Rust / RustCrypto / rustcrypto::blake2::rustcrypto_blake2b_hamming
  iter 1/10: PASS (P=0.0%, 0s) [471/670]
  iter 2/10: PASS (P=0.0%, 0s) [472/670]
  iter 3/10: PASS (P=0.0%, 0s) [473/670]
  iter 4/10: PASS (P=0.0%, 0s) [474/670]
  iter 5/10: PASS (P=0.0%, 1s) [475/670]
  iter 6/10: PASS (P=0.0%, 0s) [476/670]
  iter 7/10: PASS (P=0.0%, 0s) [477/670]
  iter 8/10: PASS (P=0.0%, 0s) [478/670]
  iter 9/10: PASS (P=0.0%, 0s) [479/670]
  iter 10/10: PASS (P=0.0%, 1s) [480/670]
[49/67] Rust / RustCrypto / rustcrypto::blake2::rustcrypto_blake2b_incremental_ct
  iter 1/10: PASS (P=0.0%, 0s) [481/670]
  iter 2/10: PASS (P=0.0%, 0s) [482/670]
  iter 3/10: PASS (P=0.0%, 0s) [483/670]
  iter 4/10: PASS (P=0.0%, 0s) [484/670]
  iter 5/10: PASS (P=0.0%, 1s) [485/670]
  iter 6/10: PASS (P=0.0%, 0s) [486/670]
  iter 7/10: PASS (P=0.0%, 0s) [487/670]
  iter 8/10: PASS (P=0.0%, 0s) [488/670]
  iter 9/10: PASS (P=0.0%, 0s) [489/670]
  iter 10/10: PASS (P=0.0%, 0s) [490/670]
[50/67] Rust / RustCrypto / rustcrypto::blake2::rustcrypto_blake2s256_ct
  iter 1/10: PASS (P=0.0%, 1s) [491/670]
  iter 2/10: PASS (P=0.0%, 0s) [492/670]
  iter 3/10: PASS (P=0.0%, 0s) [493/670]
  iter 4/10: PASS (P=0.0%, 0s) [494/670]
  iter 5/10: PASS (P=0.0%, 0s) [495/670]
  iter 6/10: PASS (P=0.0%, 1s) [496/670]
  iter 7/10: PASS (P=0.0%, 0s) [497/670]
  iter 8/10: PASS (P=0.0%, 0s) [498/670]
  iter 9/10: PASS (P=0.0%, 0s) [499/670]
  iter 10/10: PASS (P=0.0%, 0s) [500/670]
[51/67] Rust / RustCrypto / rustcrypto::chacha20poly1305::rustcrypto_chacha20poly1305_decrypt_ct
  iter 1/10: PASS (P=0.0%, 1s) [501/670]
  iter 2/10: PASS (P=0.0%, 0s) [502/670]
  iter 3/10: PASS (P=0.0%, 0s) [503/670]
  iter 4/10: PASS (P=0.0%, 0s) [504/670]
  iter 5/10: PASS (P=0.0%, 1s) [505/670]
  iter 6/10: PASS (P=0.0%, 0s) [506/670]
  iter 7/10: PASS (P=1.2%, 0s) [507/670]
  iter 8/10: PASS (P=0.0%, 0s) [508/670]
  iter 9/10: PASS (P=0.0%, 1s) [509/670]
  iter 10/10: PASS (P=0.0%, 0s) [510/670]
[52/67] Rust / RustCrypto / rustcrypto::chacha20poly1305::rustcrypto_chacha20poly1305_encrypt_ct
  iter 1/10: PASS (P=0.0%, 0s) [511/670]
  iter 2/10: PASS (P=0.0%, 0s) [512/670]
  iter 3/10: PASS (P=0.0%, 0s) [513/670]
  iter 4/10: PASS (P=0.0%, 1s) [514/670]
  iter 5/10: PASS (P=0.0%, 0s) [515/670]
  iter 6/10: PASS (P=0.0%, 0s) [516/670]
  iter 7/10: PASS (P=0.0%, 0s) [517/670]
  iter 8/10: PASS (P=0.0%, 0s) [518/670]
  iter 9/10: PASS (P=0.0%, 1s) [519/670]
  iter 10/10: PASS (P=0.0%, 0s) [520/670]
[53/67] Rust / RustCrypto / rustcrypto::chacha20poly1305::rustcrypto_chacha20poly1305_hamming
  iter 1/10: PASS (P=0.0%, 0s) [521/670]
  iter 2/10: PASS (P=0.0%, 0s) [522/670]
  iter 3/10: PASS (P=0.0%, 0s) [523/670]
  iter 4/10: PASS (P=0.0%, 1s) [524/670]
  iter 5/10: PASS (P=0.0%, 0s) [525/670]
  iter 6/10: PASS (P=0.0%, 0s) [526/670]
  iter 7/10: PASS (P=0.0%, 0s) [527/670]
  iter 8/10: PASS (P=0.0%, 0s) [528/670]
  iter 9/10: PASS (P=0.0%, 1s) [529/670]
  iter 10/10: PASS (P=0.0%, 0s) [530/670]
[54/67] Rust / RustCrypto / rustcrypto::chacha20poly1305::rustcrypto_chacha20poly1305_nonce_ct
  iter 1/10: PASS (P=0.0%, 0s) [531/670]
  iter 2/10: PASS (P=0.0%, 0s) [532/670]
  iter 3/10: PASS (P=0.0%, 0s) [533/670]
  iter 4/10: PASS (P=0.0%, 1s) [534/670]
  iter 5/10: PASS (P=0.0%, 0s) [535/670]
  iter 6/10: PASS (P=0.0%, 0s) [536/670]
  iter 7/10: PASS (P=0.0%, 0s) [537/670]
  iter 8/10: PASS (P=0.0%, 0s) [538/670]
  iter 9/10: PASS (P=0.0%, 1s) [539/670]
  iter 10/10: PASS (P=0.0%, 0s) [540/670]
[55/67] Rust / RustCrypto / rustcrypto::rsa::rsa_1024_decrypt_constant_time
  iter 1/10: INCONCLUSIVE (P=0.0%, 1s) [541/670]
  iter 2/10: INCONCLUSIVE (P=0.0%, 1s) [542/670]
  iter 3/10: INCONCLUSIVE (P=0.0%, 2s) [543/670]
  iter 4/10: INCONCLUSIVE (P=0.0%, 1s) [544/670]
  iter 5/10: INCONCLUSIVE (P=0.0%, 1s) [545/670]
  iter 6/10: INCONCLUSIVE (P=0.0%, 2s) [546/670]
  iter 7/10: INCONCLUSIVE (P=0.0%, 1s) [547/670]
  iter 8/10: INCONCLUSIVE (P=0.0%, 1s) [548/670]
  iter 9/10: INCONCLUSIVE (P=0.0%, 2s) [549/670]
  iter 10/10: INCONCLUSIVE (P=0.0%, 1s) [550/670]
[56/67] Rust / RustCrypto / rustcrypto::rsa::rsa_1024_decrypt_control_both_random
  iter 1/10: UNKNOWN (P=0.0%, 2s) [551/670]
  iter 2/10: UNKNOWN (P=0.0%, 1s) [552/670]
  iter 3/10: UNKNOWN (P=0.0%, 1s) [553/670]
  iter 4/10: UNKNOWN (P=0.0%, 2s) [554/670]
  iter 5/10: UNKNOWN (P=0.0%, 1s) [555/670]
  iter 6/10: UNKNOWN (P=0.0%, 1s) [556/670]
  iter 7/10: UNKNOWN (P=0.0%, 2s) [557/670]
  iter 8/10: UNKNOWN (P=0.0%, 1s) [558/670]
  iter 9/10: UNKNOWN (P=0.0%, 1s) [559/670]
  iter 10/10: UNKNOWN (P=0.0%, 2s) [560/670]
[57/67] Rust / RustCrypto / rustcrypto::rsa::rsa_1024_encrypt_constant_time
  iter 1/10: PASS (P=1.1%, 0s) [561/670]
  iter 2/10: PASS (P=0.0%, 1s) [562/670]
  iter 3/10: PASS (P=0.0%, 1s) [563/670]
  iter 4/10: PASS (P=1.0%, 0s) [564/670]
  iter 5/10: PASS (P=0.0%, 1s) [565/670]
  iter 6/10: PASS (P=0.0%, 1s) [566/670]
  iter 7/10: PASS (P=1.0%, 0s) [567/670]
  iter 8/10: PASS (P=0.0%, 1s) [568/670]
  iter 9/10: PASS (P=0.3%, 1s) [569/670]
  iter 10/10: PASS (P=0.0%, 0s) [570/670]
[58/67] Rust / RustCrypto / rustcrypto::rsa::rsa_1024_hamming_weight_independence
  iter 1/10: PASS (P=0.9%, 1s) [571/670]
  iter 2/10: PASS (P=0.0%, 1s) [572/670]
  iter 3/10: PASS (P=0.1%, 0s) [573/670]
  iter 4/10: PASS (P=1.2%, 1s) [574/670]
  iter 5/10: PASS (P=0.0%, 1s) [575/670]
  iter 6/10: PASS (P=0.0%, 0s) [576/670]
  iter 7/10: PASS (P=1.4%, 1s) [577/670]
  iter 8/10: PASS (P=0.0%, 1s) [578/670]
  iter 9/10: PASS (P=0.0%, 0s) [579/670]
  iter 10/10: PASS (P=1.0%, 1s) [580/670]
[59/67] Rust / RustCrypto / rustcrypto::rsa::rsa_1024_verify_constant_time
  iter 1/10: UNKNOWN (P=0.0%, 0s) [581/670]
  iter 2/10: UNKNOWN (P=0.0%, 0s) [582/670]
  iter 3/10: UNKNOWN (P=0.0%, 0s) [583/670]
  iter 4/10: UNKNOWN (P=0.0%, 0s) [584/670]
  iter 5/10: UNKNOWN (P=0.0%, 0s) [585/670]
  iter 6/10: UNKNOWN (P=0.0%, 0s) [586/670]
  iter 7/10: UNKNOWN (P=0.0%, 0s) [587/670]
  iter 8/10: UNKNOWN (P=0.0%, 0s) [588/670]
  iter 9/10: UNKNOWN (P=0.0%, 0s) [589/670]
  iter 10/10: UNKNOWN (P=0.0%, 0s) [590/670]
[60/67] Rust / RustCrypto / rustcrypto::rsa::rsa_2048_sign_constant_time
  iter 1/10: UNKNOWN (P=0.0%, 0s) [591/670]
  iter 2/10: UNKNOWN (P=0.0%, 0s) [592/670]
  iter 3/10: UNKNOWN (P=0.0%, 0s) [593/670]
  iter 4/10: UNKNOWN (P=0.0%, 0s) [594/670]
  iter 5/10: UNKNOWN (P=0.0%, 0s) [595/670]
  iter 6/10: UNKNOWN (P=0.0%, 0s) [596/670]
  iter 7/10: UNKNOWN (P=0.0%, 0s) [597/670]
  iter 8/10: UNKNOWN (P=0.0%, 0s) [598/670]
  iter 9/10: UNKNOWN (P=0.0%, 0s) [599/670]
  iter 10/10: UNKNOWN (P=0.0%, 0s) [600/670]
[61/67] Rust / RustCrypto / rustcrypto::rsa::rsa_key_size_timing_difference
  iter 1/10: UNKNOWN (P=0.0%, 0s) [601/670]
  iter 2/10: UNKNOWN (P=0.0%, 1s) [602/670]
  iter 3/10: UNKNOWN (P=0.0%, 0s) [603/670]
  iter 4/10: UNKNOWN (P=0.0%, 0s) [604/670]
  iter 5/10: UNKNOWN (P=0.0%, 0s) [605/670]
  iter 6/10: UNKNOWN (P=0.0%, 0s) [606/670]
  iter 7/10: UNKNOWN (P=0.0%, 0s) [607/670]
  iter 8/10: UNKNOWN (P=0.0%, 0s) [608/670]
  iter 9/10: UNKNOWN (P=0.0%, 0s) [609/670]
  iter 10/10: UNKNOWN (P=0.0%, 0s) [610/670]
[62/67] Rust / RustCrypto / rustcrypto::sha3::rustcrypto_sha3_256_ct
  iter 1/10: PASS (P=0.0%, 0s) [611/670]
  iter 2/10: PASS (P=0.0%, 0s) [612/670]
  iter 3/10: PASS (P=0.0%, 0s) [613/670]
  iter 4/10: PASS (P=0.0%, 0s) [614/670]
  iter 5/10: PASS (P=0.0%, 1s) [615/670]
  iter 6/10: PASS (P=0.0%, 0s) [616/670]
  iter 7/10: PASS (P=0.0%, 0s) [617/670]
  iter 8/10: PASS (P=0.0%, 0s) [618/670]
  iter 9/10: PASS (P=0.0%, 0s) [619/670]
  iter 10/10: PASS (P=0.0%, 1s) [620/670]
[63/67] Rust / RustCrypto / rustcrypto::sha3::rustcrypto_sha3_256_data_independence
  iter 1/10: PASS (P=0.0%, 0s) [621/670]
  iter 2/10: PASS (P=0.0%, 0s) [622/670]
  iter 3/10: PASS (P=0.0%, 0s) [623/670]
  iter 4/10: PASS (P=0.0%, 0s) [624/670]
  iter 5/10: PASS (P=0.0%, 0s) [625/670]
  iter 6/10: PASS (P=0.0%, 1s) [626/670]
  iter 7/10: PASS (P=0.0%, 0s) [627/670]
  iter 8/10: PASS (P=0.0%, 0s) [628/670]
  iter 9/10: PASS (P=0.0%, 0s) [629/670]
  iter 10/10: PASS (P=0.0%, 0s) [630/670]
[64/67] Rust / RustCrypto / rustcrypto::sha3::rustcrypto_sha3_256_hamming
  iter 1/10: PASS (P=0.0%, 1s) [631/670]
  iter 2/10: PASS (P=0.0%, 0s) [632/670]
  iter 3/10: PASS (P=0.0%, 0s) [633/670]
  iter 4/10: PASS (P=0.0%, 0s) [634/670]
  iter 5/10: PASS (P=0.0%, 0s) [635/670]
  iter 6/10: PASS (P=0.0%, 1s) [636/670]
  iter 7/10: PASS (P=0.0%, 0s) [637/670]
  iter 8/10: PASS (P=0.0%, 0s) [638/670]
  iter 9/10: PASS (P=0.0%, 0s) [639/670]
  iter 10/10: PASS (P=0.0%, 0s) [640/670]
[65/67] Rust / RustCrypto / rustcrypto::sha3::rustcrypto_sha3_256_incremental_ct
  iter 1/10: PASS (P=0.0%, 0s) [641/670]
  iter 2/10: PASS (P=0.0%, 1s) [642/670]
  iter 3/10: PASS (P=0.0%, 0s) [643/670]
  iter 4/10: PASS (P=0.0%, 0s) [644/670]
  iter 5/10: PASS (P=0.0%, 0s) [645/670]
  iter 6/10: PASS (P=0.0%, 0s) [646/670]
  iter 7/10: PASS (P=0.0%, 1s) [647/670]
  iter 8/10: PASS (P=0.0%, 0s) [648/670]
  iter 9/10: PASS (P=0.0%, 0s) [649/670]
  iter 10/10: PASS (P=0.0%, 0s) [650/670]
[66/67] Rust / RustCrypto / rustcrypto::sha3::rustcrypto_sha3_384_ct
  iter 1/10: PASS (P=0.0%, 0s) [651/670]
  iter 2/10: PASS (P=0.0%, 1s) [652/670]
  iter 3/10: PASS (P=0.0%, 0s) [653/670]
  iter 4/10: PASS (P=0.0%, 0s) [654/670]
  iter 5/10: PASS (P=0.0%, 0s) [655/670]
  iter 6/10: PASS (P=0.0%, 0s) [656/670]
  iter 7/10: PASS (P=0.0%, 0s) [657/670]
  iter 8/10: PASS (P=0.0%, 1s) [658/670]
  iter 9/10: PASS (P=0.0%, 0s) [659/670]
  iter 10/10: PASS (P=0.0%, 0s) [660/670]
[67/67] Rust / RustCrypto / rustcrypto::sha3::rustcrypto_sha3_512_ct
  iter 1/10: PASS (P=0.0%, 0s) [661/670]
  iter 2/10: PASS (P=0.0%, 0s) [662/670]
  iter 3/10: PASS (P=0.0%, 1s) [663/670]
  iter 4/10: PASS (P=0.0%, 0s) [664/670]
  iter 5/10: PASS (P=0.0%, 0s) [665/670]
  iter 6/10: PASS (P=0.0%, 0s) [666/670]
  iter 7/10: PASS (P=0.0%, 0s) [667/670]
  iter 8/10: PASS (P=0.0%, 1s) [668/670]
  iter 9/10: PASS (P=0.0%, 0s) [669/670]
  iter 10/10: PASS (P=0.0%, 0s) [670/670]

=== COMPLETE ===
Total trials: 670
Pass: 349  Inconclusive: 318  Fail: 3
Output: /home/agucova/tacet/results/paper-crypto-fpr-clean/fpr_results.csv
