[0;34m[19:15:49][0m ==========================================
[0;34m[19:15:49][0m Crypto Library FPR Measurement (Rust)
[0;34m[19:15:49][0m ==========================================
[0;34m[19:15:49][0m Iterations: 10
[0;34m[19:15:49][0m Output: results/paper-crypto-fpr-noisy/fpr_results.csv
[0;34m[19:15:49][0m 
[0;34m[19:15:49][0m Test binary: /home/agucova/tacet/target/release/deps/crypto-1cbd739333f48da7
[0;34m[19:15:49][0m Discovered 68 FPR-relevant tests (sanity checks excluded)
[0;34m[19:15:49][0m 
[0;34m[19:15:49][0m Initialized output file: results/paper-crypto-fpr-noisy/fpr_results.csv
[0;34m[19:15:49][0m [1/68] C/C++ / libressl / c_libraries::libressl::libressl_aes_256_gcm_encrypt_constant_time
[0;34m[19:15:49][0m   Iteration 1/10 (1/680 total)...
[0;32m[19:15:49][0m     → PASS (P=0.0%, 0s)
[0;34m[19:15:49][0m   Iteration 2/10 (2/680 total)...
[0;32m[19:15:50][0m     → PASS (P=0.0%, 1s)
[0;34m[19:15:50][0m   Iteration 3/10 (3/680 total)...
[0;32m[19:15:50][0m     → PASS (P=0.0%, 0s)
[0;34m[19:15:50][0m   Iteration 4/10 (4/680 total)...
[0;32m[19:15:50][0m     → PASS (P=0.0%, 0s)
[0;34m[19:15:50][0m   Iteration 5/10 (5/680 total)...
[0;32m[19:15:50][0m     → PASS (P=0.0%, 0s)
[0;34m[19:15:50][0m   Iteration 6/10 (6/680 total)...
[0;32m[19:15:51][0m     → PASS (P=0.0%, 1s)
[0;34m[19:15:51][0m   Iteration 7/10 (7/680 total)...
[0;32m[19:15:51][0m     → PASS (P=0.0%, 0s)
[0;34m[19:15:51][0m   Iteration 8/10 (8/680 total)...
[0;32m[19:15:51][0m     → PASS (P=0.0%, 0s)
[0;34m[19:15:51][0m   Iteration 9/10 (9/680 total)...
[0;32m[19:15:51][0m     → PASS (P=0.0%, 0s)
[0;34m[19:15:51][0m   Iteration 10/10 (10/680 total)...
[0;32m[19:15:51][0m     → PASS (P=0.0%, 0s)
[0;34m[19:15:51][0m [2/68] C/C++ / libressl / c_libraries::libressl::libressl_ecdsa_p256_sign_constant_time
[0;34m[19:15:51][0m   Iteration 1/10 (11/680 total)...
[1;33m[19:15:57][0m     → UNKNOWN
[0;34m[19:15:57][0m   Iteration 2/10 (12/680 total)...
[1;33m[19:16:02][0m     → UNKNOWN
[0;34m[19:16:02][0m   Iteration 3/10 (13/680 total)...
[1;33m[19:16:08][0m     → UNKNOWN
[0;34m[19:16:08][0m   Iteration 4/10 (14/680 total)...
[1;33m[19:16:14][0m     → UNKNOWN
[0;34m[19:16:14][0m   Iteration 5/10 (15/680 total)...
[1;33m[19:16:20][0m     → UNKNOWN
[0;34m[19:16:20][0m   Iteration 6/10 (16/680 total)...
[1;33m[19:16:25][0m     → UNKNOWN
[0;34m[19:16:25][0m   Iteration 7/10 (17/680 total)...
[1;33m[19:16:31][0m     → UNKNOWN
[0;34m[19:16:31][0m   Iteration 8/10 (18/680 total)...
[1;33m[19:16:37][0m     → UNKNOWN
[0;34m[19:16:37][0m   Iteration 9/10 (19/680 total)...
[1;33m[19:16:42][0m     → UNKNOWN
[0;34m[19:16:42][0m   Iteration 10/10 (20/680 total)...
[1;33m[19:16:47][0m     → UNKNOWN
[0;34m[19:16:47][0m [3/68] C/C++ / libressl / c_libraries::libressl::libressl_ecdsa_p256_verify_constant_time
[0;34m[19:16:47][0m   Iteration 1/10 (21/680 total)...
[1;33m[19:17:21][0m     → UNKNOWN
[0;34m[19:17:21][0m   Iteration 2/10 (22/680 total)...
[1;33m[19:17:26][0m     → UNKNOWN
[0;34m[19:17:26][0m   Iteration 3/10 (23/680 total)...
[1;33m[19:17:30][0m     → UNKNOWN
[0;34m[19:17:30][0m   Iteration 4/10 (24/680 total)...
[1;33m[19:17:34][0m     → UNKNOWN
[0;34m[19:17:34][0m   Iteration 5/10 (25/680 total)...
[1;33m[19:17:39][0m     → UNKNOWN
[0;34m[19:17:39][0m   Iteration 6/10 (26/680 total)...
[1;33m[19:17:43][0m     → UNKNOWN
[0;34m[19:17:43][0m   Iteration 7/10 (27/680 total)...
[1;33m[19:17:48][0m     → UNKNOWN
[0;34m[19:17:48][0m   Iteration 8/10 (28/680 total)...
[1;33m[19:18:15][0m     → UNKNOWN
[0;34m[19:18:15][0m   Iteration 9/10 (29/680 total)...
[1;33m[19:18:19][0m     → UNKNOWN
[0;34m[19:18:19][0m   Iteration 10/10 (30/680 total)...
[1;33m[19:18:23][0m     → UNKNOWN
[0;34m[19:18:23][0m [4/68] C/C++ / libressl / c_libraries::libressl::libressl_rsa_2048_oaep_decrypt_constant_time
[0;34m[19:18:23][0m   Iteration 1/10 (31/680 total)...
[1;33m[19:18:27][0m     → UNKNOWN
[0;34m[19:18:28][0m   Iteration 2/10 (32/680 total)...
[1;33m[19:18:32][0m     → UNKNOWN
[0;34m[19:18:32][0m   Iteration 3/10 (33/680 total)...
[1;33m[19:18:37][0m     → UNKNOWN
[0;34m[19:18:37][0m   Iteration 4/10 (34/680 total)...
[1;33m[19:18:42][0m     → UNKNOWN
[0;34m[19:18:42][0m   Iteration 5/10 (35/680 total)...
[1;33m[19:18:47][0m     → UNKNOWN
[0;34m[19:18:47][0m   Iteration 6/10 (36/680 total)...
[1;33m[19:18:52][0m     → UNKNOWN
[0;34m[19:18:52][0m   Iteration 7/10 (37/680 total)...
[1;33m[19:18:57][0m     → UNKNOWN
[0;34m[19:18:57][0m   Iteration 8/10 (38/680 total)...
[1;33m[19:19:02][0m     → UNKNOWN
[0;34m[19:19:02][0m   Iteration 9/10 (39/680 total)...
[1;33m[19:19:07][0m     → UNKNOWN
[0;34m[19:19:07][0m   Iteration 10/10 (40/680 total)...
[1;33m[19:19:11][0m     → UNKNOWN
[0;34m[19:19:11][0m [5/68] C/C++ / libressl / c_libraries::libressl::libressl_rsa_2048_pkcs1v15_decrypt_constant_time
[0;34m[19:19:11][0m   Iteration 1/10 (41/680 total)...
[1;33m[19:19:15][0m     → UNKNOWN
[0;34m[19:19:15][0m   Iteration 2/10 (42/680 total)...
[1;33m[19:19:20][0m     → UNKNOWN
[0;34m[19:19:20][0m   Iteration 3/10 (43/680 total)...
[1;33m[19:19:25][0m     → UNKNOWN
[0;34m[19:19:25][0m   Iteration 4/10 (44/680 total)...
[1;33m[19:19:30][0m     → UNKNOWN
[0;34m[19:19:30][0m   Iteration 5/10 (45/680 total)...
[1;33m[19:19:35][0m     → UNKNOWN
[0;34m[19:19:35][0m   Iteration 6/10 (46/680 total)...
[1;33m[19:19:40][0m     → UNKNOWN
[0;34m[19:19:40][0m   Iteration 7/10 (47/680 total)...
[1;33m[19:19:45][0m     → UNKNOWN
[0;34m[19:19:45][0m   Iteration 8/10 (48/680 total)...
[1;33m[19:19:50][0m     → UNKNOWN
[0;34m[19:19:50][0m   Iteration 9/10 (49/680 total)...
[1;33m[19:19:54][0m     → UNKNOWN
[0;34m[19:19:54][0m   Iteration 10/10 (50/680 total)...
[1;33m[19:19:58][0m     → UNKNOWN
[0;34m[19:19:58][0m [6/68] C/C++ / libsodium / c_libraries::libsodium::libsodium_crypto_box_decrypt_constant_time
[0;34m[19:19:58][0m   Iteration 1/10 (51/680 total)...
[0;32m[19:19:59][0m     → PASS (P=0.1%, 1s)
[0;34m[19:19:59][0m   Iteration 2/10 (52/680 total)...
[0;32m[19:20:00][0m     → PASS (P=1.8%, 1s)
[0;34m[19:20:00][0m   Iteration 3/10 (53/680 total)...
[0;32m[19:20:00][0m     → PASS (P=2.3%, 0s)
[0;34m[19:20:00][0m   Iteration 4/10 (54/680 total)...
[0;32m[19:20:01][0m     → PASS (P=0.8%, 1s)
[0;34m[19:20:01][0m   Iteration 5/10 (55/680 total)...
[0;32m[19:20:02][0m     → PASS (P=1.1%, 1s)
[0;34m[19:20:02][0m   Iteration 6/10 (56/680 total)...
[0;32m[19:20:03][0m     → PASS (P=0.2%, 1s)
[0;34m[19:20:03][0m   Iteration 7/10 (57/680 total)...
[0;32m[19:20:03][0m     → PASS (P=0.2%, 0s)
[0;34m[19:20:03][0m   Iteration 8/10 (58/680 total)...
[0;32m[19:20:04][0m     → PASS (P=0.3%, 1s)
[0;34m[19:20:04][0m   Iteration 9/10 (59/680 total)...
[1;33m[19:20:05][0m     → UNKNOWN
[0;34m[19:20:05][0m   Iteration 10/10 (60/680 total)...
[0;32m[19:20:06][0m     → PASS (P=1.3%, 1s)
[0;34m[19:20:06][0m [7/68] C/C++ / libsodium / c_libraries::libsodium::libsodium_crypto_box_encrypt_constant_time
[0;34m[19:20:06][0m   Iteration 1/10 (61/680 total)...
[1;33m[19:20:07][0m     → UNKNOWN
[0;34m[19:20:07][0m   Iteration 2/10 (62/680 total)...
[0;32m[19:20:07][0m     → PASS (P=0.5%, 0s)
[0;34m[19:20:07][0m   Iteration 3/10 (63/680 total)...
[0;32m[19:20:08][0m     → PASS (P=6.1%, 1s)
[0;34m[19:20:08][0m   Iteration 4/10 (64/680 total)...
[0;32m[19:20:09][0m     → PASS (P=0.6%, 1s)
[0;34m[19:20:09][0m   Iteration 5/10 (65/680 total)...
[0;32m[19:20:10][0m     → PASS (P=1.1%, 0s)
[0;34m[19:20:10][0m   Iteration 6/10 (66/680 total)...
[0;32m[19:20:10][0m     → PASS (P=5.8%, 0s)
[0;34m[19:20:10][0m   Iteration 7/10 (67/680 total)...
[0;32m[19:20:11][0m     → PASS (P=0.3%, 1s)
[0;34m[19:20:11][0m   Iteration 8/10 (68/680 total)...
[0;32m[19:20:12][0m     → PASS (P=0.3%, 1s)
[0;34m[19:20:12][0m   Iteration 9/10 (69/680 total)...
[0;32m[19:20:12][0m     → PASS (P=1.7%, 0s)
[0;34m[19:20:12][0m   Iteration 10/10 (70/680 total)...
[0;32m[19:20:13][0m     → PASS (P=0.7%, 1s)
[0;34m[19:20:13][0m [8/68] C/C++ / libsodium / c_libraries::libsodium::libsodium_crypto_secretbox_decrypt_constant_time
[0;34m[19:20:13][0m   Iteration 1/10 (71/680 total)...
[0;32m[19:20:13][0m     → PASS (P=0.0%, 0s)
[0;34m[19:20:13][0m   Iteration 2/10 (72/680 total)...
[0;32m[19:20:14][0m     → PASS (P=0.0%, 1s)
[0;34m[19:20:14][0m   Iteration 3/10 (73/680 total)...
[0;32m[19:20:14][0m     → PASS (P=0.0%, 0s)
[0;34m[19:20:14][0m   Iteration 4/10 (74/680 total)...
[0;32m[19:20:14][0m     → PASS (P=0.0%, 0s)
[0;34m[19:20:14][0m   Iteration 5/10 (75/680 total)...
[0;32m[19:20:14][0m     → PASS (P=0.0%, 0s)
[0;34m[19:20:14][0m   Iteration 6/10 (76/680 total)...
[0;32m[19:20:15][0m     → PASS (P=0.0%, 1s)
[0;34m[19:20:15][0m   Iteration 7/10 (77/680 total)...
[0;32m[19:20:15][0m     → PASS (P=0.0%, 0s)
[0;34m[19:20:15][0m   Iteration 8/10 (78/680 total)...
[0;32m[19:20:15][0m     → PASS (P=0.0%, 0s)
[0;34m[19:20:15][0m   Iteration 9/10 (79/680 total)...
[0;32m[19:20:15][0m     → PASS (P=0.0%, 0s)
[0;34m[19:20:15][0m   Iteration 10/10 (80/680 total)...
[0;32m[19:20:16][0m     → PASS (P=0.0%, 1s)
[0;34m[19:20:16][0m [9/68] C/C++ / libsodium / c_libraries::libsodium::libsodium_crypto_secretbox_encrypt_constant_time
[0;34m[19:20:16][0m   Iteration 1/10 (81/680 total)...
[0;32m[19:20:16][0m     → PASS (P=0.0%, 0s)
[0;34m[19:20:16][0m   Iteration 2/10 (82/680 total)...
[0;32m[19:20:16][0m     → PASS (P=0.0%, 0s)
[0;34m[19:20:16][0m   Iteration 3/10 (83/680 total)...
[0;32m[19:20:16][0m     → PASS (P=0.0%, 0s)
[0;34m[19:20:16][0m   Iteration 4/10 (84/680 total)...
[0;32m[19:20:17][0m     → PASS (P=0.0%, 1s)
[0;34m[19:20:17][0m   Iteration 5/10 (85/680 total)...
[0;32m[19:20:17][0m     → PASS (P=0.0%, 0s)
[0;34m[19:20:17][0m   Iteration 6/10 (86/680 total)...
[0;32m[19:20:17][0m     → PASS (P=0.0%, 0s)
[0;34m[19:20:17][0m   Iteration 7/10 (87/680 total)...
[0;32m[19:20:17][0m     → PASS (P=0.0%, 0s)
[0;34m[19:20:17][0m   Iteration 8/10 (88/680 total)...
[0;32m[19:20:18][0m     → PASS (P=0.0%, 0s)
[0;34m[19:20:18][0m   Iteration 9/10 (89/680 total)...
[0;32m[19:20:18][0m     → PASS (P=0.0%, 0s)
[0;34m[19:20:18][0m   Iteration 10/10 (90/680 total)...
[0;32m[19:20:18][0m     → PASS (P=0.0%, 0s)
[0;34m[19:20:18][0m [10/68] C/C++ / libsodium / c_libraries::libsodium::libsodium_ed25519_sign_constant_time
[0;34m[19:20:18][0m   Iteration 1/10 (91/680 total)...
[1;33m[19:20:18][0m     → UNKNOWN
[0;34m[19:20:18][0m   Iteration 2/10 (92/680 total)...
[1;33m[19:20:19][0m     → UNKNOWN
[0;34m[19:20:19][0m   Iteration 3/10 (93/680 total)...
[1;33m[19:20:19][0m     → UNKNOWN
[0;34m[19:20:19][0m   Iteration 4/10 (94/680 total)...
[1;33m[19:20:20][0m     → UNKNOWN
[0;34m[19:20:20][0m   Iteration 5/10 (95/680 total)...
[1;33m[19:20:20][0m     → UNKNOWN
[0;34m[19:20:20][0m   Iteration 6/10 (96/680 total)...
[1;33m[19:20:21][0m     → UNKNOWN
[0;34m[19:20:21][0m   Iteration 7/10 (97/680 total)...
[1;33m[19:20:21][0m     → UNKNOWN
[0;34m[19:20:21][0m   Iteration 8/10 (98/680 total)...
[1;33m[19:20:21][0m     → UNKNOWN
[0;34m[19:20:21][0m   Iteration 9/10 (99/680 total)...
[1;33m[19:20:22][0m     → UNKNOWN
[0;34m[19:20:22][0m   Iteration 10/10 (100/680 total)...
[1;33m[19:20:22][0m     → UNKNOWN
[0;34m[19:20:22][0m [11/68] C/C++ / libsodium / c_libraries::libsodium::libsodium_ed25519_verify_constant_time
[0;34m[19:20:22][0m   Iteration 1/10 (101/680 total)...
[1;33m[19:20:23][0m     → UNKNOWN
[0;34m[19:20:23][0m   Iteration 2/10 (102/680 total)...
[0;32m[19:20:26][0m     → PASS (P=10.1%, 3s)
[0;34m[19:20:26][0m   Iteration 3/10 (103/680 total)...
[1;33m[19:20:27][0m     → UNKNOWN
[0;34m[19:20:27][0m   Iteration 4/10 (104/680 total)...
[0;32m[19:20:30][0m     → PASS (P=14.1%, 3s)
[0;34m[19:20:30][0m   Iteration 5/10 (105/680 total)...
[0;32m[19:20:31][0m     → PASS (P=0.6%, 1s)
[0;34m[19:20:31][0m   Iteration 6/10 (106/680 total)...
[0;32m[19:20:32][0m     → PASS (P=0.5%, 1s)
[0;34m[19:20:32][0m   Iteration 7/10 (107/680 total)...
[0;32m[19:20:33][0m     → PASS (P=0.4%, 1s)
[0;34m[19:20:33][0m   Iteration 8/10 (108/680 total)...
[1;33m[19:20:33][0m     → UNKNOWN
[0;34m[19:20:33][0m   Iteration 9/10 (109/680 total)...
[1;33m[19:20:34][0m     → UNKNOWN
[0;34m[19:20:34][0m   Iteration 10/10 (110/680 total)...
[0;32m[19:20:35][0m     → PASS (P=3.4%, 1s)
[0;34m[19:20:35][0m [12/68] C/C++ / libsodium / c_libraries::libsodium::libsodium_x25519_scalar_mult_constant_time
[0;34m[19:20:35][0m   Iteration 1/10 (111/680 total)...
[1;33m[19:20:36][0m     → UNKNOWN
[0;34m[19:20:36][0m   Iteration 2/10 (112/680 total)...
[1;33m[19:20:36][0m     → UNKNOWN
[0;34m[19:20:36][0m   Iteration 3/10 (113/680 total)...
[1;33m[19:20:37][0m     → UNKNOWN
[0;34m[19:20:37][0m   Iteration 4/10 (114/680 total)...
[1;33m[19:20:38][0m     → UNKNOWN
[0;34m[19:20:38][0m   Iteration 5/10 (115/680 total)...
[1;33m[19:20:38][0m     → UNKNOWN
[0;34m[19:20:38][0m   Iteration 6/10 (116/680 total)...
[1;33m[19:20:39][0m     → UNKNOWN
[0;34m[19:20:39][0m   Iteration 7/10 (117/680 total)...
[1;33m[19:20:40][0m     → UNKNOWN
[0;34m[19:20:40][0m   Iteration 8/10 (118/680 total)...
[1;33m[19:20:40][0m     → UNKNOWN
[0;34m[19:20:40][0m   Iteration 9/10 (119/680 total)...
[1;33m[19:20:41][0m     → UNKNOWN
[0;34m[19:20:41][0m   Iteration 10/10 (120/680 total)...
[1;33m[19:20:42][0m     → UNKNOWN
[0;34m[19:20:42][0m [13/68] Rust / dalek / dalek::x25519::x25519_byte_pattern_independence
[0;34m[19:20:42][0m   Iteration 1/10 (121/680 total)...
[0;32m[19:20:42][0m     → PASS (P=0.1%, 0s)
[0;34m[19:20:42][0m   Iteration 2/10 (122/680 total)...
[0;32m[19:20:43][0m     → PASS (P=0.4%, 1s)
[0;34m[19:20:43][0m   Iteration 3/10 (123/680 total)...
[0;32m[19:20:44][0m     → PASS (P=0.6%, 1s)
[0;34m[19:20:44][0m   Iteration 4/10 (124/680 total)...
[0;32m[19:20:45][0m     → PASS (P=0.2%, 1s)
[0;34m[19:20:45][0m   Iteration 5/10 (125/680 total)...
[0;32m[19:20:45][0m     → PASS (P=0.7%, 0s)
[0;34m[19:20:45][0m   Iteration 6/10 (126/680 total)...
[0;32m[19:20:46][0m     → PASS (P=0.0%, 1s)
[0;34m[19:20:46][0m   Iteration 7/10 (127/680 total)...
[0;32m[19:20:47][0m     → PASS (P=0.1%, 1s)
[0;34m[19:20:47][0m   Iteration 8/10 (128/680 total)...
[1;33m[19:20:47][0m     → UNKNOWN
[0;34m[19:20:47][0m   Iteration 9/10 (129/680 total)...
[0;32m[19:20:48][0m     → PASS (P=0.5%, 1s)
[0;34m[19:20:48][0m   Iteration 10/10 (130/680 total)...
[0;32m[19:20:49][0m     → PASS (P=0.3%, 1s)
[0;34m[19:20:49][0m [14/68] Rust / dalek / dalek::x25519::x25519_different_basepoints_constant_time
[0;34m[19:20:49][0m   Iteration 1/10 (131/680 total)...
[0;32m[19:20:50][0m     → PASS (P=0.9%, 1s)
[0;34m[19:20:50][0m   Iteration 2/10 (132/680 total)...
[0;32m[19:20:51][0m     → PASS (P=1.2%, 1s)
[0;34m[19:20:51][0m   Iteration 3/10 (133/680 total)...
[0;32m[19:20:52][0m     → PASS (P=0.3%, 1s)
[0;34m[19:20:52][0m   Iteration 4/10 (134/680 total)...
[0;32m[19:20:52][0m     → PASS (P=0.9%, 0s)
[0;34m[19:20:52][0m   Iteration 5/10 (135/680 total)...
[0;32m[19:20:53][0m     → PASS (P=3.3%, 1s)
[0;34m[19:20:53][0m   Iteration 6/10 (136/680 total)...
[0;32m[19:20:54][0m     → PASS (P=4.7%, 1s)
[0;34m[19:20:54][0m   Iteration 7/10 (137/680 total)...
[0;32m[19:20:55][0m     → PASS (P=0.8%, 1s)
[0;34m[19:20:55][0m   Iteration 8/10 (138/680 total)...
[0;32m[19:20:56][0m     → PASS (P=0.4%, 1s)
[0;34m[19:20:56][0m   Iteration 9/10 (139/680 total)...
[0;32m[19:20:57][0m     → PASS (P=0.7%, 1s)
[0;34m[19:20:57][0m   Iteration 10/10 (140/680 total)...
[1;33m[19:20:57][0m     → UNKNOWN
[0;34m[19:20:57][0m [15/68] Rust / dalek / dalek::x25519::x25519_ecdh_exchange_constant_time
[0;34m[19:20:57][0m   Iteration 1/10 (141/680 total)...
[0;32m[19:20:58][0m     → PASS (P=3.8%, 1s)
[0;34m[19:20:58][0m   Iteration 2/10 (142/680 total)...
[0;32m[19:20:59][0m     → PASS (P=0.7%, 1s)
[0;34m[19:20:59][0m   Iteration 3/10 (143/680 total)...
[1;33m[19:21:00][0m     → UNKNOWN
[0;34m[19:21:00][0m   Iteration 4/10 (144/680 total)...
[0;32m[19:21:01][0m     → PASS (P=0.3%, 1s)
[0;34m[19:21:01][0m   Iteration 5/10 (145/680 total)...
[0;32m[19:21:01][0m     → PASS (P=4.7%, 0s)
[0;34m[19:21:01][0m   Iteration 6/10 (146/680 total)...
[0;32m[19:21:02][0m     → PASS (P=0.5%, 1s)
[0;34m[19:21:02][0m   Iteration 7/10 (147/680 total)...
[1;33m[19:21:03][0m     → UNKNOWN
[0;34m[19:21:03][0m   Iteration 8/10 (148/680 total)...
[0;32m[19:21:04][0m     → PASS (P=1.1%, 1s)
[0;34m[19:21:04][0m   Iteration 9/10 (149/680 total)...
[0;32m[19:21:05][0m     → PASS (P=0.5%, 1s)
[0;34m[19:21:05][0m   Iteration 10/10 (150/680 total)...
[0;32m[19:21:05][0m     → PASS (P=3.5%, 0s)
[0;34m[19:21:05][0m [16/68] Rust / dalek / dalek::x25519::x25519_hamming_weight_independence
[0;34m[19:21:05][0m   Iteration 1/10 (151/680 total)...
[0;32m[19:21:06][0m     → PASS (P=0.5%, 1s)
[0;34m[19:21:06][0m   Iteration 2/10 (152/680 total)...
[0;32m[19:21:07][0m     → PASS (P=2.5%, 1s)
[0;34m[19:21:07][0m   Iteration 3/10 (153/680 total)...
[0;32m[19:21:08][0m     → PASS (P=0.3%, 1s)
[0;34m[19:21:08][0m   Iteration 4/10 (154/680 total)...
[0;32m[19:21:09][0m     → PASS (P=1.0%, 1s)
[0;34m[19:21:09][0m   Iteration 5/10 (155/680 total)...
[0;32m[19:21:09][0m     → PASS (P=0.4%, 0s)
[0;34m[19:21:09][0m   Iteration 6/10 (156/680 total)...
[0;32m[19:21:10][0m     → PASS (P=0.3%, 1s)
[0;34m[19:21:10][0m   Iteration 7/10 (157/680 total)...
[1;33m[19:21:11][0m     → UNKNOWN
[0;34m[19:21:11][0m   Iteration 8/10 (158/680 total)...
[0;32m[19:21:12][0m     → PASS (P=2.4%, 1s)
[0;34m[19:21:12][0m   Iteration 9/10 (159/680 total)...
[1;33m[19:21:13][0m     → UNKNOWN
[0;34m[19:21:13][0m   Iteration 10/10 (160/680 total)...
[1;33m[19:21:14][0m     → UNKNOWN
[0;34m[19:21:14][0m [17/68] Rust / dalek / dalek::x25519::x25519_multiple_operations_constant_time
[0;34m[19:21:14][0m   Iteration 1/10 (161/680 total)...
[1;33m[19:21:16][0m     → UNKNOWN
[0;34m[19:21:16][0m   Iteration 2/10 (162/680 total)...
[1;33m[19:21:18][0m     → UNKNOWN
[0;34m[19:21:18][0m   Iteration 3/10 (163/680 total)...
[1;33m[19:21:20][0m     → UNKNOWN
[0;34m[19:21:20][0m   Iteration 4/10 (164/680 total)...
[1;33m[19:21:22][0m     → UNKNOWN
[0;34m[19:21:22][0m   Iteration 5/10 (165/680 total)...
[1;33m[19:21:23][0m     → UNKNOWN
[0;34m[19:21:23][0m   Iteration 6/10 (166/680 total)...
[1;33m[19:21:25][0m     → UNKNOWN
[0;34m[19:21:25][0m   Iteration 7/10 (167/680 total)...
[1;33m[19:21:27][0m     → UNKNOWN
[0;34m[19:21:27][0m   Iteration 8/10 (168/680 total)...
[1;33m[19:21:29][0m     → UNKNOWN
[0;34m[19:21:29][0m   Iteration 9/10 (169/680 total)...
[1;33m[19:21:31][0m     → UNKNOWN
[0;34m[19:21:31][0m   Iteration 10/10 (170/680 total)...
[1;33m[19:21:32][0m     → UNKNOWN
[0;34m[19:21:32][0m [18/68] Rust / dalek / dalek::x25519::x25519_scalar_clamping_constant_time
[0;34m[19:21:32][0m   Iteration 1/10 (171/680 total)...
[0;32m[19:21:33][0m     → PASS (P=0.1%, 1s)
[0;34m[19:21:33][0m   Iteration 2/10 (172/680 total)...
[0;32m[19:21:34][0m     → PASS (P=0.0%, 1s)
[0;34m[19:21:34][0m   Iteration 3/10 (173/680 total)...
[1;33m[19:21:34][0m     → UNKNOWN
[0;34m[19:21:34][0m   Iteration 4/10 (174/680 total)...
[0;32m[19:21:35][0m     → PASS (P=0.4%, 1s)
[0;34m[19:21:35][0m   Iteration 5/10 (175/680 total)...
[0;32m[19:21:36][0m     → PASS (P=0.9%, 1s)
[0;34m[19:21:36][0m   Iteration 6/10 (176/680 total)...
[0;32m[19:21:37][0m     → PASS (P=0.4%, 1s)
[0;34m[19:21:37][0m   Iteration 7/10 (177/680 total)...
[0;32m[19:21:38][0m     → PASS (P=0.5%, 1s)
[0;34m[19:21:38][0m   Iteration 8/10 (178/680 total)...
[0;32m[19:21:38][0m     → PASS (P=3.8%, 0s)
[0;34m[19:21:38][0m   Iteration 9/10 (179/680 total)...
[0;32m[19:21:39][0m     → PASS (P=1.8%, 1s)
[0;34m[19:21:39][0m   Iteration 10/10 (180/680 total)...
[0;32m[19:21:40][0m     → PASS (P=0.9%, 1s)
[0;34m[19:21:40][0m [19/68] Rust / dalek / dalek::x25519::x25519_scalar_mult_constant_time
[0;34m[19:21:40][0m   Iteration 1/10 (181/680 total)...
[0;32m[19:21:41][0m     → PASS (P=0.2%, 1s)
[0;34m[19:21:41][0m   Iteration 2/10 (182/680 total)...
[0;32m[19:21:42][0m     → PASS (P=4.2%, 1s)
[0;34m[19:21:42][0m   Iteration 3/10 (183/680 total)...
[0;32m[19:21:43][0m     → PASS (P=0.4%, 1s)
[0;34m[19:21:43][0m   Iteration 4/10 (184/680 total)...
[1;33m[19:21:44][0m     → UNKNOWN
[0;34m[19:21:44][0m   Iteration 5/10 (185/680 total)...
[0;32m[19:21:44][0m     → PASS (P=0.3%, 0s)
[0;34m[19:21:44][0m   Iteration 6/10 (186/680 total)...
[0;32m[19:21:45][0m     → PASS (P=0.4%, 1s)
[0;34m[19:21:45][0m   Iteration 7/10 (187/680 total)...
[0;32m[19:21:46][0m     → PASS (P=0.7%, 1s)
[0;34m[19:21:46][0m   Iteration 8/10 (188/680 total)...
[0;32m[19:21:47][0m     → PASS (P=3.5%, 1s)
[0;34m[19:21:47][0m   Iteration 9/10 (189/680 total)...
[1;33m[19:21:48][0m     → UNKNOWN
[0;34m[19:21:48][0m   Iteration 10/10 (190/680 total)...
[0;32m[19:21:48][0m     → PASS (P=1.9%, 0s)
[0;34m[19:21:48][0m [20/68] Rust / pqcrypto / pqcrypto::dilithium::pqcrypto_dilithium3_keypair_ct
[0;34m[19:21:48][0m   Iteration 1/10 (191/680 total)...
[1;33m[19:21:49][0m     → UNKNOWN
[0;34m[19:21:49][0m   Iteration 2/10 (192/680 total)...
[1;33m[19:21:50][0m     → UNKNOWN
[0;34m[19:21:50][0m   Iteration 3/10 (193/680 total)...
[1;33m[19:21:50][0m     → UNKNOWN
[0;34m[19:21:50][0m   Iteration 4/10 (194/680 total)...
[1;33m[19:21:51][0m     → UNKNOWN
[0;34m[19:21:51][0m   Iteration 5/10 (195/680 total)...
[1;33m[19:21:52][0m     → UNKNOWN
[0;34m[19:21:52][0m   Iteration 6/10 (196/680 total)...
[1;33m[19:21:53][0m     → UNKNOWN
[0;34m[19:21:53][0m   Iteration 7/10 (197/680 total)...
[1;33m[19:21:53][0m     → UNKNOWN
[0;34m[19:21:53][0m   Iteration 8/10 (198/680 total)...
[1;33m[19:21:54][0m     → UNKNOWN
[0;34m[19:21:54][0m   Iteration 9/10 (199/680 total)...
[1;33m[19:21:55][0m     → UNKNOWN
[0;34m[19:21:55][0m   Iteration 10/10 (200/680 total)...
[1;33m[19:21:55][0m     → UNKNOWN
[0;34m[19:21:55][0m [21/68] Rust / pqcrypto / pqcrypto::dilithium::pqcrypto_dilithium3_message_hamming
[0;34m[19:21:55][0m   Iteration 1/10 (201/680 total)...
[1;33m[19:21:57][0m     → UNKNOWN
[0;34m[19:21:57][0m   Iteration 2/10 (202/680 total)...
[1;33m[19:21:59][0m     → UNKNOWN
[0;34m[19:21:59][0m   Iteration 3/10 (203/680 total)...
[1;33m[19:22:00][0m     → UNKNOWN
[0;34m[19:22:00][0m   Iteration 4/10 (204/680 total)...
[1;33m[19:22:02][0m     → UNKNOWN
[0;34m[19:22:02][0m   Iteration 5/10 (205/680 total)...
[1;33m[19:22:03][0m     → UNKNOWN
[0;34m[19:22:03][0m   Iteration 6/10 (206/680 total)...
[1;33m[19:22:04][0m     → UNKNOWN
[0;34m[19:22:04][0m   Iteration 7/10 (207/680 total)...
[1;33m[19:22:05][0m     → UNKNOWN
[0;34m[19:22:05][0m   Iteration 8/10 (208/680 total)...
[1;33m[19:22:07][0m     → UNKNOWN
[0;34m[19:22:07][0m   Iteration 9/10 (209/680 total)...
[1;33m[19:22:09][0m     → UNKNOWN
[0;34m[19:22:09][0m   Iteration 10/10 (210/680 total)...
[1;33m[19:22:10][0m     → UNKNOWN
[0;34m[19:22:10][0m [22/68] Rust / pqcrypto / pqcrypto::dilithium::pqcrypto_dilithium3_sign_ct
[0;34m[19:22:10][0m   Iteration 1/10 (211/680 total)...
[1;33m[19:22:11][0m     → UNKNOWN
[0;34m[19:22:11][0m   Iteration 2/10 (212/680 total)...
[1;33m[19:22:16][0m     → UNKNOWN
[0;34m[19:22:16][0m   Iteration 3/10 (213/680 total)...
[1;33m[19:22:17][0m     → UNKNOWN
[0;34m[19:22:17][0m   Iteration 4/10 (214/680 total)...
[1;33m[19:22:17][0m     → UNKNOWN
[0;34m[19:22:17][0m   Iteration 5/10 (215/680 total)...
[1;33m[19:22:19][0m     → UNKNOWN
[0;34m[19:22:19][0m   Iteration 6/10 (216/680 total)...
[1;33m[19:22:20][0m     → UNKNOWN
[0;34m[19:22:20][0m   Iteration 7/10 (217/680 total)...
[1;33m[19:22:20][0m     → UNKNOWN
[0;34m[19:22:20][0m   Iteration 8/10 (218/680 total)...
[1;33m[19:22:23][0m     → UNKNOWN
[0;34m[19:22:23][0m   Iteration 9/10 (219/680 total)...
[1;33m[19:22:24][0m     → UNKNOWN
[0;34m[19:22:24][0m   Iteration 10/10 (220/680 total)...
[1;33m[19:22:27][0m     → UNKNOWN
[0;34m[19:22:27][0m [23/68] Rust / pqcrypto / pqcrypto::falcon::pqcrypto_falcon512_sign_ct
[0;34m[19:22:27][0m   Iteration 1/10 (221/680 total)...
[1;33m[19:22:29][0m     → UNKNOWN
[0;34m[19:22:29][0m   Iteration 2/10 (222/680 total)...
[1;33m[19:22:32][0m     → UNKNOWN
[0;34m[19:22:32][0m   Iteration 3/10 (223/680 total)...
[1;33m[19:22:35][0m     → UNKNOWN
[0;34m[19:22:35][0m   Iteration 4/10 (224/680 total)...
[1;33m[19:22:37][0m     → UNKNOWN
[0;34m[19:22:37][0m   Iteration 5/10 (225/680 total)...
[1;33m[19:22:40][0m     → UNKNOWN
[0;34m[19:22:40][0m   Iteration 6/10 (226/680 total)...
[1;33m[19:22:43][0m     → UNKNOWN
[0;34m[19:22:43][0m   Iteration 7/10 (227/680 total)...
[1;33m[19:22:45][0m     → UNKNOWN
[0;34m[19:22:45][0m   Iteration 8/10 (228/680 total)...
[1;33m[19:22:48][0m     → UNKNOWN
[0;34m[19:22:48][0m   Iteration 9/10 (229/680 total)...
[1;33m[19:22:51][0m     → UNKNOWN
[0;34m[19:22:51][0m   Iteration 10/10 (230/680 total)...
[1;33m[19:22:53][0m     → UNKNOWN
[0;34m[19:22:53][0m [24/68] Rust / pqcrypto / pqcrypto::falcon::pqcrypto_falcon512_verify_ct
[0;34m[19:22:53][0m   Iteration 1/10 (231/680 total)...
[1;33m[19:22:54][0m     → UNKNOWN
[0;34m[19:22:54][0m   Iteration 2/10 (232/680 total)...
[1;33m[19:22:55][0m     → UNKNOWN
[0;34m[19:22:55][0m   Iteration 3/10 (233/680 total)...
[1;33m[19:22:57][0m     → UNKNOWN
[0;34m[19:22:57][0m   Iteration 4/10 (234/680 total)...
[1;33m[19:22:58][0m     → UNKNOWN
[0;34m[19:22:58][0m   Iteration 5/10 (235/680 total)...
[1;33m[19:22:59][0m     → UNKNOWN
[0;34m[19:22:59][0m   Iteration 6/10 (236/680 total)...
[1;33m[19:23:00][0m     → UNKNOWN
[0;34m[19:23:00][0m   Iteration 7/10 (237/680 total)...
[1;33m[19:23:01][0m     → UNKNOWN
[0;34m[19:23:01][0m   Iteration 8/10 (238/680 total)...
[1;33m[19:23:02][0m     → UNKNOWN
[0;34m[19:23:02][0m   Iteration 9/10 (239/680 total)...
[1;33m[19:23:03][0m     → UNKNOWN
[0;34m[19:23:03][0m   Iteration 10/10 (240/680 total)...
[1;33m[19:23:04][0m     → UNKNOWN
[0;34m[19:23:04][0m [25/68] Rust / pqcrypto / pqcrypto::kyber::pqcrypto_kyber768_ciphertext_independence
[0;34m[19:23:04][0m   Iteration 1/10 (241/680 total)...
[1;33m[19:23:05][0m     → UNKNOWN
[0;34m[19:23:05][0m   Iteration 2/10 (242/680 total)...
[1;33m[19:23:05][0m     → UNKNOWN
[0;34m[19:23:05][0m   Iteration 3/10 (243/680 total)...
[1;33m[19:23:06][0m     → UNKNOWN
[0;34m[19:23:06][0m   Iteration 4/10 (244/680 total)...
[1;33m[19:23:07][0m     → UNKNOWN
[0;34m[19:23:07][0m   Iteration 5/10 (245/680 total)...
[1;33m[19:23:07][0m     → UNKNOWN
[0;34m[19:23:07][0m   Iteration 6/10 (246/680 total)...
[1;33m[19:23:08][0m     → UNKNOWN
[0;34m[19:23:08][0m   Iteration 7/10 (247/680 total)...
[1;33m[19:23:08][0m     → UNKNOWN
[0;34m[19:23:08][0m   Iteration 8/10 (248/680 total)...
[1;33m[19:23:09][0m     → UNKNOWN
[0;34m[19:23:09][0m   Iteration 9/10 (249/680 total)...
[1;33m[19:23:09][0m     → UNKNOWN
[0;34m[19:23:09][0m   Iteration 10/10 (250/680 total)...
[1;33m[19:23:10][0m     → UNKNOWN
[0;34m[19:23:10][0m [26/68] Rust / pqcrypto / pqcrypto::kyber::pqcrypto_kyber768_decapsulate_ct
[0;34m[19:23:10][0m   Iteration 1/10 (251/680 total)...
[1;33m[19:23:10][0m     → UNKNOWN
[0;34m[19:23:10][0m   Iteration 2/10 (252/680 total)...
[1;33m[19:23:11][0m     → UNKNOWN
[0;34m[19:23:11][0m   Iteration 3/10 (253/680 total)...
[1;33m[19:23:11][0m     → UNKNOWN
[0;34m[19:23:11][0m   Iteration 4/10 (254/680 total)...
[1;33m[19:23:12][0m     → UNKNOWN
[0;34m[19:23:12][0m   Iteration 5/10 (255/680 total)...
[1;33m[19:23:12][0m     → UNKNOWN
[0;34m[19:23:12][0m   Iteration 6/10 (256/680 total)...
[1;33m[19:23:13][0m     → UNKNOWN
[0;34m[19:23:13][0m   Iteration 7/10 (257/680 total)...
[1;33m[19:23:13][0m     → UNKNOWN
[0;34m[19:23:13][0m   Iteration 8/10 (258/680 total)...
[1;33m[19:23:14][0m     → UNKNOWN
[0;34m[19:23:14][0m   Iteration 9/10 (259/680 total)...
[1;33m[19:23:14][0m     → UNKNOWN
[0;34m[19:23:14][0m   Iteration 10/10 (260/680 total)...
[1;33m[19:23:15][0m     → UNKNOWN
[0;34m[19:23:15][0m [27/68] Rust / pqcrypto / pqcrypto::kyber::pqcrypto_kyber768_encapsulate_ct
[0;34m[19:23:15][0m   Iteration 1/10 (261/680 total)...
[1;33m[19:23:16][0m     → UNKNOWN
[0;34m[19:23:16][0m   Iteration 2/10 (262/680 total)...
[1;33m[19:23:16][0m     → UNKNOWN
[0;34m[19:23:16][0m   Iteration 3/10 (263/680 total)...
[1;33m[19:23:17][0m     → UNKNOWN
[0;34m[19:23:17][0m   Iteration 4/10 (264/680 total)...
[1;33m[19:23:17][0m     → UNKNOWN
[0;34m[19:23:17][0m   Iteration 5/10 (265/680 total)...
[1;33m[19:23:18][0m     → UNKNOWN
[0;34m[19:23:18][0m   Iteration 6/10 (266/680 total)...
[1;33m[19:23:19][0m     → UNKNOWN
[0;34m[19:23:19][0m   Iteration 7/10 (267/680 total)...
[1;33m[19:23:19][0m     → UNKNOWN
[0;34m[19:23:19][0m   Iteration 8/10 (268/680 total)...
[1;33m[19:23:20][0m     → UNKNOWN
[0;34m[19:23:20][0m   Iteration 9/10 (269/680 total)...
[1;33m[19:23:21][0m     → UNKNOWN
[0;34m[19:23:21][0m   Iteration 10/10 (270/680 total)...
[1;33m[19:23:21][0m     → UNKNOWN
[0;34m[19:23:21][0m [28/68] Rust / pqcrypto / pqcrypto::kyber::pqcrypto_kyber768_keypair_ct
[0;34m[19:23:21][0m   Iteration 1/10 (271/680 total)...
[1;33m[19:23:22][0m     → UNKNOWN
[0;34m[19:23:22][0m   Iteration 2/10 (272/680 total)...
[1;33m[19:23:22][0m     → UNKNOWN
[0;34m[19:23:22][0m   Iteration 3/10 (273/680 total)...
[1;33m[19:23:22][0m     → UNKNOWN
[0;34m[19:23:22][0m   Iteration 4/10 (274/680 total)...
[1;33m[19:23:23][0m     → UNKNOWN
[0;34m[19:23:23][0m   Iteration 5/10 (275/680 total)...
[1;33m[19:23:23][0m     → UNKNOWN
[0;34m[19:23:23][0m   Iteration 6/10 (276/680 total)...
[1;33m[19:23:24][0m     → UNKNOWN
[0;34m[19:23:24][0m   Iteration 7/10 (277/680 total)...
[1;33m[19:23:24][0m     → UNKNOWN
[0;34m[19:23:24][0m   Iteration 8/10 (278/680 total)...
[1;33m[19:23:24][0m     → UNKNOWN
[0;34m[19:23:24][0m   Iteration 9/10 (279/680 total)...
[1;33m[19:23:25][0m     → UNKNOWN
[0;34m[19:23:25][0m   Iteration 10/10 (280/680 total)...
[1;33m[19:23:25][0m     → UNKNOWN
[0;34m[19:23:25][0m [29/68] Rust / pqcrypto / pqcrypto::sphincs::pqcrypto_sphincs_sha2_128f_sign_ct
[0;34m[19:23:25][0m   Iteration 1/10 (281/680 total)...
[1;33m[19:23:25][0m     → UNKNOWN
[0;34m[19:23:25][0m   Iteration 2/10 (282/680 total)...
[1;33m[19:23:25][0m     → UNKNOWN
[0;34m[19:23:25][0m   Iteration 3/10 (283/680 total)...
[1;33m[19:23:25][0m     → UNKNOWN
[0;34m[19:23:25][0m   Iteration 4/10 (284/680 total)...
[1;33m[19:23:25][0m     → UNKNOWN
[0;34m[19:23:25][0m   Iteration 5/10 (285/680 total)...
[1;33m[19:23:25][0m     → UNKNOWN
[0;34m[19:23:25][0m   Iteration 6/10 (286/680 total)...
[1;33m[19:23:25][0m     → UNKNOWN
[0;34m[19:23:25][0m   Iteration 7/10 (287/680 total)...
[1;33m[19:23:25][0m     → UNKNOWN
[0;34m[19:23:25][0m   Iteration 8/10 (288/680 total)...
[1;33m[19:23:25][0m     → UNKNOWN
[0;34m[19:23:25][0m   Iteration 9/10 (289/680 total)...
[1;33m[19:23:26][0m     → UNKNOWN
[0;34m[19:23:26][0m   Iteration 10/10 (290/680 total)...
[1;33m[19:23:26][0m     → UNKNOWN
[0;34m[19:23:26][0m [30/68] Rust / pqcrypto / pqcrypto::sphincs::pqcrypto_sphincs_sha2_128f_verify_ct
[0;34m[19:23:26][0m   Iteration 1/10 (291/680 total)...
[1;33m[19:23:26][0m     → UNKNOWN
[0;34m[19:23:26][0m   Iteration 2/10 (292/680 total)...
[1;33m[19:23:26][0m     → UNKNOWN
[0;34m[19:23:26][0m   Iteration 3/10 (293/680 total)...
[1;33m[19:23:26][0m     → UNKNOWN
[0;34m[19:23:26][0m   Iteration 4/10 (294/680 total)...
[1;33m[19:23:26][0m     → UNKNOWN
[0;34m[19:23:26][0m   Iteration 5/10 (295/680 total)...
[1;33m[19:23:26][0m     → UNKNOWN
[0;34m[19:23:26][0m   Iteration 6/10 (296/680 total)...
[1;33m[19:23:26][0m     → UNKNOWN
[0;34m[19:23:26][0m   Iteration 7/10 (297/680 total)...
[1;33m[19:23:26][0m     → UNKNOWN
[0;34m[19:23:26][0m   Iteration 8/10 (298/680 total)...
[1;33m[19:23:26][0m     → UNKNOWN
[0;34m[19:23:26][0m   Iteration 9/10 (299/680 total)...
[1;33m[19:23:26][0m     → UNKNOWN
[0;34m[19:23:26][0m   Iteration 10/10 (300/680 total)...
[1;33m[19:23:26][0m     → UNKNOWN
[0;34m[19:23:26][0m [31/68] Rust / ring / ring::aes_gcm::ring_aes256gcm_decrypt_ct
[0;34m[19:23:26][0m   Iteration 1/10 (301/680 total)...
[0;32m[19:23:26][0m     → PASS (P=0.0%, 0s)
[0;34m[19:23:26][0m   Iteration 2/10 (302/680 total)...
[0;32m[19:23:26][0m     → PASS (P=0.0%, 0s)
[0;34m[19:23:26][0m   Iteration 3/10 (303/680 total)...
[0;32m[19:23:27][0m     → PASS (P=0.0%, 1s)
[0;34m[19:23:27][0m   Iteration 4/10 (304/680 total)...
[0;32m[19:23:27][0m     → PASS (P=0.0%, 0s)
[0;34m[19:23:27][0m   Iteration 5/10 (305/680 total)...
[0;32m[19:23:27][0m     → PASS (P=0.0%, 0s)
[0;34m[19:23:27][0m   Iteration 6/10 (306/680 total)...
[0;32m[19:23:27][0m     → PASS (P=0.0%, 0s)
[0;34m[19:23:27][0m   Iteration 7/10 (307/680 total)...
[0;32m[19:23:28][0m     → PASS (P=0.0%, 1s)
[0;34m[19:23:28][0m   Iteration 8/10 (308/680 total)...
[0;32m[19:23:28][0m     → PASS (P=0.0%, 0s)
[0;34m[19:23:28][0m   Iteration 9/10 (309/680 total)...
[0;32m[19:23:28][0m     → PASS (P=0.0%, 0s)
[0;34m[19:23:28][0m   Iteration 10/10 (310/680 total)...
[0;32m[19:23:28][0m     → PASS (P=0.0%, 0s)
[0;34m[19:23:28][0m [32/68] Rust / ring / ring::aes_gcm::ring_aes256gcm_encrypt_ct
[0;34m[19:23:28][0m   Iteration 1/10 (311/680 total)...
[0;32m[19:23:29][0m     → PASS (P=0.0%, 1s)
[0;34m[19:23:29][0m   Iteration 2/10 (312/680 total)...
[0;32m[19:23:29][0m     → PASS (P=0.0%, 0s)
[0;34m[19:23:29][0m   Iteration 3/10 (313/680 total)...
[0;32m[19:23:29][0m     → PASS (P=0.0%, 0s)
[0;34m[19:23:29][0m   Iteration 4/10 (314/680 total)...
[0;32m[19:23:29][0m     → PASS (P=0.0%, 0s)
[0;34m[19:23:29][0m   Iteration 5/10 (315/680 total)...
[0;32m[19:23:29][0m     → PASS (P=0.0%, 0s)
[0;34m[19:23:29][0m   Iteration 6/10 (316/680 total)...
[0;32m[19:23:30][0m     → PASS (P=0.0%, 1s)
[0;34m[19:23:30][0m   Iteration 7/10 (317/680 total)...
[1;33m[19:23:30][0m     → UNKNOWN
[0;34m[19:23:30][0m   Iteration 8/10 (318/680 total)...
[0;32m[19:23:30][0m     → PASS (P=0.1%, 0s)
[0;34m[19:23:30][0m   Iteration 9/10 (319/680 total)...
[0;32m[19:23:30][0m     → PASS (P=0.0%, 0s)
[0;34m[19:23:30][0m   Iteration 10/10 (320/680 total)...
[0;32m[19:23:31][0m     → PASS (P=0.0%, 1s)
[0;34m[19:23:31][0m [33/68] Rust / ring / ring::aes_gcm::ring_aes256gcm_hamming
[0;34m[19:23:31][0m   Iteration 1/10 (321/680 total)...
[0;32m[19:23:31][0m     → PASS (P=0.0%, 0s)
[0;34m[19:23:31][0m   Iteration 2/10 (322/680 total)...
[0;32m[19:23:31][0m     → PASS (P=0.0%, 0s)
[0;34m[19:23:31][0m   Iteration 3/10 (323/680 total)...
[0;32m[19:23:31][0m     → PASS (P=0.0%, 0s)
[0;34m[19:23:31][0m   Iteration 4/10 (324/680 total)...
[0;32m[19:23:31][0m     → PASS (P=0.0%, 0s)
[0;34m[19:23:31][0m   Iteration 5/10 (325/680 total)...
[0;32m[19:23:32][0m     → PASS (P=0.0%, 1s)
[0;34m[19:23:32][0m   Iteration 6/10 (326/680 total)...
[0;32m[19:23:32][0m     → PASS (P=0.0%, 0s)
[0;34m[19:23:32][0m   Iteration 7/10 (327/680 total)...
[0;32m[19:23:32][0m     → PASS (P=0.0%, 0s)
[0;34m[19:23:32][0m   Iteration 8/10 (328/680 total)...
[0;32m[19:23:32][0m     → PASS (P=0.0%, 0s)
[0;34m[19:23:32][0m   Iteration 9/10 (329/680 total)...
[0;32m[19:23:33][0m     → PASS (P=0.0%, 1s)
[0;34m[19:23:33][0m   Iteration 10/10 (330/680 total)...
[0;32m[19:23:33][0m     → PASS (P=0.0%, 0s)
[0;34m[19:23:33][0m [34/68] Rust / ring / ring::chacha20poly1305::ring_chacha20poly1305_encrypt_ct
[0;34m[19:23:33][0m   Iteration 1/10 (331/680 total)...
[0;32m[19:23:33][0m     → PASS (P=0.0%, 0s)
[0;34m[19:23:33][0m   Iteration 2/10 (332/680 total)...
[0;32m[19:23:33][0m     → PASS (P=0.0%, 0s)
[0;34m[19:23:33][0m   Iteration 3/10 (333/680 total)...
[0;32m[19:23:34][0m     → PASS (P=0.0%, 1s)
[0;34m[19:23:34][0m   Iteration 4/10 (334/680 total)...
[0;32m[19:23:34][0m     → PASS (P=0.0%, 0s)
[0;34m[19:23:34][0m   Iteration 5/10 (335/680 total)...
[0;32m[19:23:34][0m     → PASS (P=0.0%, 0s)
[0;34m[19:23:34][0m   Iteration 6/10 (336/680 total)...
[0;32m[19:23:34][0m     → PASS (P=0.0%, 0s)
[0;34m[19:23:34][0m   Iteration 7/10 (337/680 total)...
[0;32m[19:23:34][0m     → PASS (P=0.0%, 0s)
[0;34m[19:23:34][0m   Iteration 8/10 (338/680 total)...
[0;32m[19:23:35][0m     → PASS (P=0.0%, 1s)
[0;34m[19:23:35][0m   Iteration 9/10 (339/680 total)...
[0;32m[19:23:35][0m     → PASS (P=0.0%, 0s)
[0;34m[19:23:35][0m   Iteration 10/10 (340/680 total)...
[0;32m[19:23:35][0m     → PASS (P=0.0%, 0s)
[0;34m[19:23:35][0m [35/68] Rust / orion / rust_libraries::orion::orion_aead_decrypt_constant_time
[0;34m[19:23:35][0m   Iteration 1/10 (341/680 total)...
[1;33m[19:23:35][0m     → UNKNOWN
[0;34m[19:23:35][0m   Iteration 2/10 (342/680 total)...
[1;33m[19:23:36][0m     → UNKNOWN
[0;34m[19:23:36][0m   Iteration 3/10 (343/680 total)...
[1;33m[19:23:36][0m     → UNKNOWN
[0;34m[19:23:36][0m   Iteration 4/10 (344/680 total)...
[1;33m[19:23:36][0m     → UNKNOWN
[0;34m[19:23:36][0m   Iteration 5/10 (345/680 total)...
[1;33m[19:23:36][0m     → UNKNOWN
[0;34m[19:23:36][0m   Iteration 6/10 (346/680 total)...
[1;33m[19:23:37][0m     → UNKNOWN
[0;34m[19:23:37][0m   Iteration 7/10 (347/680 total)...
[1;33m[19:23:37][0m     → UNKNOWN
[0;34m[19:23:37][0m   Iteration 8/10 (348/680 total)...
[1;33m[19:23:37][0m     → UNKNOWN
[0;34m[19:23:37][0m   Iteration 9/10 (349/680 total)...
[1;33m[19:23:37][0m     → UNKNOWN
[0;34m[19:23:37][0m   Iteration 10/10 (350/680 total)...
[1;33m[19:23:38][0m     → UNKNOWN
[0;34m[19:23:38][0m [36/68] Rust / orion / rust_libraries::orion::orion_aead_encrypt_constant_time
[0;34m[19:23:38][0m   Iteration 1/10 (351/680 total)...
[1;33m[19:23:38][0m     → UNKNOWN
[0;34m[19:23:38][0m   Iteration 2/10 (352/680 total)...
[1;33m[19:23:38][0m     → UNKNOWN
[0;34m[19:23:38][0m   Iteration 3/10 (353/680 total)...
[1;33m[19:23:38][0m     → UNKNOWN
[0;34m[19:23:38][0m   Iteration 4/10 (354/680 total)...
[1;33m[19:23:38][0m     → UNKNOWN
[0;34m[19:23:38][0m   Iteration 5/10 (355/680 total)...
[1;33m[19:23:39][0m     → UNKNOWN
[0;34m[19:23:39][0m   Iteration 6/10 (356/680 total)...
[1;33m[19:23:39][0m     → UNKNOWN
[0;34m[19:23:39][0m   Iteration 7/10 (357/680 total)...
[1;33m[19:23:39][0m     → UNKNOWN
[0;34m[19:23:39][0m   Iteration 8/10 (358/680 total)...
[1;33m[19:23:39][0m     → UNKNOWN
[0;34m[19:23:39][0m   Iteration 9/10 (359/680 total)...
[1;33m[19:23:40][0m     → UNKNOWN
[0;34m[19:23:40][0m   Iteration 10/10 (360/680 total)...
[1;33m[19:23:40][0m     → UNKNOWN
[0;34m[19:23:40][0m [37/68] Rust / orion / rust_libraries::orion::orion_auth_constant_time
[0;34m[19:23:40][0m   Iteration 1/10 (361/680 total)...
[1;33m[19:23:40][0m     → UNKNOWN
[0;34m[19:23:40][0m   Iteration 2/10 (362/680 total)...
[1;33m[19:23:40][0m     → UNKNOWN
[0;34m[19:23:40][0m   Iteration 3/10 (363/680 total)...
[1;33m[19:23:40][0m     → UNKNOWN
[0;34m[19:23:40][0m   Iteration 4/10 (364/680 total)...
[1;33m[19:23:41][0m     → UNKNOWN
[0;34m[19:23:41][0m   Iteration 5/10 (365/680 total)...
[1;33m[19:23:41][0m     → UNKNOWN
[0;34m[19:23:41][0m   Iteration 6/10 (366/680 total)...
[1;33m[19:23:41][0m     → UNKNOWN
[0;34m[19:23:41][0m   Iteration 7/10 (367/680 total)...
[1;33m[19:23:41][0m     → UNKNOWN
[0;34m[19:23:41][0m   Iteration 8/10 (368/680 total)...
[1;33m[19:23:42][0m     → UNKNOWN
[0;34m[19:23:42][0m   Iteration 9/10 (369/680 total)...
[1;33m[19:23:42][0m     → UNKNOWN
[0;34m[19:23:42][0m   Iteration 10/10 (370/680 total)...
[1;33m[19:23:42][0m     → UNKNOWN
[0;34m[19:23:42][0m [38/68] Rust / orion / rust_libraries::orion::orion_auth_hamming_weight
[0;34m[19:23:42][0m   Iteration 1/10 (371/680 total)...
[1;33m[19:23:42][0m     → UNKNOWN
[0;34m[19:23:42][0m   Iteration 2/10 (372/680 total)...
[1;33m[19:23:42][0m     → UNKNOWN
[0;34m[19:23:42][0m   Iteration 3/10 (373/680 total)...
[1;33m[19:23:43][0m     → UNKNOWN
[0;34m[19:23:43][0m   Iteration 4/10 (374/680 total)...
[1;33m[19:23:43][0m     → UNKNOWN
[0;34m[19:23:43][0m   Iteration 5/10 (375/680 total)...
[1;33m[19:23:43][0m     → UNKNOWN
[0;34m[19:23:43][0m   Iteration 6/10 (376/680 total)...
[1;33m[19:23:43][0m     → UNKNOWN
[0;34m[19:23:43][0m   Iteration 7/10 (377/680 total)...
[1;33m[19:23:43][0m     → UNKNOWN
[0;34m[19:23:43][0m   Iteration 8/10 (378/680 total)...
[1;33m[19:23:44][0m     → UNKNOWN
[0;34m[19:23:44][0m   Iteration 9/10 (379/680 total)...
[1;33m[19:23:44][0m     → UNKNOWN
[0;34m[19:23:44][0m   Iteration 10/10 (380/680 total)...
[1;33m[19:23:44][0m     → UNKNOWN
[0;34m[19:23:44][0m [39/68] Rust / orion / rust_libraries::orion::orion_hash_constant_time
[0;34m[19:23:44][0m   Iteration 1/10 (381/680 total)...
[1;33m[19:23:44][0m     → UNKNOWN
[0;34m[19:23:44][0m   Iteration 2/10 (382/680 total)...
[1;33m[19:23:45][0m     → UNKNOWN
[0;34m[19:23:45][0m   Iteration 3/10 (383/680 total)...
[1;33m[19:23:45][0m     → UNKNOWN
[0;34m[19:23:45][0m   Iteration 4/10 (384/680 total)...
[1;33m[19:23:45][0m     → UNKNOWN
[0;34m[19:23:45][0m   Iteration 5/10 (385/680 total)...
[1;33m[19:23:45][0m     → UNKNOWN
[0;34m[19:23:45][0m   Iteration 6/10 (386/680 total)...
[1;33m[19:23:45][0m     → UNKNOWN
[0;34m[19:23:45][0m   Iteration 7/10 (387/680 total)...
[1;33m[19:23:46][0m     → UNKNOWN
[0;34m[19:23:46][0m   Iteration 8/10 (388/680 total)...
[1;33m[19:23:46][0m     → UNKNOWN
[0;34m[19:23:46][0m   Iteration 9/10 (389/680 total)...
[1;33m[19:23:46][0m     → UNKNOWN
[0;34m[19:23:46][0m   Iteration 10/10 (390/680 total)...
[1;33m[19:23:46][0m     → UNKNOWN
[0;34m[19:23:46][0m [40/68] Rust / orion / rust_libraries::orion::orion_hash_hamming_weight
[0;34m[19:23:46][0m   Iteration 1/10 (391/680 total)...
[1;33m[19:23:46][0m     → UNKNOWN
[0;34m[19:23:46][0m   Iteration 2/10 (392/680 total)...
[1;33m[19:23:47][0m     → UNKNOWN
[0;34m[19:23:47][0m   Iteration 3/10 (393/680 total)...
[1;33m[19:23:47][0m     → UNKNOWN
[0;34m[19:23:47][0m   Iteration 4/10 (394/680 total)...
[1;33m[19:23:47][0m     → UNKNOWN
[0;34m[19:23:47][0m   Iteration 5/10 (395/680 total)...
[1;33m[19:23:47][0m     → UNKNOWN
[0;34m[19:23:47][0m   Iteration 6/10 (396/680 total)...
[1;33m[19:23:48][0m     → UNKNOWN
[0;34m[19:23:48][0m   Iteration 7/10 (397/680 total)...
[1;33m[19:23:48][0m     → UNKNOWN
[0;34m[19:23:48][0m   Iteration 8/10 (398/680 total)...
[1;33m[19:23:48][0m     → UNKNOWN
[0;34m[19:23:48][0m   Iteration 9/10 (399/680 total)...
[1;33m[19:23:48][0m     → UNKNOWN
[0;34m[19:23:48][0m   Iteration 10/10 (400/680 total)...
[1;33m[19:23:48][0m     → UNKNOWN
[0;34m[19:23:48][0m [41/68] Rust / orion / rust_libraries::orion::orion_pwhash_constant_time
[0;34m[19:23:48][0m   Iteration 1/10 (401/680 total)...
[1;33m[19:56:26][0m     → UNKNOWN
[0;34m[19:56:26][0m   Iteration 2/10 (402/680 total)...
[1;33m[20:29:26][0m     → UNKNOWN
[0;34m[20:29:26][0m   Iteration 3/10 (403/680 total)...
[1;33m[21:02:22][0m     → UNKNOWN
[0;34m[21:02:22][0m   Iteration 4/10 (404/680 total)...
[1;33m[21:30:52][0m     → UNKNOWN
[0;34m[21:30:52][0m   Iteration 5/10 (405/680 total)...
