This is pdfTeX, Version 3.141592653-2.6-1.40.27 (TeX Live 2025/nixos.org) (preloaded format=pdflatex 1980.1.1)  3 FEB 2026 19:16
entering extended mode
 restricted \write18 enabled.
 %&-line parsing enabled.
**paper.tex
(./paper.tex
LaTeX2e <2025-06-01> patch level 1
L3 programming layer <2025-06-09>

(/nix/store/hj0ssih8ziaswhnf1rwha1lr9kc80z7f-texlive-combined-full-2025.2025070
3-texmfdist/tex/latex/base/article.cls
Document Class: article 2025/01/22 v1.4n Standard LaTeX document class

(/nix/store/hj0ssih8ziaswhnf1rwha1lr9kc80z7f-texlive-combined-full-2025.2025070
3-texmfdist/tex/latex/base/size10.clo
File: size10.clo 2025/01/22 v1.4n Standard LaTeX file (size option)
)
\c@part=\count275
\c@section=\count276
\c@subsection=\count277
\c@subsubsection=\count278
\c@paragraph=\count279
\c@subparagraph=\count280
\c@figure=\count281
\c@table=\count282
\abovecaptionskip=\skip49
\belowcaptionskip=\skip50
\bibindent=\dimen148
) (./usenix.sty
(/nix/store/hj0ssih8ziaswhnf1rwha1lr9kc80z7f-texlive-combined-full-2025.2025070
3-texmfdist/tex/latex/psnfss/mathptmx.sty
Package: mathptmx 2020/03/25 PSNFSS-v9.3 Times w/ Math, improved (SPQR, WaS) 
LaTeX Font Info:    Redeclaring symbol font `operators' on input line 28.
LaTeX Font Info:    Overwriting symbol font `operators' in version `normal'
(Font)                  OT1/cmr/m/n --> OT1/ztmcm/m/n on input line 28.
LaTeX Font Info:    Overwriting symbol font `operators' in version `bold'
(Font)                  OT1/cmr/bx/n --> OT1/ztmcm/m/n on input line 28.
LaTeX Font Info:    Redeclaring symbol font `letters' on input line 29.
LaTeX Font Info:    Overwriting symbol font `letters' in version `normal'
(Font)                  OML/cmm/m/it --> OML/ztmcm/m/it on input line 29.
LaTeX Font Info:    Overwriting symbol font `letters' in version `bold'
(Font)                  OML/cmm/b/it --> OML/ztmcm/m/it on input line 29.
LaTeX Font Info:    Redeclaring symbol font `symbols' on input line 30.
LaTeX Font Info:    Overwriting symbol font `symbols' in version `normal'
(Font)                  OMS/cmsy/m/n --> OMS/ztmcm/m/n on input line 30.
LaTeX Font Info:    Overwriting symbol font `symbols' in version `bold'
(Font)                  OMS/cmsy/b/n --> OMS/ztmcm/m/n on input line 30.
LaTeX Font Info:    Redeclaring symbol font `largesymbols' on input line 31.
LaTeX Font Info:    Overwriting symbol font `largesymbols' in version `normal'
(Font)                  OMX/cmex/m/n --> OMX/ztmcm/m/n on input line 31.
LaTeX Font Info:    Overwriting symbol font `largesymbols' in version `bold'
(Font)                  OMX/cmex/m/n --> OMX/ztmcm/m/n on input line 31.
\symbold=\mathgroup4
\symitalic=\mathgroup5
LaTeX Font Info:    Redeclaring math alphabet \mathbf on input line 34.
LaTeX Font Info:    Overwriting math alphabet `\mathbf' in version `normal'
(Font)                  OT1/cmr/bx/n --> OT1/ptm/bx/n on input line 34.
LaTeX Font Info:    Overwriting math alphabet `\mathbf' in version `bold'
(Font)                  OT1/cmr/bx/n --> OT1/ptm/bx/n on input line 34.
LaTeX Font Info:    Redeclaring math alphabet \mathit on input line 35.
LaTeX Font Info:    Overwriting math alphabet `\mathit' in version `normal'
(Font)                  OT1/cmr/m/it --> OT1/ptm/m/it on input line 35.
LaTeX Font Info:    Overwriting math alphabet `\mathit' in version `bold'
(Font)                  OT1/cmr/bx/it --> OT1/ptm/m/it on input line 35.
LaTeX Info: Redefining \hbar on input line 50.
)
(/nix/store/hj0ssih8ziaswhnf1rwha1lr9kc80z7f-texlive-combined-full-2025.2025070
3-texmfdist/tex/latex/base/fontenc.sty
Package: fontenc 2024/12/21 v2.1c Standard LaTeX package
LaTeX Font Info:    Trying to load font information for T1+ptm on input line 11
6.

(/nix/store/hj0ssih8ziaswhnf1rwha1lr9kc80z7f-texlive-combined-full-2025.2025070
3-texmfdist/tex/latex/psnfss/t1ptm.fd
File: t1ptm.fd 2001/06/04 font definitions for T1/ptm.
))
(/nix/store/hj0ssih8ziaswhnf1rwha1lr9kc80z7f-texlive-combined-full-2025.2025070
3-texmfdist/tex/latex/base/inputenc.sty
Package: inputenc 2024/02/08 v1.3d Input encoding file
\inpenc@prehook=\toks17
\inpenc@posthook=\toks18
)
(/nix/store/hj0ssih8ziaswhnf1rwha1lr9kc80z7f-texlive-combined-full-2025.2025070
3-texmfdist/tex/latex/pslatex/pslatex.sty
Package: pslatex 2021/01/13 v1.3 pslatex emulation (DPC)
LaTeX Encoding Info:    Redeclaring text command \textsterling (encoding ?) on 
input line 51.
LaTeX Font Info:    Redeclaring symbol font `operators' on input line 66.
LaTeX Font Info:    Overwriting symbol font `operators' in version `normal'
(Font)                  OT1/ztmcm/m/n --> OT1/ptmcm/m/n on input line 66.
LaTeX Font Info:    Overwriting symbol font `operators' in version `bold'
(Font)                  OT1/ztmcm/m/n --> OT1/ptmcm/m/n on input line 66.
LaTeX Font Info:    Redeclaring symbol font `letters' on input line 67.
LaTeX Font Info:    Overwriting symbol font `letters' in version `normal'
(Font)                  OML/ztmcm/m/it --> OML/ptmcm/m/it on input line 67.
LaTeX Font Info:    Overwriting symbol font `letters' in version `bold'
(Font)                  OML/ztmcm/m/it --> OML/ptmcm/m/it on input line 67.
LaTeX Font Info:    Redeclaring symbol font `symbols' on input line 68.
LaTeX Font Info:    Overwriting symbol font `symbols' in version `normal'
(Font)                  OMS/ztmcm/m/n --> OMS/pzccm/m/n on input line 68.
LaTeX Font Info:    Overwriting symbol font `symbols' in version `bold'
(Font)                  OMS/ztmcm/m/n --> OMS/pzccm/m/n on input line 68.
LaTeX Font Info:    Redeclaring symbol font `largesymbols' on input line 69.
LaTeX Font Info:    Overwriting symbol font `largesymbols' in version `normal'
(Font)                  OMX/ztmcm/m/n --> OMX/psycm/m/n on input line 69.
LaTeX Font Info:    Overwriting symbol font `largesymbols' in version `bold'
(Font)                  OMX/ztmcm/m/n --> OMX/psycm/m/n on input line 69.
LaTeX Font Info:    Redeclaring symbol font `bold' on input line 70.
LaTeX Font Info:    Overwriting symbol font `bold' in version `normal'
(Font)                  OT1/ptm/bx/n --> OT1/ptm/bx/n on input line 70.
LaTeX Font Info:    Overwriting symbol font `bold' in version `bold'
(Font)                  OT1/ptm/bx/n --> OT1/ptm/bx/n on input line 70.
LaTeX Font Info:    Redeclaring symbol font `italic' on input line 71.
LaTeX Font Info:    Overwriting symbol font `italic' in version `normal'
(Font)                  OT1/ptm/m/it --> OT1/ptm/m/it on input line 71.
LaTeX Font Info:    Overwriting symbol font `italic' in version `bold'
(Font)                  OT1/ptm/m/it --> OT1/ptm/m/it on input line 71.
LaTeX Font Info:    Redeclaring math alphabet \mathbf on input line 75.
LaTeX Font Info:    Overwriting math alphabet `\mathbf' in version `normal'
(Font)                  OT1/ptm/bx/n --> OT1/ptm/bx/n on input line 75.
LaTeX Font Info:    Overwriting math alphabet `\mathbf' in version `bold'
(Font)                  OT1/ptm/bx/n --> OT1/ptm/bx/n on input line 75.
LaTeX Font Info:    Redeclaring math alphabet \mathit on input line 76.
LaTeX Font Info:    Overwriting math alphabet `\mathit' in version `normal'
(Font)                  OT1/ptm/m/it --> OT1/ptm/m/it on input line 76.
LaTeX Font Info:    Overwriting math alphabet `\mathit' in version `bold'
(Font)                  OT1/ptm/m/it --> OT1/ptm/m/it on input line 76.
LaTeX Font Info:    Redeclaring math symbol \omicron on input line 80.
)
(/nix/store/hj0ssih8ziaswhnf1rwha1lr9kc80z7f-texlive-combined-full-2025.2025070
3-texmfdist/tex/latex/microtype/microtype.sty
Package: microtype 2025/02/11 v3.2a Micro-typographical refinements (RS)

(/nix/store/hj0ssih8ziaswhnf1rwha1lr9kc80z7f-texlive-combined-full-2025.2025070
3-texmfdist/tex/latex/graphics/keyval.sty
Package: keyval 2022/05/29 v1.15 key=value parser (DPC)
\KV@toks@=\toks19
)
(/nix/store/hj0ssih8ziaswhnf1rwha1lr9kc80z7f-texlive-combined-full-2025.2025070
3-texmfdist/tex/latex/etoolbox/etoolbox.sty
Package: etoolbox 2025/02/11 v2.5l e-TeX tools for LaTeX (JAW)
\etb@tempcnta=\count283
)
\MT@toks=\toks20
\MT@tempbox=\box53
\MT@count=\count284
LaTeX Info: Redefining \noprotrusionifhmode on input line 1087.
LaTeX Info: Redefining \leftprotrusion on input line 1088.
\MT@prot@toks=\toks21
LaTeX Info: Redefining \rightprotrusion on input line 1107.
LaTeX Info: Redefining \textls on input line 1449.
\MT@outer@kern=\dimen149
LaTeX Info: Redefining \microtypecontext on input line 2053.
LaTeX Info: Redefining \textmicrotypecontext on input line 2070.
\MT@listname@count=\count285

(/nix/store/hj0ssih8ziaswhnf1rwha1lr9kc80z7f-texlive-combined-full-2025.2025070
3-texmfdist/tex/latex/microtype/microtype-pdftex.def
File: microtype-pdftex.def 2025/02/11 v3.2a Definitions specific to pdftex (RS)

LaTeX Info: Redefining \lsstyle on input line 944.
LaTeX Info: Redefining \lslig on input line 944.
\MT@outer@space=\skip51
)
Package microtype Info: Loading configuration file microtype.cfg.

(/nix/store/hj0ssih8ziaswhnf1rwha1lr9kc80z7f-texlive-combined-full-2025.2025070
3-texmfdist/tex/latex/microtype/microtype.cfg
File: microtype.cfg 2025/02/11 v3.2a microtype main configuration file (RS)
)
LaTeX Info: Redefining \microtypesetup on input line 3065.
)
(/nix/store/hj0ssih8ziaswhnf1rwha1lr9kc80z7f-texlive-combined-full-2025.2025070
3-texmfdist/tex/latex/cite/cite.sty
LaTeX Info: Redefining \cite on input line 302.
LaTeX Info: Redefining \nocite on input line 332.
Package: cite 2015/02/27  v 5.5
)
(/nix/store/hj0ssih8ziaswhnf1rwha1lr9kc80z7f-texlive-combined-full-2025.2025070
3-texmfdist/tex/latex/breakurl/breakurl.sty
Package: breakurl 2013/04/10 v1.40 Breakable hyperref URLs

(/nix/store/hj0ssih8ziaswhnf1rwha1lr9kc80z7f-texlive-combined-full-2025.2025070
3-texmfdist/tex/latex/xkeyval/xkeyval.sty
Package: xkeyval 2022/06/16 v2.9 package option processing (HA)

(/nix/store/hj0ssih8ziaswhnf1rwha1lr9kc80z7f-texlive-combined-full-2025.2025070
3-texmfdist/tex/generic/xkeyval/xkeyval.tex
(/nix/store/hj0ssih8ziaswhnf1rwha1lr9kc80z7f-texlive-combined-full-2025.2025070
3-texmfdist/tex/generic/xkeyval/xkvutils.tex
\XKV@toks=\toks22
\XKV@tempa@toks=\toks23
)
\XKV@depth=\count286
File: xkeyval.tex 2014/12/03 v2.7a key=value parser (HA)
))
(/nix/store/hj0ssih8ziaswhnf1rwha1lr9kc80z7f-texlive-combined-full-2025.2025070
3-texmfdist/tex/generic/iftex/ifpdf.sty
Package: ifpdf 2019/10/25 v3.4 ifpdf legacy package. Use iftex instead.

(/nix/store/hj0ssih8ziaswhnf1rwha1lr9kc80z7f-texlive-combined-full-2025.2025070
3-texmfdist/tex/generic/iftex/iftex.sty
Package: iftex 2024/12/12 v1.0g TeX engine tests
))

Package breakurl Warning: You are using breakurl while processing via pdflatex.

(breakurl)                \burl will be just a synonym of \url.
(breakurl)                 on input line 48.

)
(/nix/store/hj0ssih8ziaswhnf1rwha1lr9kc80z7f-texlive-combined-full-2025.2025070
3-texmfdist/tex/latex/url/url.sty
\Urlmuskip=\muskip17
Package: url 2013/09/16  ver 3.4  Verb mode for urls, etc.
)
(/nix/store/hj0ssih8ziaswhnf1rwha1lr9kc80z7f-texlive-combined-full-2025.2025070
3-texmfdist/tex/latex/xcolor/xcolor.sty
Package: xcolor 2024/09/29 v3.02 LaTeX color extensions (UK)

(/nix/store/hj0ssih8ziaswhnf1rwha1lr9kc80z7f-texlive-combined-full-2025.2025070
3-texmfdist/tex/latex/graphics-cfg/color.cfg
File: color.cfg 2016/01/02 v1.6 sample color configuration
)
Package xcolor Info: Driver file: pdftex.def on input line 274.

(/nix/store/hj0ssih8ziaswhnf1rwha1lr9kc80z7f-texlive-combined-full-2025.2025070
3-texmfdist/tex/latex/graphics-def/pdftex.def
File: pdftex.def 2024/04/13 v1.2c Graphics/color driver for pdftex
)
(/nix/store/hj0ssih8ziaswhnf1rwha1lr9kc80z7f-texlive-combined-full-2025.2025070
3-texmfdist/tex/latex/graphics/mathcolor.ltx)
Package xcolor Info: Model `cmy' substituted by `cmy0' on input line 1349.
Package xcolor Info: Model `hsb' substituted by `rgb' on input line 1353.
Package xcolor Info: Model `RGB' extended on input line 1365.
Package xcolor Info: Model `HTML' substituted by `rgb' on input line 1367.
Package xcolor Info: Model `Hsb' substituted by `hsb' on input line 1368.
Package xcolor Info: Model `tHsb' substituted by `hsb' on input line 1369.
Package xcolor Info: Model `HSB' substituted by `hsb' on input line 1370.
Package xcolor Info: Model `Gray' substituted by `gray' on input line 1371.
Package xcolor Info: Model `wave' substituted by `hsb' on input line 1372.
)
(/nix/store/hj0ssih8ziaswhnf1rwha1lr9kc80z7f-texlive-combined-full-2025.2025070
3-texmfdist/tex/latex/hyperref/hyperref.sty
Package: hyperref 2025-06-21 v7.01n Hypertext links for LaTeX

(/nix/store/hj0ssih8ziaswhnf1rwha1lr9kc80z7f-texlive-combined-full-2025.2025070
3-texmfdist/tex/latex/kvsetkeys/kvsetkeys.sty
Package: kvsetkeys 2022-10-05 v1.19 Key value parser (HO)
)
(/nix/store/hj0ssih8ziaswhnf1rwha1lr9kc80z7f-texlive-combined-full-2025.2025070
3-texmfdist/tex/generic/kvdefinekeys/kvdefinekeys.sty
Package: kvdefinekeys 2019-12-19 v1.6 Define keys (HO)
)
(/nix/store/hj0ssih8ziaswhnf1rwha1lr9kc80z7f-texlive-combined-full-2025.2025070
3-texmfdist/tex/generic/pdfescape/pdfescape.sty
Package: pdfescape 2019/12/09 v1.15 Implements pdfTeX's escape features (HO)

(/nix/store/hj0ssih8ziaswhnf1rwha1lr9kc80z7f-texlive-combined-full-2025.2025070
3-texmfdist/tex/generic/ltxcmds/ltxcmds.sty
Package: ltxcmds 2023-12-04 v1.26 LaTeX kernel commands for general use (HO)
)
(/nix/store/hj0ssih8ziaswhnf1rwha1lr9kc80z7f-texlive-combined-full-2025.2025070
3-texmfdist/tex/generic/pdftexcmds/pdftexcmds.sty
Package: pdftexcmds 2020-06-27 v0.33 Utility functions of pdfTeX for LuaTeX (HO
)

(/nix/store/hj0ssih8ziaswhnf1rwha1lr9kc80z7f-texlive-combined-full-2025.2025070
3-texmfdist/tex/generic/infwarerr/infwarerr.sty
Package: infwarerr 2019/12/03 v1.5 Providing info/warning/error messages (HO)
)
Package pdftexcmds Info: \pdf@primitive is available.
Package pdftexcmds Info: \pdf@ifprimitive is available.
Package pdftexcmds Info: \pdfdraftmode found.
))
(/nix/store/hj0ssih8ziaswhnf1rwha1lr9kc80z7f-texlive-combined-full-2025.2025070
3-texmfdist/tex/latex/hycolor/hycolor.sty
Package: hycolor 2020-01-27 v1.10 Color options for hyperref/bookmark (HO)
)
(/nix/store/hj0ssih8ziaswhnf1rwha1lr9kc80z7f-texlive-combined-full-2025.2025070
3-texmfdist/tex/latex/hyperref/nameref.sty
Package: nameref 2025-06-21 v2.57 Cross-referencing by name of section

(/nix/store/hj0ssih8ziaswhnf1rwha1lr9kc80z7f-texlive-combined-full-2025.2025070
3-texmfdist/tex/latex/refcount/refcount.sty
Package: refcount 2019/12/15 v3.6 Data extraction from label references (HO)
)
(/nix/store/hj0ssih8ziaswhnf1rwha1lr9kc80z7f-texlive-combined-full-2025.2025070
3-texmfdist/tex/generic/gettitlestring/gettitlestring.sty
Package: gettitlestring 2019/12/15 v1.6 Cleanup title references (HO)

(/nix/store/hj0ssih8ziaswhnf1rwha1lr9kc80z7f-texlive-combined-full-2025.2025070
3-texmfdist/tex/latex/kvoptions/kvoptions.sty
Package: kvoptions 2022-06-15 v3.15 Key value format for package options (HO)
))
\c@section@level=\count287
)
(/nix/store/hj0ssih8ziaswhnf1rwha1lr9kc80z7f-texlive-combined-full-2025.2025070
3-texmfdist/tex/generic/stringenc/stringenc.sty
Package: stringenc 2019/11/29 v1.12 Convert strings between diff. encodings (HO
)
)
\@linkdim=\dimen150
\Hy@linkcounter=\count288
\Hy@pagecounter=\count289

(/nix/store/hj0ssih8ziaswhnf1rwha1lr9kc80z7f-texlive-combined-full-2025.2025070
3-texmfdist/tex/latex/hyperref/pd1enc.def
File: pd1enc.def 2025-06-21 v7.01n Hyperref: PDFDocEncoding definition (HO)
Now handling font encoding PD1 ...
... no UTF-8 mapping file for font encoding PD1
)
(/nix/store/hj0ssih8ziaswhnf1rwha1lr9kc80z7f-texlive-combined-full-2025.2025070
3-texmfdist/tex/generic/intcalc/intcalc.sty
Package: intcalc 2019/12/15 v1.3 Expandable calculations with integers (HO)
)
\Hy@SavedSpaceFactor=\count290

(/nix/store/hj0ssih8ziaswhnf1rwha1lr9kc80z7f-texlive-combined-full-2025.2025070
3-texmfdist/tex/latex/hyperref/puenc.def
File: puenc.def 2025-06-21 v7.01n Hyperref: PDF Unicode definition (HO)
Now handling font encoding PU ...
... no UTF-8 mapping file for font encoding PU
)
Package hyperref Info: Hyper figures OFF on input line 4181.
Package hyperref Info: Link nesting OFF on input line 4186.
Package hyperref Info: Hyper index ON on input line 4189.
Package hyperref Info: Plain pages OFF on input line 4196.
Package hyperref Info: Backreferencing OFF on input line 4201.
Package hyperref Info: Implicit mode ON; LaTeX internals redefined.
Package hyperref Info: Bookmarks ON on input line 4448.
\c@Hy@tempcnt=\count291
LaTeX Info: Redefining \url on input line 4787.
\XeTeXLinkMargin=\dimen151

(/nix/store/hj0ssih8ziaswhnf1rwha1lr9kc80z7f-texlive-combined-full-2025.2025070
3-texmfdist/tex/generic/bitset/bitset.sty
Package: bitset 2019/12/09 v1.3 Handle bit-vector datatype (HO)

(/nix/store/hj0ssih8ziaswhnf1rwha1lr9kc80z7f-texlive-combined-full-2025.2025070
3-texmfdist/tex/generic/bigintcalc/bigintcalc.sty
Package: bigintcalc 2019/12/15 v1.5 Expandable calculations on big integers (HO
)
))
\Fld@menulength=\count292
\Field@Width=\dimen152
\Fld@charsize=\dimen153
Package hyperref Info: Hyper figures OFF on input line 6066.
Package hyperref Info: Link nesting OFF on input line 6071.
Package hyperref Info: Hyper index ON on input line 6074.
Package hyperref Info: backreferencing OFF on input line 6081.
Package hyperref Info: Link coloring OFF on input line 6086.
Package hyperref Info: Link coloring with OCG OFF on input line 6091.
Package hyperref Info: PDF/A mode OFF on input line 6096.
\Hy@abspage=\count293
\c@Item=\count294
\c@Hfootnote=\count295
)
Package hyperref Info: Driver (autodetected): hpdftex.

(/nix/store/hj0ssih8ziaswhnf1rwha1lr9kc80z7f-texlive-combined-full-2025.2025070
3-texmfdist/tex/latex/hyperref/hpdftex.def
File: hpdftex.def 2025-06-21 v7.01n Hyperref driver for pdfTeX
\Fld@listcount=\count296
\c@bookmark@seq@number=\count297

(/nix/store/hj0ssih8ziaswhnf1rwha1lr9kc80z7f-texlive-combined-full-2025.2025070
3-texmfdist/tex/latex/rerunfilecheck/rerunfilecheck.sty
Package: rerunfilecheck 2025-06-21 v1.11 Rerun checks for auxiliary files (HO)

(/nix/store/hj0ssih8ziaswhnf1rwha1lr9kc80z7f-texlive-combined-full-2025.2025070
3-texmfdist/tex/generic/uniquecounter/uniquecounter.sty
Package: uniquecounter 2019/12/15 v1.4 Provide unlimited unique counter (HO)
)
Package uniquecounter Info: New unique counter `rerunfilecheck' on input line 2
84.
)
\Hy@SectionHShift=\skip52
)
Package hyperref Info: Option `colorlinks' set `true' on input line 50.
)
(/nix/store/hj0ssih8ziaswhnf1rwha1lr9kc80z7f-texlive-combined-full-2025.2025070
3-texmfdist/tex/latex/pgf/frontendlayer/tikz.sty
(/nix/store/hj0ssih8ziaswhnf1rwha1lr9kc80z7f-texlive-combined-full-2025.2025070
3-texmfdist/tex/latex/pgf/basiclayer/pgf.sty
(/nix/store/hj0ssih8ziaswhnf1rwha1lr9kc80z7f-texlive-combined-full-2025.2025070
3-texmfdist/tex/latex/pgf/utilities/pgfrcs.sty
(/nix/store/hj0ssih8ziaswhnf1rwha1lr9kc80z7f-texlive-combined-full-2025.2025070
3-texmfdist/tex/generic/pgf/utilities/pgfutil-common.tex
\pgfutil@everybye=\toks24
\pgfutil@tempdima=\dimen154
\pgfutil@tempdimb=\dimen155
)
(/nix/store/hj0ssih8ziaswhnf1rwha1lr9kc80z7f-texlive-combined-full-2025.2025070
3-texmfdist/tex/generic/pgf/utilities/pgfutil-latex.def
\pgfutil@abb=\box54
)
(/nix/store/hj0ssih8ziaswhnf1rwha1lr9kc80z7f-texlive-combined-full-2025.2025070
3-texmfdist/tex/generic/pgf/utilities/pgfrcs.code.tex
(/nix/store/hj0ssih8ziaswhnf1rwha1lr9kc80z7f-texlive-combined-full-2025.2025070
3-texmfdist/tex/generic/pgf/pgf.revision.tex)
Package: pgfrcs 2023-01-15 v3.1.10 (3.1.10)
))
Package: pgf 2023-01-15 v3.1.10 (3.1.10)

(/nix/store/hj0ssih8ziaswhnf1rwha1lr9kc80z7f-texlive-combined-full-2025.2025070
3-texmfdist/tex/latex/pgf/basiclayer/pgfcore.sty
(/nix/store/hj0ssih8ziaswhnf1rwha1lr9kc80z7f-texlive-combined-full-2025.2025070
3-texmfdist/tex/latex/graphics/graphicx.sty
Package: graphicx 2024/12/31 v1.2e Enhanced LaTeX Graphics (DPC,SPQR)

(/nix/store/hj0ssih8ziaswhnf1rwha1lr9kc80z7f-texlive-combined-full-2025.2025070
3-texmfdist/tex/latex/graphics/graphics.sty
Package: graphics 2024/08/06 v1.4g Standard LaTeX Graphics (DPC,SPQR)

(/nix/store/hj0ssih8ziaswhnf1rwha1lr9kc80z7f-texlive-combined-full-2025.2025070
3-texmfdist/tex/latex/graphics/trig.sty
Package: trig 2023/12/02 v1.11 sin cos tan (DPC)
)
(/nix/store/hj0ssih8ziaswhnf1rwha1lr9kc80z7f-texlive-combined-full-2025.2025070
3-texmfdist/tex/latex/graphics-cfg/graphics.cfg
File: graphics.cfg 2016/06/04 v1.11 sample graphics configuration
)
Package graphics Info: Driver file: pdftex.def on input line 106.
)
\Gin@req@height=\dimen156
\Gin@req@width=\dimen157
)
(/nix/store/hj0ssih8ziaswhnf1rwha1lr9kc80z7f-texlive-combined-full-2025.2025070
3-texmfdist/tex/latex/pgf/systemlayer/pgfsys.sty
(/nix/store/hj0ssih8ziaswhnf1rwha1lr9kc80z7f-texlive-combined-full-2025.2025070
3-texmfdist/tex/generic/pgf/systemlayer/pgfsys.code.tex
Package: pgfsys 2023-01-15 v3.1.10 (3.1.10)

(/nix/store/hj0ssih8ziaswhnf1rwha1lr9kc80z7f-texlive-combined-full-2025.2025070
3-texmfdist/tex/generic/pgf/utilities/pgfkeys.code.tex
\pgfkeys@pathtoks=\toks25
\pgfkeys@temptoks=\toks26

(/nix/store/hj0ssih8ziaswhnf1rwha1lr9kc80z7f-texlive-combined-full-2025.2025070
3-texmfdist/tex/generic/pgf/utilities/pgfkeyslibraryfiltered.code.tex
\pgfkeys@tmptoks=\toks27
))
\pgf@x=\dimen158
\pgf@y=\dimen159
\pgf@xa=\dimen160
\pgf@ya=\dimen161
\pgf@xb=\dimen162
\pgf@yb=\dimen163
\pgf@xc=\dimen164
\pgf@yc=\dimen165
\pgf@xd=\dimen166
\pgf@yd=\dimen167
\w@pgf@writea=\write3
\r@pgf@reada=\read2
\c@pgf@counta=\count298
\c@pgf@countb=\count299
\c@pgf@countc=\count300
\c@pgf@countd=\count301
\t@pgf@toka=\toks28
\t@pgf@tokb=\toks29
\t@pgf@tokc=\toks30
\pgf@sys@id@count=\count302

(/nix/store/hj0ssih8ziaswhnf1rwha1lr9kc80z7f-texlive-combined-full-2025.2025070
3-texmfdist/tex/generic/pgf/systemlayer/pgf.cfg
File: pgf.cfg 2023-01-15 v3.1.10 (3.1.10)
)
Driver file for pgf: pgfsys-pdftex.def

(/nix/store/hj0ssih8ziaswhnf1rwha1lr9kc80z7f-texlive-combined-full-2025.2025070
3-texmfdist/tex/generic/pgf/systemlayer/pgfsys-pdftex.def
File: pgfsys-pdftex.def 2023-01-15 v3.1.10 (3.1.10)

(/nix/store/hj0ssih8ziaswhnf1rwha1lr9kc80z7f-texlive-combined-full-2025.2025070
3-texmfdist/tex/generic/pgf/systemlayer/pgfsys-common-pdf.def
File: pgfsys-common-pdf.def 2023-01-15 v3.1.10 (3.1.10)
)))
(/nix/store/hj0ssih8ziaswhnf1rwha1lr9kc80z7f-texlive-combined-full-2025.2025070
3-texmfdist/tex/generic/pgf/systemlayer/pgfsyssoftpath.code.tex
File: pgfsyssoftpath.code.tex 2023-01-15 v3.1.10 (3.1.10)
\pgfsyssoftpath@smallbuffer@items=\count303
\pgfsyssoftpath@bigbuffer@items=\count304
)
(/nix/store/hj0ssih8ziaswhnf1rwha1lr9kc80z7f-texlive-combined-full-2025.2025070
3-texmfdist/tex/generic/pgf/systemlayer/pgfsysprotocol.code.tex
File: pgfsysprotocol.code.tex 2023-01-15 v3.1.10 (3.1.10)
))
(/nix/store/hj0ssih8ziaswhnf1rwha1lr9kc80z7f-texlive-combined-full-2025.2025070
3-texmfdist/tex/generic/pgf/basiclayer/pgfcore.code.tex
Package: pgfcore 2023-01-15 v3.1.10 (3.1.10)

(/nix/store/hj0ssih8ziaswhnf1rwha1lr9kc80z7f-texlive-combined-full-2025.2025070
3-texmfdist/tex/generic/pgf/math/pgfmath.code.tex
(/nix/store/hj0ssih8ziaswhnf1rwha1lr9kc80z7f-texlive-combined-full-2025.2025070
3-texmfdist/tex/generic/pgf/math/pgfmathutil.code.tex)
(/nix/store/hj0ssih8ziaswhnf1rwha1lr9kc80z7f-texlive-combined-full-2025.2025070
3-texmfdist/tex/generic/pgf/math/pgfmathparser.code.tex
\pgfmath@dimen=\dimen168
\pgfmath@count=\count305
\pgfmath@box=\box55
\pgfmath@toks=\toks31
\pgfmath@stack@operand=\toks32
\pgfmath@stack@operation=\toks33
)
(/nix/store/hj0ssih8ziaswhnf1rwha1lr9kc80z7f-texlive-combined-full-2025.2025070
3-texmfdist/tex/generic/pgf/math/pgfmathfunctions.code.tex)
(/nix/store/hj0ssih8ziaswhnf1rwha1lr9kc80z7f-texlive-combined-full-2025.2025070
3-texmfdist/tex/generic/pgf/math/pgfmathfunctions.basic.code.tex)
(/nix/store/hj0ssih8ziaswhnf1rwha1lr9kc80z7f-texlive-combined-full-2025.2025070
3-texmfdist/tex/generic/pgf/math/pgfmathfunctions.trigonometric.code.tex)
(/nix/store/hj0ssih8ziaswhnf1rwha1lr9kc80z7f-texlive-combined-full-2025.2025070
3-texmfdist/tex/generic/pgf/math/pgfmathfunctions.random.code.tex)
(/nix/store/hj0ssih8ziaswhnf1rwha1lr9kc80z7f-texlive-combined-full-2025.2025070
3-texmfdist/tex/generic/pgf/math/pgfmathfunctions.comparison.code.tex)
(/nix/store/hj0ssih8ziaswhnf1rwha1lr9kc80z7f-texlive-combined-full-2025.2025070
3-texmfdist/tex/generic/pgf/math/pgfmathfunctions.base.code.tex)
(/nix/store/hj0ssih8ziaswhnf1rwha1lr9kc80z7f-texlive-combined-full-2025.2025070
3-texmfdist/tex/generic/pgf/math/pgfmathfunctions.round.code.tex)
(/nix/store/hj0ssih8ziaswhnf1rwha1lr9kc80z7f-texlive-combined-full-2025.2025070
3-texmfdist/tex/generic/pgf/math/pgfmathfunctions.misc.code.tex)
(/nix/store/hj0ssih8ziaswhnf1rwha1lr9kc80z7f-texlive-combined-full-2025.2025070
3-texmfdist/tex/generic/pgf/math/pgfmathfunctions.integerarithmetics.code.tex)
(/nix/store/hj0ssih8ziaswhnf1rwha1lr9kc80z7f-texlive-combined-full-2025.2025070
3-texmfdist/tex/generic/pgf/math/pgfmathcalc.code.tex)
(/nix/store/hj0ssih8ziaswhnf1rwha1lr9kc80z7f-texlive-combined-full-2025.2025070
3-texmfdist/tex/generic/pgf/math/pgfmathfloat.code.tex
\c@pgfmathroundto@lastzeros=\count306
))
(/nix/store/hj0ssih8ziaswhnf1rwha1lr9kc80z7f-texlive-combined-full-2025.2025070
3-texmfdist/tex/generic/pgf/math/pgfint.code.tex)
(/nix/store/hj0ssih8ziaswhnf1rwha1lr9kc80z7f-texlive-combined-full-2025.2025070
3-texmfdist/tex/generic/pgf/basiclayer/pgfcorepoints.code.tex
File: pgfcorepoints.code.tex 2023-01-15 v3.1.10 (3.1.10)
\pgf@picminx=\dimen169
\pgf@picmaxx=\dimen170
\pgf@picminy=\dimen171
\pgf@picmaxy=\dimen172
\pgf@pathminx=\dimen173
\pgf@pathmaxx=\dimen174
\pgf@pathminy=\dimen175
\pgf@pathmaxy=\dimen176
\pgf@xx=\dimen177
\pgf@xy=\dimen178
\pgf@yx=\dimen179
\pgf@yy=\dimen180
\pgf@zx=\dimen181
\pgf@zy=\dimen182
)
(/nix/store/hj0ssih8ziaswhnf1rwha1lr9kc80z7f-texlive-combined-full-2025.2025070
3-texmfdist/tex/generic/pgf/basiclayer/pgfcorepathconstruct.code.tex
File: pgfcorepathconstruct.code.tex 2023-01-15 v3.1.10 (3.1.10)
\pgf@path@lastx=\dimen183
\pgf@path@lasty=\dimen184
)
(/nix/store/hj0ssih8ziaswhnf1rwha1lr9kc80z7f-texlive-combined-full-2025.2025070
3-texmfdist/tex/generic/pgf/basiclayer/pgfcorepathusage.code.tex
File: pgfcorepathusage.code.tex 2023-01-15 v3.1.10 (3.1.10)
\pgf@shorten@end@additional=\dimen185
\pgf@shorten@start@additional=\dimen186
)
(/nix/store/hj0ssih8ziaswhnf1rwha1lr9kc80z7f-texlive-combined-full-2025.2025070
3-texmfdist/tex/generic/pgf/basiclayer/pgfcorescopes.code.tex
File: pgfcorescopes.code.tex 2023-01-15 v3.1.10 (3.1.10)
\pgfpic=\box56
\pgf@hbox=\box57
\pgf@layerbox@main=\box58
\pgf@picture@serial@count=\count307
)
(/nix/store/hj0ssih8ziaswhnf1rwha1lr9kc80z7f-texlive-combined-full-2025.2025070
3-texmfdist/tex/generic/pgf/basiclayer/pgfcoregraphicstate.code.tex
File: pgfcoregraphicstate.code.tex 2023-01-15 v3.1.10 (3.1.10)
\pgflinewidth=\dimen187
)
(/nix/store/hj0ssih8ziaswhnf1rwha1lr9kc80z7f-texlive-combined-full-2025.2025070
3-texmfdist/tex/generic/pgf/basiclayer/pgfcoretransformations.code.tex
File: pgfcoretransformations.code.tex 2023-01-15 v3.1.10 (3.1.10)
\pgf@pt@x=\dimen188
\pgf@pt@y=\dimen189
\pgf@pt@temp=\dimen190
)
(/nix/store/hj0ssih8ziaswhnf1rwha1lr9kc80z7f-texlive-combined-full-2025.2025070
3-texmfdist/tex/generic/pgf/basiclayer/pgfcorequick.code.tex
File: pgfcorequick.code.tex 2023-01-15 v3.1.10 (3.1.10)
)
(/nix/store/hj0ssih8ziaswhnf1rwha1lr9kc80z7f-texlive-combined-full-2025.2025070
3-texmfdist/tex/generic/pgf/basiclayer/pgfcoreobjects.code.tex
File: pgfcoreobjects.code.tex 2023-01-15 v3.1.10 (3.1.10)
)
(/nix/store/hj0ssih8ziaswhnf1rwha1lr9kc80z7f-texlive-combined-full-2025.2025070
3-texmfdist/tex/generic/pgf/basiclayer/pgfcorepathprocessing.code.tex
File: pgfcorepathprocessing.code.tex 2023-01-15 v3.1.10 (3.1.10)
)
(/nix/store/hj0ssih8ziaswhnf1rwha1lr9kc80z7f-texlive-combined-full-2025.2025070
3-texmfdist/tex/generic/pgf/basiclayer/pgfcorearrows.code.tex
File: pgfcorearrows.code.tex 2023-01-15 v3.1.10 (3.1.10)
\pgfarrowsep=\dimen191
)
(/nix/store/hj0ssih8ziaswhnf1rwha1lr9kc80z7f-texlive-combined-full-2025.2025070
3-texmfdist/tex/generic/pgf/basiclayer/pgfcoreshade.code.tex
File: pgfcoreshade.code.tex 2023-01-15 v3.1.10 (3.1.10)
\pgf@max=\dimen192
\pgf@sys@shading@range@num=\count308
\pgf@shadingcount=\count309
)
(/nix/store/hj0ssih8ziaswhnf1rwha1lr9kc80z7f-texlive-combined-full-2025.2025070
3-texmfdist/tex/generic/pgf/basiclayer/pgfcoreimage.code.tex
File: pgfcoreimage.code.tex 2023-01-15 v3.1.10 (3.1.10)
)
(/nix/store/hj0ssih8ziaswhnf1rwha1lr9kc80z7f-texlive-combined-full-2025.2025070
3-texmfdist/tex/generic/pgf/basiclayer/pgfcoreexternal.code.tex
File: pgfcoreexternal.code.tex 2023-01-15 v3.1.10 (3.1.10)
\pgfexternal@startupbox=\box59
)
(/nix/store/hj0ssih8ziaswhnf1rwha1lr9kc80z7f-texlive-combined-full-2025.2025070
3-texmfdist/tex/generic/pgf/basiclayer/pgfcorelayers.code.tex
File: pgfcorelayers.code.tex 2023-01-15 v3.1.10 (3.1.10)
)
(/nix/store/hj0ssih8ziaswhnf1rwha1lr9kc80z7f-texlive-combined-full-2025.2025070
3-texmfdist/tex/generic/pgf/basiclayer/pgfcoretransparency.code.tex
File: pgfcoretransparency.code.tex 2023-01-15 v3.1.10 (3.1.10)
)
(/nix/store/hj0ssih8ziaswhnf1rwha1lr9kc80z7f-texlive-combined-full-2025.2025070
3-texmfdist/tex/generic/pgf/basiclayer/pgfcorepatterns.code.tex
File: pgfcorepatterns.code.tex 2023-01-15 v3.1.10 (3.1.10)
)
(/nix/store/hj0ssih8ziaswhnf1rwha1lr9kc80z7f-texlive-combined-full-2025.2025070
3-texmfdist/tex/generic/pgf/basiclayer/pgfcorerdf.code.tex
File: pgfcorerdf.code.tex 2023-01-15 v3.1.10 (3.1.10)
)))
(/nix/store/hj0ssih8ziaswhnf1rwha1lr9kc80z7f-texlive-combined-full-2025.2025070
3-texmfdist/tex/generic/pgf/modules/pgfmoduleshapes.code.tex
File: pgfmoduleshapes.code.tex 2023-01-15 v3.1.10 (3.1.10)
\pgfnodeparttextbox=\box60
)
(/nix/store/hj0ssih8ziaswhnf1rwha1lr9kc80z7f-texlive-combined-full-2025.2025070
3-texmfdist/tex/generic/pgf/modules/pgfmoduleplot.code.tex
File: pgfmoduleplot.code.tex 2023-01-15 v3.1.10 (3.1.10)
)
(/nix/store/hj0ssih8ziaswhnf1rwha1lr9kc80z7f-texlive-combined-full-2025.2025070
3-texmfdist/tex/latex/pgf/compatibility/pgfcomp-version-0-65.sty
Package: pgfcomp-version-0-65 2023-01-15 v3.1.10 (3.1.10)
\pgf@nodesepstart=\dimen193
\pgf@nodesepend=\dimen194
)
(/nix/store/hj0ssih8ziaswhnf1rwha1lr9kc80z7f-texlive-combined-full-2025.2025070
3-texmfdist/tex/latex/pgf/compatibility/pgfcomp-version-1-18.sty
Package: pgfcomp-version-1-18 2023-01-15 v3.1.10 (3.1.10)
))
(/nix/store/hj0ssih8ziaswhnf1rwha1lr9kc80z7f-texlive-combined-full-2025.2025070
3-texmfdist/tex/latex/pgf/utilities/pgffor.sty
(/nix/store/hj0ssih8ziaswhnf1rwha1lr9kc80z7f-texlive-combined-full-2025.2025070
3-texmfdist/tex/latex/pgf/utilities/pgfkeys.sty
(/nix/store/hj0ssih8ziaswhnf1rwha1lr9kc80z7f-texlive-combined-full-2025.2025070
3-texmfdist/tex/generic/pgf/utilities/pgfkeys.code.tex))
(/nix/store/hj0ssih8ziaswhnf1rwha1lr9kc80z7f-texlive-combined-full-2025.2025070
3-texmfdist/tex/latex/pgf/math/pgfmath.sty
(/nix/store/hj0ssih8ziaswhnf1rwha1lr9kc80z7f-texlive-combined-full-2025.2025070
3-texmfdist/tex/generic/pgf/math/pgfmath.code.tex))
(/nix/store/hj0ssih8ziaswhnf1rwha1lr9kc80z7f-texlive-combined-full-2025.2025070
3-texmfdist/tex/generic/pgf/utilities/pgffor.code.tex
Package: pgffor 2023-01-15 v3.1.10 (3.1.10)
\pgffor@iter=\dimen195
\pgffor@skip=\dimen196
\pgffor@stack=\toks34
\pgffor@toks=\toks35
))
(/nix/store/hj0ssih8ziaswhnf1rwha1lr9kc80z7f-texlive-combined-full-2025.2025070
3-texmfdist/tex/generic/pgf/frontendlayer/tikz/tikz.code.tex
Package: tikz 2023-01-15 v3.1.10 (3.1.10)

(/nix/store/hj0ssih8ziaswhnf1rwha1lr9kc80z7f-texlive-combined-full-2025.2025070
3-texmfdist/tex/generic/pgf/libraries/pgflibraryplothandlers.code.tex
File: pgflibraryplothandlers.code.tex 2023-01-15 v3.1.10 (3.1.10)
\pgf@plot@mark@count=\count310
\pgfplotmarksize=\dimen197
)
\tikz@lastx=\dimen198
\tikz@lasty=\dimen199
\tikz@lastxsaved=\dimen256
\tikz@lastysaved=\dimen257
\tikz@lastmovetox=\dimen258
\tikz@lastmovetoy=\dimen259
\tikzleveldistance=\dimen260
\tikzsiblingdistance=\dimen261
\tikz@figbox=\box61
\tikz@figbox@bg=\box62
\tikz@tempbox=\box63
\tikz@tempbox@bg=\box64
\tikztreelevel=\count311
\tikznumberofchildren=\count312
\tikznumberofcurrentchild=\count313
\tikz@fig@count=\count314

(/nix/store/hj0ssih8ziaswhnf1rwha1lr9kc80z7f-texlive-combined-full-2025.2025070
3-texmfdist/tex/generic/pgf/modules/pgfmodulematrix.code.tex
File: pgfmodulematrix.code.tex 2023-01-15 v3.1.10 (3.1.10)
\pgfmatrixcurrentrow=\count315
\pgfmatrixcurrentcolumn=\count316
\pgf@matrix@numberofcolumns=\count317
)
\tikz@expandcount=\count318

(/nix/store/hj0ssih8ziaswhnf1rwha1lr9kc80z7f-texlive-combined-full-2025.2025070
3-texmfdist/tex/generic/pgf/frontendlayer/tikz/libraries/tikzlibrarytopaths.cod
e.tex
File: tikzlibrarytopaths.code.tex 2023-01-15 v3.1.10 (3.1.10)
)))
(/nix/store/hj0ssih8ziaswhnf1rwha1lr9kc80z7f-texlive-combined-full-2025.2025070
3-texmfdist/tex/latex/amsmath/amsmath.sty
Package: amsmath 2025/06/16 v2.17y AMS math features
\@mathmargin=\skip53

For additional information on amsmath, use the `?' option.

(/nix/store/hj0ssih8ziaswhnf1rwha1lr9kc80z7f-texlive-combined-full-2025.2025070
3-texmfdist/tex/latex/amsmath/amstext.sty
Package: amstext 2024/11/17 v2.01 AMS text

(/nix/store/hj0ssih8ziaswhnf1rwha1lr9kc80z7f-texlive-combined-full-2025.2025070
3-texmfdist/tex/latex/amsmath/amsgen.sty
File: amsgen.sty 1999/11/30 v2.0 generic functions
\@emptytoks=\toks36
\ex@=\dimen262
))
(/nix/store/hj0ssih8ziaswhnf1rwha1lr9kc80z7f-texlive-combined-full-2025.2025070
3-texmfdist/tex/latex/amsmath/amsbsy.sty
Package: amsbsy 1999/11/29 v1.2d Bold Symbols
\pmbraise@=\dimen263
)
(/nix/store/hj0ssih8ziaswhnf1rwha1lr9kc80z7f-texlive-combined-full-2025.2025070
3-texmfdist/tex/latex/amsmath/amsopn.sty
Package: amsopn 2022/04/08 v2.04 operator names
)
\inf@bad=\count319
LaTeX Info: Redefining \frac on input line 233.
\uproot@=\count320
\leftroot@=\count321
LaTeX Info: Redefining \overline on input line 398.
LaTeX Info: Redefining \colon on input line 409.
\classnum@=\count322
\DOTSCASE@=\count323
LaTeX Info: Redefining \ldots on input line 495.
LaTeX Info: Redefining \dots on input line 498.
LaTeX Info: Redefining \cdots on input line 619.
\Mathstrutbox@=\box65
\strutbox@=\box66
LaTeX Info: Redefining \big on input line 721.
LaTeX Info: Redefining \Big on input line 722.
LaTeX Info: Redefining \bigg on input line 723.
LaTeX Info: Redefining \Bigg on input line 724.
\big@size=\dimen264
LaTeX Font Info:    Redeclaring font encoding OML on input line 742.
LaTeX Font Info:    Redeclaring font encoding OMS on input line 743.
\macc@depth=\count324
LaTeX Info: Redefining \bmod on input line 904.
LaTeX Info: Redefining \pmod on input line 909.
LaTeX Info: Redefining \smash on input line 939.
LaTeX Info: Redefining \relbar on input line 969.
LaTeX Info: Redefining \Relbar on input line 970.
\c@MaxMatrixCols=\count325
\dotsspace@=\muskip18
\c@parentequation=\count326
\dspbrk@lvl=\count327
\tag@help=\toks37
\row@=\count328
\column@=\count329
\maxfields@=\count330
\andhelp@=\toks38
\eqnshift@=\dimen265
\alignsep@=\dimen266
\tagshift@=\dimen267
\tagwidth@=\dimen268
\totwidth@=\dimen269
\lineht@=\dimen270
\@envbody=\toks39
\multlinegap=\skip54
\multlinetaggap=\skip55
\mathdisplay@stack=\toks40
LaTeX Info: Redefining \[ on input line 2949.
LaTeX Info: Redefining \] on input line 2950.
)
(/nix/store/hj0ssih8ziaswhnf1rwha1lr9kc80z7f-texlive-combined-full-2025.2025070
3-texmfdist/tex/latex/amsfonts/amssymb.sty
Package: amssymb 2013/01/14 v3.01 AMS font symbols

(/nix/store/hj0ssih8ziaswhnf1rwha1lr9kc80z7f-texlive-combined-full-2025.2025070
3-texmfdist/tex/latex/amsfonts/amsfonts.sty
Package: amsfonts 2013/01/14 v3.01 Basic AMSFonts support
\symAMSa=\mathgroup6
\symAMSb=\mathgroup7
LaTeX Font Info:    Overwriting math alphabet `\mathfrak' in version `bold'
(Font)                  U/euf/m/n --> U/euf/b/n on input line 106.
))
(/nix/store/hj0ssih8ziaswhnf1rwha1lr9kc80z7f-texlive-combined-full-2025.2025070
3-texmfdist/tex/latex/booktabs/booktabs.sty
Package: booktabs 2020/01/12 v1.61803398 Publication quality tables
\heavyrulewidth=\dimen271
\lightrulewidth=\dimen272
\cmidrulewidth=\dimen273
\belowrulesep=\dimen274
\belowbottomsep=\dimen275
\aboverulesep=\dimen276
\abovetopsep=\dimen277
\cmidrulesep=\dimen278
\cmidrulekern=\dimen279
\defaultaddspace=\dimen280
\@cmidla=\count331
\@cmidlb=\count332
\@aboverulesep=\dimen281
\@belowrulesep=\dimen282
\@thisruleclass=\count333
\@lastruleclass=\count334
\@thisrulewidth=\dimen283
)
(/nix/store/hj0ssih8ziaswhnf1rwha1lr9kc80z7f-texlive-combined-full-2025.2025070
3-texmfdist/tex/latex/multirow/multirow.sty
Package: multirow 2024/11/12 v2.9 Span multiple rows of a table
\multirow@colwidth=\skip56
\multirow@cntb=\count335
\multirow@dima=\skip57
\bigstrutjot=\dimen284
)
(/nix/store/hj0ssih8ziaswhnf1rwha1lr9kc80z7f-texlive-combined-full-2025.2025070
3-texmfdist/tex/latex/caption/subcaption.sty
Package: subcaption 2023/07/28 v1.6b Sub-captions (AR)

(/nix/store/hj0ssih8ziaswhnf1rwha1lr9kc80z7f-texlive-combined-full-2025.2025070
3-texmfdist/tex/latex/caption/caption.sty
Package: caption 2023/08/05 v3.6o Customizing captions (AR)

(/nix/store/hj0ssih8ziaswhnf1rwha1lr9kc80z7f-texlive-combined-full-2025.2025070
3-texmfdist/tex/latex/caption/caption3.sty
Package: caption3 2023/07/31 v2.4d caption3 kernel (AR)
\caption@tempdima=\dimen285
\captionmargin=\dimen286
\caption@leftmargin=\dimen287
\caption@rightmargin=\dimen288
\caption@width=\dimen289
\caption@indent=\dimen290
\caption@parindent=\dimen291
\caption@hangindent=\dimen292
Package caption Info: Standard document class detected.
)
\c@caption@flags=\count336
\c@continuedfloat=\count337
Package caption Info: hyperref package is loaded.
)
Package caption Info: New subtype `subfigure' on input line 238.
\c@subfigure=\count338
Package caption Info: New subtype `subtable' on input line 238.
\c@subtable=\count339
)
(/nix/store/hj0ssih8ziaswhnf1rwha1lr9kc80z7f-texlive-combined-full-2025.2025070
3-texmfdist/tex/latex/tools/xspace.sty
Package: xspace 2014/10/28 v1.13 Space after command names (DPC,MH)
)
(/nix/store/hj0ssih8ziaswhnf1rwha1lr9kc80z7f-texlive-combined-full-2025.2025070
3-texmfdist/tex/latex/listings/listings.sty
\lst@mode=\count340
\lst@gtempboxa=\box67
\lst@token=\toks41
\lst@length=\count341
\lst@currlwidth=\dimen293
\lst@column=\count342
\lst@pos=\count343
\lst@lostspace=\dimen294
\lst@width=\dimen295
\lst@newlines=\count344
\lst@lineno=\count345
\lst@maxwidth=\dimen296

(/nix/store/hj0ssih8ziaswhnf1rwha1lr9kc80z7f-texlive-combined-full-2025.2025070
3-texmfdist/tex/latex/listings/lstpatch.sty
File: lstpatch.sty 2024/09/23 1.10c (Carsten Heinz)
)
(/nix/store/hj0ssih8ziaswhnf1rwha1lr9kc80z7f-texlive-combined-full-2025.2025070
3-texmfdist/tex/latex/listings/lstmisc.sty
File: lstmisc.sty 2024/09/23 1.10c (Carsten Heinz)
\c@lstnumber=\count346
\lst@skipnumbers=\count347
\lst@framebox=\box68
)
(/nix/store/hj0ssih8ziaswhnf1rwha1lr9kc80z7f-texlive-combined-full-2025.2025070
3-texmfdist/tex/latex/listings/listings.cfg
File: listings.cfg 2024/09/23 1.10c listings configuration
))
Package: listings 2024/09/23 1.10c (Carsten Heinz)

(/nix/store/hj0ssih8ziaswhnf1rwha1lr9kc80z7f-texlive-combined-full-2025.2025070
3-texmfdist/tex/latex/l3backend/l3backend-pdftex.def
File: l3backend-pdftex.def 2025-06-09 L3 backend support: PDF output (pdfTeX)
\l__color_backend_stack_int=\count348
) (./paper.aux)
\openout1 = `paper.aux'.

LaTeX Font Info:    Checking defaults for OML/cmm/m/it on input line 44.
LaTeX Font Info:    ... okay on input line 44.
LaTeX Font Info:    Checking defaults for OMS/pzccm/m/n on input line 44.
LaTeX Font Info:    Trying to load font information for OMS+pzccm on input line
 44.

(/nix/store/hj0ssih8ziaswhnf1rwha1lr9kc80z7f-texlive-combined-full-2025.2025070
3-texmfdist/tex/latex/psnfss/omspzccm.fd
File: omspzccm.fd 2000/01/03 Fontinst v1.801 font definitions for OMS/pzccm.
)
LaTeX Font Info:    ... okay on input line 44.
LaTeX Font Info:    Checking defaults for OT1/cmr/m/n on input line 44.
LaTeX Font Info:    ... okay on input line 44.
LaTeX Font Info:    Checking defaults for T1/cmr/m/n on input line 44.
LaTeX Font Info:    ... okay on input line 44.
LaTeX Font Info:    Checking defaults for TS1/cmr/m/n on input line 44.
LaTeX Font Info:    ... okay on input line 44.
LaTeX Font Info:    Checking defaults for OMX/cmex/m/n on input line 44.
LaTeX Font Info:    ... okay on input line 44.
LaTeX Font Info:    Checking defaults for U/cmr/m/n on input line 44.
LaTeX Font Info:    ... okay on input line 44.
LaTeX Font Info:    Checking defaults for PD1/pdf/m/n on input line 44.
LaTeX Font Info:    ... okay on input line 44.
LaTeX Font Info:    Checking defaults for PU/pdf/m/n on input line 44.
LaTeX Font Info:    ... okay on input line 44.
LaTeX Info: Redefining \microtypecontext on input line 44.
Package microtype Info: Applying patch `item' on input line 44.
Package microtype Info: Applying patch `toc' on input line 44.
Package microtype Info: Applying patch `eqnum' on input line 44.
Package microtype Info: Applying patch `footnote' on input line 44.
Package microtype Info: Applying patch `verbatim' on input line 44.
LaTeX Info: Redefining \microtypesetup on input line 44.
Package microtype Info: Generating PDF output.
Package microtype Info: Character protrusion enabled (level 2).
Package microtype Info: Using default protrusion set `alltext'.
Package microtype Info: Automatic font expansion enabled (level 2),
(microtype)             stretch: 20, shrink: 20, step: 1, non-selected.
Package microtype Info: Using default expansion set `alltext-nott'.


LaTeX Warning: Command \showhyphens   has changed.
               Check if current package is valid.

LaTeX Info: Redefining \showhyphens on input line 44.
Package microtype Info: No adjustment of tracking.
Package microtype Info: Adjustment of interword spacing enabled.
Package microtype Info: Using default spacing set `alltext-nott'.
Package microtype Info: Adjustment of character kerning enabled.
Package microtype Info: Using default kerning set `alltext'.

(/nix/store/hj0ssih8ziaswhnf1rwha1lr9kc80z7f-texlive-combined-full-2025.2025070
3-texmfdist/tex/latex/microtype/mt-ptm.cfg
File: mt-ptm.cfg 2006/04/20 v1.7 microtype config. file: Times (RS)
)

Package microtype Warning: \nonfrenchspacing is active. Adjustment of
(microtype)                interword spacing will disable it. You might want
(microtype)                to add `\microtypecontext{spacing=nonfrench}'
(microtype)                to your preamble.


(/nix/store/hj0ssih8ziaswhnf1rwha1lr9kc80z7f-texlive-combined-full-2025.2025070
3-texmfdist/tex/context/base/mkii/supp-pdf.mkii
[Loading MPS to PDF converter (version 2006.09.02).]
\scratchcounter=\count349
\scratchdimen=\dimen297
\scratchbox=\box69
\nofMPsegments=\count350
\nofMParguments=\count351
\everyMPshowfont=\toks42
\MPscratchCnt=\count352
\MPscratchDim=\dimen298
\MPnumerator=\count353
\makeMPintoPDFobject=\count354
\everyMPtoPDFconversion=\toks43
)
(/nix/store/hj0ssih8ziaswhnf1rwha1lr9kc80z7f-texlive-combined-full-2025.2025070
3-texmfdist/tex/latex/epstopdf-pkg/epstopdf-base.sty
Package: epstopdf-base 2020-01-24 v2.11 Base part for package epstopdf
Package epstopdf-base Info: Redefining graphics rule for `.eps' on input line 4
85.

(/nix/store/hj0ssih8ziaswhnf1rwha1lr9kc80z7f-texlive-combined-full-2025.2025070
3-texmfdist/tex/latex/latexconfig/epstopdf-sys.cfg
File: epstopdf-sys.cfg 2010/07/13 v1.3 Configuration of (r)epstopdf for TeX Liv
e
))
Package hyperref Info: Link coloring ON on input line 44.
 (./paper.out) (./paper.out)
\@outlinefile=\write4
\openout4 = `paper.out'.

Package caption Info: Begin \AtBeginDocument code.
Package caption Info: listings package is loaded.
Package caption Info: End \AtBeginDocument code.
\c@lstlisting=\count355
LaTeX Font Info:    Trying to load font information for OT1+ptmcm on input line
 64.

(/nix/store/hj0ssih8ziaswhnf1rwha1lr9kc80z7f-texlive-combined-full-2025.2025070
3-texmfdist/tex/latex/psnfss/ot1ptmcm.fd
File: ot1ptmcm.fd 2000/01/03 Fontinst v1.801 font definitions for OT1/ptmcm.
)
Package microtype Info: Loading generic protrusion settings for font family
(microtype)             `ptmcm' (encoding: OT1).
(microtype)             For optimal results, create family-specific settings.
(microtype)             See the microtype manual for details.
LaTeX Font Info:    Trying to load font information for OML+ptmcm on input line
 64.

(/nix/store/hj0ssih8ziaswhnf1rwha1lr9kc80z7f-texlive-combined-full-2025.2025070
3-texmfdist/tex/latex/psnfss/omlptmcm.fd
File: omlptmcm.fd 2000/01/03 Fontinst v1.801 font definitions for OML/ptmcm.
)
LaTeX Font Info:    Trying to load font information for OMX+psycm on input line
 64.

(/nix/store/hj0ssih8ziaswhnf1rwha1lr9kc80z7f-texlive-combined-full-2025.2025070
3-texmfdist/tex/latex/psnfss/omxpsycm.fd
File: omxpsycm.fd 2000/01/03 Fontinst v1.801 font definitions for OMX/psycm.
)
LaTeX Font Info:    Font shape `OT1/ptm/bx/n' in size <12> not available
(Font)              Font shape `OT1/ptm/b/n' tried instead on input line 64.
LaTeX Font Info:    Font shape `OT1/ptm/bx/n' in size <9> not available
(Font)              Font shape `OT1/ptm/b/n' tried instead on input line 64.
LaTeX Font Info:    Font shape `OT1/ptm/bx/n' in size <7> not available
(Font)              Font shape `OT1/ptm/b/n' tried instead on input line 64.

(/nix/store/hj0ssih8ziaswhnf1rwha1lr9kc80z7f-texlive-combined-full-2025.2025070
3-texmfdist/tex/latex/microtype/mt-msa.cfg
File: mt-msa.cfg 2006/02/04 v1.1 microtype config. file: AMS symbols (a) (RS)
)
(/nix/store/hj0ssih8ziaswhnf1rwha1lr9kc80z7f-texlive-combined-full-2025.2025070
3-texmfdist/tex/latex/microtype/mt-msb.cfg
File: mt-msb.cfg 2005/06/01 v1.0 microtype config. file: AMS symbols (b) (RS)
)
LaTeX Font Info:    Font shape `OT1/ptm/bx/n' in size <10> not available
(Font)              Font shape `OT1/ptm/b/n' tried instead on input line 84.
LaTeX Font Info:    Font shape `OT1/ptm/bx/n' in size <7.4> not available
(Font)              Font shape `OT1/ptm/b/n' tried instead on input line 84.
LaTeX Font Info:    Font shape `OT1/ptm/bx/n' in size <6> not available
(Font)              Font shape `OT1/ptm/b/n' tried instead on input line 84.



Underfull \hbox (badness 3189) in paragraph at lines 156--160
[]\T1/ptm/b/n/10 (+20) Comprehensive eval-u-a-tion\T1/ptm/m/n/10 (+20) : We eva
l-u-ate \T1/ptm/m/sc/10 (+20) Tacet
 []


Underfull \vbox (badness 10000) has occurred while \output is active []



[1{/nix/store/al92967imxqrblv9sw7z8z9b868285bd-texlive-combined-full-2025.20250
703/share/texmf-var/fonts/map/pdftex/updmap/pdftex.map}{/nix/store/hj0ssih8zias
whnf1rwha1lr9kc80z7f-texlive-combined-full-2025.20250703-texmfdist/fonts/enc/dv
ips/base/8r.enc}


]
Underfull \vbox (badness 10000) has occurred while \output is active []




Overfull \vbox (263.92583pt too high) has occurred while \output is active []



[2]
LaTeX Font Info:    Trying to load font information for TS1+ptm on input line 5
93.

(/nix/store/hj0ssih8ziaswhnf1rwha1lr9kc80z7f-texlive-combined-full-2025.2025070
3-texmfdist/tex/latex/psnfss/ts1ptm.fd
File: ts1ptm.fd 2001/06/04 font definitions for TS1/ptm.
)



[3


]
Package microtype Info: Loading generic protrusion settings for font family
(microtype)             `pcr' (encoding: T1).
(microtype)             For optimal results, create family-specific settings.
(microtype)             See the microtype manual for details.

Underfull \hbox (badness 10000) in paragraph at lines 635--637
[]\T1/ptm/b/n/10 (+20) Specification\T1/ptm/m/n/10 (+20) : In-cluded in repos-i
-tory as
 []


Overfull \hbox (13.32852pt too wide) in paragraph at lines 635--637
\T1/pcr/m/n/10 website/src/content/reference/specification.md 
 []





[4


] (./appendix_methodology.tex
Underfull \hbox (badness 1348) in paragraph at lines 16--18
\T1/ptm/m/n/10 (+20) where $[]$ de-notes the em-pir-i-cal $\OML/ptmcm/m/it/10 p
$\T1/ptm/m/n/10 (+20) -th quan-tile for $\OML/ptmcm/m/it/10 p \OMS/pzccm/m/n/10
 2
 []





[5

]
Underfull \hbox (badness 1681) in paragraph at lines 89--90
\T1/ptm/m/n/10 (+20) to-matic block length se-lec-tion al-go-rithm with a class
-
 []




Overfull \hbox (34.0584pt too wide) detected at line 125
[][][][]\OT1/ptmcm/m/n/10 (\OML/ptmcm/m/it/10 p[]\OMS/pzccm/m/n/10 k\OML/ptmcm/
m/it/10 p[]\OT1/ptmcm/m/n/10 ) = []  []
 []



[6])



[7

] (./paper.bbl

LaTeX Warning: Empty `thebibliography' environment on input line 3.

)



[8


] (./paper.aux)
 ***********
LaTeX2e <2025-06-01> patch level 1
L3 programming layer <2025-06-09>
 ***********
Package rerunfilecheck Info: File `paper.out' has not changed.
(rerunfilecheck)             Checksum: 398ED2161608CFF3CDFDAA84F45AA7A6;5700.
 ) 
Here is how much of TeX's memory you used:
 26602 strings out of 467888
 499292 string characters out of 5405403
 890258 words of memory out of 5000000
 54241 multiletter control sequences out of 15000+600000
 730943 words of font info for 389 fonts, out of 8000000 for 9000
 1141 hyphenation exceptions out of 8191
 102i,15n,131p,1002b,524s stack positions out of 10000i,1000n,20000p,200000b,200000s
</nix/store/hj0ssih8ziaswhnf1rwha1lr9kc80z7f-texlive-combined-full-2025.20250
703-texmfdist/fonts/type1/public/amsfonts/cm/cmex10.pfb></nix/store/hj0ssih8zia
swhnf1rwha1lr9kc80z7f-texlive-combined-full-2025.20250703-texmfdist/fonts/type1
/public/amsfonts/cm/cmmi10.pfb></nix/store/hj0ssih8ziaswhnf1rwha1lr9kc80z7f-tex
live-combined-full-2025.20250703-texmfdist/fonts/type1/public/amsfonts/cm/cmr10
.pfb></nix/store/hj0ssih8ziaswhnf1rwha1lr9kc80z7f-texlive-combined-full-2025.20
250703-texmfdist/fonts/type1/public/amsfonts/cm/cmsy10.pfb></nix/store/hj0ssih8
ziaswhnf1rwha1lr9kc80z7f-texlive-combined-full-2025.20250703-texmfdist/fonts/ty
pe1/public/amsfonts/symbols/msam10.pfb></nix/store/hj0ssih8ziaswhnf1rwha1lr9kc8
0z7f-texlive-combined-full-2025.20250703-texmfdist/fonts/type1/public/amsfonts/
symbols/msbm10.pfb></nix/store/hj0ssih8ziaswhnf1rwha1lr9kc80z7f-texlive-combine
d-full-2025.20250703-texmfdist/fonts/type1/urw/courier/ucrr8a.pfb></nix/store/h
j0ssih8ziaswhnf1rwha1lr9kc80z7f-texlive-combined-full-2025.20250703-texmfdist/f
onts/type1/urw/symbol/usyr.pfb></nix/store/hj0ssih8ziaswhnf1rwha1lr9kc80z7f-tex
live-combined-full-2025.20250703-texmfdist/fonts/type1/urw/times/utmb8a.pfb></n
ix/store/hj0ssih8ziaswhnf1rwha1lr9kc80z7f-texlive-combined-full-2025.20250703-t
exmfdist/fonts/type1/urw/times/utmr8a.pfb></nix/store/hj0ssih8ziaswhnf1rwha1lr9
kc80z7f-texlive-combined-full-2025.20250703-texmfdist/fonts/type1/urw/times/utm
ri8a.pfb></nix/store/hj0ssih8ziaswhnf1rwha1lr9kc80z7f-texlive-combined-full-202
5.20250703-texmfdist/fonts/type1/urw/zapfchan/uzcmi8a.pfb>
Output written on paper.pdf (8 pages, 150165 bytes).
PDF statistics:
 331 PDF objects out of 1000 (max. 8388607)
 294 compressed objects within 3 object streams
 95 named destinations out of 1000 (max. 500000)
 105789 words of extra memory for PDF output out of 106986 (max. 10000000)

